<?xml version="1.0" encoding="UTF-8"?>
<!-- Generated by org.testng.reporters.JUnitReportReporter -->
<testsuite hostname="fv-az1132-563" failures="0" tests="87" name="test.IkmanlkTests" time="2091.231" errors="0" timestamp="2024-11-05T08:05:17 UTC" skipped="0">
  <testcase classname="test.IkmanlkTests" name="testFiltersInComputerAccessoriesPage" time="14.149">
    <system-out>
      <![CDATA[Navigated to Ikman home page.
Selected category: Electronics
Navigated to Computer Accessories category.
Applied ad type filter: Wanted
URL after applying filters: https://ikman.lk/en/ads/sri-lanka/computer-accessories?sort=date&order=desc&buy_now=0&urgent=0&type=to_buy&page=1]]>
    </system-out>
  </testcase> <!-- testFiltersInComputerAccessoriesPage -->
  <testcase classname="test.IkmanlkTests" name="testFiltersInMotorBikesPage" time="29.137">
    <system-out>
      <![CDATA[Navigated to Ikman.lk Home Page
Selected category: Vehicles
Navigated to Motorbikes page
Applied Ad Type filter: For Sale
Set price range filter: min = 15000.0, max = null
Set year of manufacture range: min = 2015.0, max = 2015.0
Set mileage range: min = 5000.0, max = 25000.0
URL after applying filters: https://ikman.lk/en/ads/sri-lanka/motorbikes-scooters/tvs/zest?money.price.minimum=15000&numeric.model_year.minimum=2015&numeric.model_year.maximum=2015&numeric.mileage.minimum=5000&numeric.mileage.maximum=25000&tree.brand=tvs_tvs-zest
Verified minimum price in URL: money.price.minimum=15000
Verified minimum year of manufacture in URL: numeric.model_year.minimum=2015
Verified maximum year of manufacture in URL: numeric.model_year.maximum=2015
Verified minimum mileage in URL: numeric.mileage.minimum=5000
Verified maximum mileage in URL: numeric.mileage.maximum=25000
Verified brand and model in URL: tree.brand=tvs_tvs-zest]]>
    </system-out>
  </testcase> <!-- testFiltersInMotorBikesPage -->
  <testcase classname="test.IkmanlkTests" name="testSortOptions" time="11.176">
    <system-out>
      <![CDATA[Navigated to Ikman home page.
Selected category: Home & Garden
Selected sort option with ID: date_desc
Retrieved selected sort text: Date: Newest on top
Asserting that selected sort text contains expected option text: Date: Newest on top]]>
    </system-out>
  </testcase> <!-- testSortOptions -->
  <testcase classname="test.IkmanlkTests" name="testSearchFunctionality" time="6.552">
    <system-out>
      <![CDATA[Navigated to Ikman.lk home page.
Entered search query: smartphone with 5G
Search result heading contains the search query.
'No results found!' message displayed for query: smartphone with 5g in sri lanka]]>
    </system-out>
  </testcase> <!-- testSearchFunctionality -->
  <testcase classname="test.IkmanlkTests" name="testFiltersInLandForSalePage" time="28.820">
    <system-out>
      <![CDATA[Navigated to Ikman home page.
Selected category: Property
Navigated to Land For Sale category.
Applied ad type filter: For Sale
Applied price range filter: Min = 15000.0, Max = 200000.0
Applied land size filter: Min = 1000.0, Max = 1000.0
URL after applying filters: https://ikman.lk/en/ads/sri-lanka/land-for-sale?money.price.minimum=15000&money.price.maximum=200000&numeric.size.minimum=1000&numeric.size.maximum=1000
Verified that minimum price is present in the URL: money.price.minimum=15000
Verified that maximum price is present in the URL: money.price.maximum=200000
Verified that minimum land size is present in the URL: numeric.size.minimum=1000
Verified that maximum land size is present in the URL: numeric.size.maximum=1000]]>
    </system-out>
  </testcase> <!-- testFiltersInLandForSalePage -->
  <testcase classname="test.IkmanlkTests" name="testFiltersInOtherHomeItemsPage" time="16.949">
    <system-out>
      <![CDATA[Navigated to Ikman.lk Home Page
Selected 'Home & Garden' category
Navigated to 'Other Home Items' page
Selected ad type: For Sale
Set price range from 10000.0 to 50000.0
Selected condition: New
URL after applying filters: https://ikman.lk/en/ads/sri-lanka/other-home-items?money.price.minimum=10000&money.price.maximum=50000&enum.condition=new
Verified min price in URL: money.price.minimum=10000
Verified max price in URL: money.price.maximum=50000
Verified condition in URL: enum.condition=new]]>
    </system-out>
  </testcase> <!-- testFiltersInOtherHomeItemsPage -->
  <testcase classname="test.IkmanlkTests" name="testSortOptions" time="23.107">
    <system-out>
      <![CDATA[Navigated to Ikman home page.
Selected category: Electronics
Selected sort option with ID: date_asc
Retrieved selected sort text: Date: Oldest on top
Asserting that selected sort text contains expected option text: Date: Oldest on top]]>
    </system-out>
  </testcase> <!-- testSortOptions -->
  <testcase classname="test.IkmanlkTests" name="testFiltersInFurniturePage" time="16.033">
    <system-out>
      <![CDATA[Navigated to Ikman.lk Home Page
Selected category: Home & Garden
Navigated to Furniture page
Selected ad type: Wanted
URL after applying filters: https://ikman.lk/en/ads/sri-lanka/furniture?sort=date&order=desc&buy_now=0&urgent=0&type=to_buy&page=1]]>
    </system-out>
  </testcase> <!-- testFiltersInFurniturePage -->
  <testcase classname="test.IkmanlkTests" name="testFiltersInAutoPartsPage" time="40.641">
    <system-out>
      <![CDATA[Navigated to Ikman home page.
Selected category: Vehicles
Navigated to Auto Parts & Accessories category.
Selected ad type: For Sale
Applied price range: 10000.0 - 50000.0
Selected condition: reconditioned
Selected part types: Car Audio Systems,Bumper
Selected brand: Honda, model: Vezel
Current URL: https://ikman.lk/en/ads/sri-lanka/auto-parts-accessories/honda/vezel?money.price.minimum=10000&money.price.maximum=50000&enum.condition=reconditioned&enum.item_type=car_audio_systems,bumper&tree.brand=honda_honda-vezel
Verified minimum price in URL: money.price.minimum=10000
Verified maximum price in URL: money.price.maximum=50000
Verified condition in URL: enum.condition=reconditioned
Verified part type in URL: car_audio_systems
Verified part type in URL: bumper
Verified brand and model in URL: tree.brand=honda_honda-vezel]]>
    </system-out>
  </testcase> <!-- testFiltersInAutoPartsPage -->
  <testcase classname="test.IkmanlkTests" name="testSortOptions" time="13.825">
    <system-out>
      <![CDATA[Navigated to Ikman home page.
Selected category: Home & Garden
Selected sort option with ID: price_desc
Retrieved selected sort text: Price: High to low
Asserting that selected sort text contains expected option text: Price: High to low]]>
    </system-out>
  </testcase> <!-- testSortOptions -->
  <testcase classname="test.IkmanlkTests" name="testSortOptions" time="27.126">
    <system-out>
      <![CDATA[Navigated to Ikman home page.
Selected category: Vehicles
Selected sort option with ID: price_asc
Retrieved selected sort text: Price: Low to high
Asserting that selected sort text contains expected option text: Price: Low to high]]>
    </system-out>
  </testcase> <!-- testSortOptions -->
  <testcase classname="test.IkmanlkTests" name="testFiltersInHouseForSalePage" time="24.645">
    <system-out>
      <![CDATA[Navigated to Ikman home page.
Selected category: Property
Navigated to Houses For Sale category.
Selected ad type: For Sale
Applied price range: 15000.0 - null
Applied house size range: 3000.0 - 100000.0
Selected number of bedrooms: 5,6,7
Selected number of bathrooms: 8,9,10
URL after applying filters: https://ikman.lk/en/ads/sri-lanka/houses-for-sale?money.price.minimum=15000&numeric.house_size.minimum=3000&numeric.house_size.maximum=100000&enum.bedrooms=5,6,7&enum.bathrooms=8,9,10
Verified minimum price in URL: money.price.minimum=15000
Verified minimum house size in URL: numeric.house_size.minimum=3000
Verified maximum house size in URL: numeric.house_size.maximum=100000
Verified number of bedrooms in URL: enum.bedrooms=5,6,7
Verified number of bathrooms in URL: enum.bathrooms=8,9,10]]>
    </system-out>
  </testcase> <!-- testFiltersInHouseForSalePage -->
  <testcase classname="test.IkmanlkTests" name="testSortOptions" time="18.762">
    <system-out>
      <![CDATA[Navigated to Ikman home page.
Selected category: Electronics
Selected sort option with ID: date_desc
Retrieved selected sort text: Date: Newest on top
Asserting that selected sort text contains expected option text: Date: Newest on top]]>
    </system-out>
  </testcase> <!-- testSortOptions -->
  <testcase classname="test.IkmanlkTests" name="testFiltersInComputerAccessoriesPage" time="34.037">
    <system-out>
      <![CDATA[Navigated to Ikman home page.
Selected category: Electronics
Navigated to Computer Accessories category.
Applied ad type filter: For Sale
Applied condition filter: Used
Applied price range filter: Min = 15000.0, Max = null
Applied item type filters: Software
Applied brand filters: Sony
URL after applying filters: https://ikman.lk/en/ads/sri-lanka/computer-accessories/sony?enum.condition=used&money.price.minimum=15000&enum.item_type=software&enum.brand=sony
Verified that condition is present in the URL: enum.condition=used
Verified that min price is present in the URL: money.price.minimum=15000
Verified that brand is present in the URL: sony
Verified that item type is present in the URL: software]]>
    </system-out>
  </testcase> <!-- testFiltersInComputerAccessoriesPage -->
  <testcase classname="test.IkmanlkTests" name="testSortOptions" time="13.569">
    <system-out>
      <![CDATA[Navigated to Ikman home page.
Selected category: Property
Selected sort option with ID: date_desc
Retrieved selected sort text: Date: Newest on top
Asserting that selected sort text contains expected option text: Date: Newest on top]]>
    </system-out>
  </testcase> <!-- testSortOptions -->
  <testcase classname="test.IkmanlkTests" name="testFiltersInLandForSalePage" time="24.831">
    <system-out>
      <![CDATA[Navigated to Ikman home page.
Selected category: Property
Navigated to Land For Sale category.
Applied ad type filter: Wanted
URL after applying filters: https://ikman.lk/en/ads/sri-lanka/land-for-sale?sort=date&order=desc&buy_now=0&urgent=0&type=to_buy&page=1]]>
    </system-out>
  </testcase> <!-- testFiltersInLandForSalePage -->
  <testcase classname="test.IkmanlkTests" name="testSearchFunctionality" time="6.141">
    <system-out>
      <![CDATA[Navigated to Ikman.lk home page.
Entered search query: designer leather bag
Search result heading contains the search query.
'No results found!' message displayed for query: designer leather bag in sri lanka]]>
    </system-out>
  </testcase> <!-- testSearchFunctionality -->
  <testcase classname="test.IkmanlkTests" name="testSortOptions" time="28.218">
    <system-out>
      <![CDATA[Navigated to Ikman home page.
Selected category: Electronics
Selected sort option with ID: price_asc
Retrieved selected sort text: Price: Low to high
Asserting that selected sort text contains expected option text: Price: Low to high]]>
    </system-out>
  </testcase> <!-- testSortOptions -->
  <testcase classname="test.IkmanlkTests" name="testFiltersInMobilePhonesPage" time="18.706">
    <system-out>
      <![CDATA[Navigated to Ikman.lk home page.
Selected category: Electronics
Navigated to Mobile Phones category.
Applied ad type filter: For Sale
Applied condition filter: Used
Applied price range filter: Min = 40000.0, Max = 95000.0
Applied brand and model filters: Brand = Vivo, Model = null
Current URL after applying filters: https://ikman.lk/en/ads/sri-lanka/mobile-phones/vivo?enum.condition=used&money.price.minimum=40000&money.price.maximum=95000&tree.brand=vivo
Verified that condition is present in the URL: enum.condition=used
Verified that min price is present in the URL: money.price.minimum=40000
Verified that max price is present in the URL: money.price.maximum=95000
Verified that brand is present in the URL: vivo]]>
    </system-out>
  </testcase> <!-- testFiltersInMobilePhonesPage -->
  <testcase classname="test.IkmanlkTests" name="testFiltersInLandForSalePage" time="47.050">
    <system-out>
      <![CDATA[Navigated to Ikman home page.
Selected category: Property
Navigated to Land For Sale category.
Applied ad type filter: For Sale
Applied price range filter: Min = 10000.0, Max = 50000.0
Applied land size filter: Min = 1000.0, Max = 5000.0
URL after applying filters: https://ikman.lk/en/ads/sri-lanka/land-for-sale?money.price.minimum=10000&money.price.maximum=50000&numeric.size.minimum=1000&numeric.size.maximum=5000
Verified that minimum price is present in the URL: money.price.minimum=10000
Verified that maximum price is present in the URL: money.price.maximum=50000
Verified that minimum land size is present in the URL: numeric.size.minimum=1000
Verified that maximum land size is present in the URL: numeric.size.maximum=5000]]>
    </system-out>
  </testcase> <!-- testFiltersInLandForSalePage -->
  <testcase classname="test.IkmanlkTests" name="testSortOptions" time="12.706">
    <system-out>
      <![CDATA[Navigated to Ikman home page.
Selected category: Property
Selected sort option with ID: price_asc
Retrieved selected sort text: Price: Low to high
Asserting that selected sort text contains expected option text: Price: Low to high]]>
    </system-out>
  </testcase> <!-- testSortOptions -->
  <testcase classname="test.IkmanlkTests" name="testCategoryInHomePage" time="27.902">
    <system-out>
      <![CDATA[Navigated to Ikman.lk home page.
Selected district: United Arab Emirates
Selected area: Dubai
Selected category: Electronics
Verifying that the title is displayed for the selected category page.]]>
    </system-out>
  </testcase> <!-- testCategoryInHomePage -->
  <testcase classname="test.IkmanlkTests" name="testFiltersInComputerAccessoriesPage" time="37.973">
    <system-out>
      <![CDATA[Navigated to Ikman home page.
Selected category: Electronics
Navigated to Computer Accessories category.
Applied ad type filter: For Sale
Applied condition filter: Used
Applied price range filter: Min = 20000.0, Max = 100000.0
Applied item type filters: RAM,Mouse,Keyboard,POS
URL after applying filters: https://ikman.lk/en/ads/sri-lanka/computer-accessories?enum.condition=used&money.price.minimum=20000&money.price.maximum=100000&enum.item_type=pos,keyboard,ram,mouse
Verified that condition is present in the URL: enum.condition=used
Verified that min price is present in the URL: money.price.minimum=20000
Verified that max price is present in the URL: money.price.maximum=100000
Verified that item type is present in the URL: ram
Verified that item type is present in the URL: mouse
Verified that item type is present in the URL: keyboard
Verified that item type is present in the URL: pos]]>
    </system-out>
  </testcase> <!-- testFiltersInComputerAccessoriesPage -->
  <testcase classname="test.IkmanlkTests" name="testFiltersInMotorBikesPage" time="31.670">
    <system-out>
      <![CDATA[Navigated to Ikman.lk Home Page
Selected category: Vehicles
Navigated to Motorbikes page
Applied Ad Type filter: For Sale
Set price range filter: min = 10000.0, max = 50000.0
Applied Condition filter: reconditioned
Applied Bike Types filter: [Motorbikes]
Set year of manufacture range: min = 2019.0, max = 2022.0
Set mileage range: min = 40000.0, max = 60000.0
URL after applying filters: https://ikman.lk/en/ads/sri-lanka/motorbikes-scooters/bajaj/ct100?money.price.minimum=10000&money.price.maximum=50000&enum.condition=reconditioned&enum.item_type=motorbikes&numeric.model_year.minimum=2019&numeric.model_year.maximum=2022&numeric.mileage.minimum=40000&numeric.mileage.maximum=60000&tree.brand=bajaj_bajaj-ct100
Verified minimum price in URL: money.price.minimum=10000
Verified maximum price in URL: money.price.maximum=50000
Verified minimum year of manufacture in URL: numeric.model_year.minimum=2019
Verified maximum year of manufacture in URL: numeric.model_year.maximum=2022
Verified minimum mileage in URL: numeric.mileage.minimum=40000
Verified maximum mileage in URL: numeric.mileage.maximum=60000
Verified condition in URL: enum.condition=reconditioned
Verified bike type in URL: motorbikes
Verified brand and model in URL: tree.brand=bajaj_bajaj-ct100]]>
    </system-out>
  </testcase> <!-- testFiltersInMotorBikesPage -->
  <testcase classname="test.IkmanlkTests" name="testCategoryInHomePage" time="25.245">
    <system-out>
      <![CDATA[Navigated to Ikman.lk home page.
Selected district: Ampara
Selected area: Ampara City
Selected category: Vehicles
Verifying that the title is displayed for the selected category page.]]>
    </system-out>
  </testcase> <!-- testCategoryInHomePage -->
  <testcase classname="test.IkmanlkTests" name="testFiltersInComputerAccessoriesPage" time="30.599">
    <system-out>
      <![CDATA[Navigated to Ikman home page.
Selected category: Electronics
Navigated to Computer Accessories category.
Applied ad type filter: For Sale
Applied condition filter: New
Applied price range filter: Min = 30000.0, Max = 150000.0
Applied item type filters: UPS
Applied brand filters: DELL,ASUS,Kingston
URL after applying filters: https://ikman.lk/en/ads/sri-lanka/computer-accessories/dell?enum.condition=new&money.price.minimum=30000&money.price.maximum=150000&enum.item_type=ups&enum.brand=dell,asus,kingston
Verified that condition is present in the URL: enum.condition=new
Verified that min price is present in the URL: money.price.minimum=30000
Verified that max price is present in the URL: money.price.maximum=150000
Verified that brand is present in the URL: dell
Verified that brand is present in the URL: asus
Verified that brand is present in the URL: kingston
Verified that item type is present in the URL: ups]]>
    </system-out>
  </testcase> <!-- testFiltersInComputerAccessoriesPage -->
  <testcase classname="test.IkmanlkTests" name="testFiltersInMobilePhonesPage" time="19.566">
    <system-out>
      <![CDATA[Navigated to Ikman.lk home page.
Selected category: Electronics
Navigated to Mobile Phones category.
Applied ad type filter: For Sale
Applied condition filter: Used
Applied brand and model filters: Brand = Xiaomi, Model = null
Current URL after applying filters: https://ikman.lk/en/ads/sri-lanka/mobile-phones/xiaomi?enum.condition=used&tree.brand=xiaomi
Verified that condition is present in the URL: enum.condition=used
Verified that brand is present in the URL: xiaomi]]>
    </system-out>
  </testcase> <!-- testFiltersInMobilePhonesPage -->
  <testcase classname="test.IkmanlkTests" name="testFiltersInHouseForSalePage" time="33.749">
    <system-out>
      <![CDATA[Navigated to Ikman home page.
Selected category: Property
Navigated to Houses For Sale category.
Selected ad type: For Sale
Applied price range: 15000.0 - 200000.0
Applied house size range: 1000.0 - 1000.0
Selected number of bedrooms: 9
Selected number of bathrooms: 9
URL after applying filters: https://ikman.lk/en/ads/sri-lanka/houses-for-sale?money.price.minimum=15000&money.price.maximum=200000&numeric.house_size.minimum=1000&numeric.house_size.maximum=1000&enum.bedrooms=9&enum.bathrooms=9
Verified minimum price in URL: money.price.minimum=15000
Verified maximum price in URL: money.price.maximum=200000
Verified minimum house size in URL: numeric.house_size.minimum=1000
Verified maximum house size in URL: numeric.house_size.maximum=1000
Verified number of bedrooms in URL: enum.bedrooms=9
Verified number of bathrooms in URL: enum.bathrooms=9]]>
    </system-out>
  </testcase> <!-- testFiltersInHouseForSalePage -->
  <testcase classname="test.IkmanlkTests" name="testFiltersInHouseForSalePage" time="19.773">
    <system-out>
      <![CDATA[Navigated to Ikman home page.
Selected category: Property
Navigated to Houses For Sale category.
Selected ad type: For Sale
Applied price range: 20000.0 - 100000.0
Applied house size range: null - 2000.0
Selected number of bathrooms: 2
URL after applying filters: https://ikman.lk/en/ads/sri-lanka/houses-for-sale?money.price.minimum=20000&money.price.maximum=100000&numeric.house_size.maximum=2000&enum.bathrooms=2
Verified minimum price in URL: money.price.minimum=20000
Verified maximum price in URL: money.price.maximum=100000
Verified maximum house size in URL: numeric.house_size.maximum=2000
Verified number of bathrooms in URL: enum.bathrooms=2]]>
    </system-out>
  </testcase> <!-- testFiltersInHouseForSalePage -->
  <testcase classname="test.IkmanlkTests" name="testFiltersInComputerAccessoriesPage" time="20.186">
    <system-out>
      <![CDATA[Navigated to Ikman home page.
Selected category: Electronics
Navigated to Computer Accessories category.
Applied ad type filter: For Sale
Applied condition filter: Used
Applied price range filter: Min = 15000.0, Max = 200000.0
Applied brand filters: Huawei
URL after applying filters: https://ikman.lk/en/ads/sri-lanka/computer-accessories/huawei?enum.condition=used&money.price.minimum=15000&money.price.maximum=200000&enum.brand=huawei
Verified that condition is present in the URL: enum.condition=used
Verified that min price is present in the URL: money.price.minimum=15000
Verified that max price is present in the URL: money.price.maximum=200000
Verified that brand is present in the URL: huawei]]>
    </system-out>
  </testcase> <!-- testFiltersInComputerAccessoriesPage -->
  <testcase classname="test.IkmanlkTests" name="testFiltersInComputerAccessoriesPage" time="53.696">
    <system-out>
      <![CDATA[Navigated to Ikman home page.
Selected category: Electronics
Navigated to Computer Accessories category.
Applied ad type filter: For Sale
Applied condition filter: New
Applied price range filter: Min = 10000.0, Max = 50000.0
Applied item type filters: Monitor,Software,POS
Applied brand filters: HP,Apple,TSC,EPSON
URL after applying filters: https://ikman.lk/en/ads/sri-lanka/computer-accessories/hp?enum.condition=new&money.price.minimum=10000&money.price.maximum=50000&enum.item_type=monitor,software,pos&enum.brand=hp,epson,apple,tsc
Verified that condition is present in the URL: enum.condition=new
Verified that min price is present in the URL: money.price.minimum=10000
Verified that max price is present in the URL: money.price.maximum=50000
Verified that brand is present in the URL: hp
Verified that brand is present in the URL: apple
Verified that brand is present in the URL: tsc
Verified that brand is present in the URL: epson
Verified that item type is present in the URL: monitor
Verified that item type is present in the URL: software
Verified that item type is present in the URL: pos]]>
    </system-out>
  </testcase> <!-- testFiltersInComputerAccessoriesPage -->
  <testcase classname="test.IkmanlkTests" name="testFiltersInLandForSalePage" time="20.707">
    <system-out>
      <![CDATA[Navigated to Ikman home page.
Selected category: Property
Navigated to Land For Sale category.
Applied ad type filter: For Sale
Applied price range filter: Min = 20000.0, Max = 100000.0
Applied land size filter: Min = null, Max = 2000.0
URL after applying filters: https://ikman.lk/en/ads/sri-lanka/land-for-sale?money.price.minimum=20000&money.price.maximum=100000&numeric.size.maximum=2000
Verified that minimum price is present in the URL: money.price.minimum=20000
Verified that maximum price is present in the URL: money.price.maximum=100000
Verified that maximum land size is present in the URL: numeric.size.maximum=2000]]>
    </system-out>
  </testcase> <!-- testFiltersInLandForSalePage -->
  <testcase classname="test.IkmanlkTests" name="testFiltersInAutoPartsPage" time="32.536">
    <system-out>
      <![CDATA[Navigated to Ikman home page.
Selected category: Vehicles
Navigated to Auto Parts & Accessories category.
Selected ad type: For Sale
Applied price range: 15000.0 - 200000.0
Selected condition: reconditioned
Selected brand: Nissan, model: March
Current URL: https://ikman.lk/en/ads/sri-lanka/auto-parts-accessories/nissan/march?money.price.minimum=15000&money.price.maximum=200000&enum.condition=reconditioned&tree.brand=nissan_nissan-march
Verified minimum price in URL: money.price.minimum=15000
Verified maximum price in URL: money.price.maximum=200000
Verified condition in URL: enum.condition=reconditioned
Verified brand and model in URL: tree.brand=nissan_nissan-march]]>
    </system-out>
  </testcase> <!-- testFiltersInAutoPartsPage -->
  <testcase classname="test.IkmanlkTests" name="testSortOptions" time="25.264">
    <system-out>
      <![CDATA[Navigated to Ikman home page.
Selected category: Home & Garden
Selected sort option with ID: price_asc
Retrieved selected sort text: Price: Low to high
Asserting that selected sort text contains expected option text: Price: Low to high]]>
    </system-out>
  </testcase> <!-- testSortOptions -->
  <testcase classname="test.IkmanlkTests" name="testFiltersInAutoPartsPage" time="24.206">
    <system-out>
      <![CDATA[Navigated to Ikman home page.
Selected category: Vehicles
Navigated to Auto Parts & Accessories category.
Selected ad type: For Sale
Applied price range: 15000.0 - null
Selected part types: Lighting & Indicators
Selected brand: BMW, model: null
Current URL: https://ikman.lk/en/ads/sri-lanka/auto-parts-accessories/bmw?money.price.minimum=15000&enum.item_type=lighting_indicators&tree.brand=bmw
Verified minimum price in URL: money.price.minimum=15000
Verified part type in URL: lighting_indicators
Verified brand in URL: tree.brand=bmw]]>
    </system-out>
  </testcase> <!-- testFiltersInAutoPartsPage -->
  <testcase classname="test.IkmanlkTests" name="testSearchFunctionality" time="20.488">
    <system-out>
      <![CDATA[Navigated to Ikman.lk home page.
Entered search query: wooden dining table
Search result heading contains the search query.
Search results displayed for query: wooden dining table in sri lanka]]>
    </system-out>
  </testcase> <!-- testSearchFunctionality -->
  <testcase classname="test.IkmanlkTests" name="testFiltersInMobilePhonesPage" time="25.284">
    <system-out>
      <![CDATA[Navigated to Ikman.lk home page.
Selected category: Electronics
Navigated to Mobile Phones category.
Applied ad type filter: For Sale
Applied condition filter: New
Applied price range filter: Min = 30000.0, Max = null
Applied brand and model filters: Brand = Xiaomi, Model = Redmi Note 13
Current URL after applying filters: https://ikman.lk/en/ads/sri-lanka/mobile-phones/xiaomi/redmi-note-13?enum.condition=new&money.price.minimum=30000&tree.brand=xiaomi_xiaomi-redmi-note-13
Verified that condition is present in the URL: enum.condition=new
Verified that min price is present in the URL: money.price.minimum=30000
Verified that brand and model are present in the URL: tree.brand=xiaomi_xiaomi-redmi-note-13]]>
    </system-out>
  </testcase> <!-- testFiltersInMobilePhonesPage -->
  <testcase classname="test.IkmanlkTests" name="testSortOptions" time="28.686">
    <system-out>
      <![CDATA[Navigated to Ikman home page.
Selected category: Vehicles
Selected sort option with ID: date_desc
Retrieved selected sort text: Date: Newest on top
Asserting that selected sort text contains expected option text: Date: Newest on top]]>
    </system-out>
  </testcase> <!-- testSortOptions -->
  <testcase classname="test.IkmanlkTests" name="testFiltersInAutoPartsPage" time="16.367">
    <system-out>
      <![CDATA[Navigated to Ikman home page.
Selected category: Vehicles
Navigated to Auto Parts & Accessories category.
Selected ad type: Wanted
Current URL: https://ikman.lk/en/ads/sri-lanka/auto-parts-accessories?sort=date&order=desc&buy_now=0&urgent=0&type=to_buy&page=1]]>
    </system-out>
  </testcase> <!-- testFiltersInAutoPartsPage -->
  <testcase classname="test.IkmanlkTests" name="testSortOptions" time="28.407">
    <system-out>
      <![CDATA[Navigated to Ikman home page.
Selected category: Vehicles
Selected sort option with ID: date_asc
Retrieved selected sort text: Date: Oldest on top
Asserting that selected sort text contains expected option text: Date: Oldest on top]]>
    </system-out>
  </testcase> <!-- testSortOptions -->
  <testcase classname="test.IkmanlkTests" name="testFiltersInMobilePhonesPage" time="20.486">
    <system-out>
      <![CDATA[Navigated to Ikman.lk home page.
Selected category: Electronics
Navigated to Mobile Phones category.
Applied ad type filter: For Sale
Applied condition filter: New
Applied price range filter: Min = 40000.0, Max = 190000.0
Applied brand and model filters: Brand = Vivo, Model = Y93
Current URL after applying filters: https://ikman.lk/en/ads/sri-lanka/mobile-phones/vivo/y93?enum.condition=new&money.price.minimum=40000&money.price.maximum=190000&tree.brand=vivo_vivo-y93
Verified that condition is present in the URL: enum.condition=new
Verified that min price is present in the URL: money.price.minimum=40000
Verified that max price is present in the URL: money.price.maximum=190000
Verified that brand and model are present in the URL: tree.brand=vivo_vivo-y93]]>
    </system-out>
  </testcase> <!-- testFiltersInMobilePhonesPage -->
  <testcase classname="test.IkmanlkTests" name="testFiltersInHouseForSalePage" time="45.498">
    <system-out>
      <![CDATA[Navigated to Ikman home page.
Selected category: Property
Navigated to Houses For Sale category.
Selected ad type: For Sale
Applied price range: 10000.0 - 50000.0
Applied house size range: 1000.0 - 5000.0
Selected number of bedrooms: 1,3
Selected number of bathrooms: 1,10
URL after applying filters: https://ikman.lk/en/ads/sri-lanka/houses-for-sale?money.price.minimum=10000&money.price.maximum=50000&numeric.house_size.minimum=1000&numeric.house_size.maximum=5000&enum.bedrooms=1,3&enum.bathrooms=1,10
Verified minimum price in URL: money.price.minimum=10000
Verified maximum price in URL: money.price.maximum=50000
Verified minimum house size in URL: numeric.house_size.minimum=1000
Verified maximum house size in URL: numeric.house_size.maximum=5000
Verified number of bedrooms in URL: enum.bedrooms=1,3
Verified number of bathrooms in URL: enum.bathrooms=1,10]]>
    </system-out>
  </testcase> <!-- testFiltersInHouseForSalePage -->
  <testcase classname="test.IkmanlkTests" name="testFiltersInMobilePhonesPage" time="34.990">
    <system-out>
      <![CDATA[Navigated to Ikman.lk home page.
Selected category: Electronics
Navigated to Mobile Phones category.
Applied ad type filter: For Sale
Applied condition filter: New
Applied price range filter: Min = 50000.0, Max = 200000.0
Applied brand and model filters: Brand = Samsung, Model = Galaxy S10
Current URL after applying filters: https://ikman.lk/en/ads/sri-lanka/mobile-phones/samsung/galaxy-s10?enum.condition=new&money.price.minimum=50000&money.price.maximum=200000&tree.brand=samsung_samsung-galaxy-s10
Verified that condition is present in the URL: enum.condition=new
Verified that min price is present in the URL: money.price.minimum=50000
Verified that max price is present in the URL: money.price.maximum=200000
Verified that brand and model are present in the URL: tree.brand=samsung_samsung-galaxy-s10]]>
    </system-out>
  </testcase> <!-- testFiltersInMobilePhonesPage -->
  <testcase classname="test.IkmanlkTests" name="testSearchFunctionality" time="16.820">
    <system-out>
      <![CDATA[Navigated to Ikman.lk home page.
Entered search query: used car
Search result heading contains the search query.
Search results displayed for query: used car in sri lanka]]>
    </system-out>
  </testcase> <!-- testSearchFunctionality -->
  <testcase classname="test.IkmanlkTests" name="testSortOptions" time="11.736">
    <system-out>
      <![CDATA[Navigated to Ikman home page.
Selected category: Property
Selected sort option with ID: date_asc
Retrieved selected sort text: Date: Oldest on top
Asserting that selected sort text contains expected option text: Date: Oldest on top]]>
    </system-out>
  </testcase> <!-- testSortOptions -->
  <testcase classname="test.IkmanlkTests" name="testSearchFunctionality" time="13.681">
    <system-out>
      <![CDATA[Navigated to Ikman.lk home page.
Entered search query: Samsung phone
Search result heading contains the search query.
Search results displayed for query: samsung phone in sri lanka]]>
    </system-out>
  </testcase> <!-- testSearchFunctionality -->
  <testcase classname="test.IkmanlkTests" name="testSortOptions" time="19.985">
    <system-out>
      <![CDATA[Navigated to Ikman home page.
Selected category: Property
Selected sort option with ID: price_desc
Retrieved selected sort text: Price: High to low
Asserting that selected sort text contains expected option text: Price: High to low]]>
    </system-out>
  </testcase> <!-- testSortOptions -->
  <testcase classname="test.IkmanlkTests" name="testFiltersInMobilePhonesPage" time="8.363">
    <system-out>
      <![CDATA[Navigated to Ikman.lk home page.
Selected category: Electronics
Navigated to Mobile Phones category.
Applied ad type filter: Wanted
Current URL after applying filters: https://ikman.lk/en/ads/sri-lanka/mobile-phones?sort=date&order=desc&buy_now=0&urgent=0&type=to_buy&page=1]]>
    </system-out>
  </testcase> <!-- testFiltersInMobilePhonesPage -->
  <testcase classname="test.IkmanlkTests" name="testSortOptions" time="24.987">
    <system-out>
      <![CDATA[Navigated to Ikman home page.
Selected category: Electronics
Selected sort option with ID: price_desc
Retrieved selected sort text: Price: High to low
Asserting that selected sort text contains expected option text: Price: High to low]]>
    </system-out>
  </testcase> <!-- testSortOptions -->
  <testcase classname="test.IkmanlkTests" name="testCategoryInHomePage" time="22.331">
    <system-out>
      <![CDATA[Navigated to Ikman.lk home page.
Selected district: Jaffna
Selected area: Nallur
Selected category: Home & Garden
Verifying that the title is displayed for the selected category page.]]>
    </system-out>
  </testcase> <!-- testCategoryInHomePage -->
  <testcase classname="test.IkmanlkTests" name="testFiltersInAutoPartsPage" time="35.829">
    <system-out>
      <![CDATA[Navigated to Ikman home page.
Selected category: Vehicles
Navigated to Auto Parts & Accessories category.
Selected ad type: For Sale
Applied price range: 20000.0 - 100000.0
Selected condition: used
Selected part types: Engines & Engine Parts
Selected brand: Toyota, model: Prius
Current URL: https://ikman.lk/en/ads/sri-lanka/auto-parts-accessories/toyota/prius?money.price.minimum=20000&money.price.maximum=100000&enum.condition=used&enum.item_type=engines_engine_parts&tree.brand=toyota_toyota-prius
Verified minimum price in URL: money.price.minimum=20000
Verified maximum price in URL: money.price.maximum=100000
Verified condition in URL: enum.condition=used
Verified part type in URL: engines_engine_parts
Verified brand and model in URL: tree.brand=toyota_toyota-prius]]>
    </system-out>
  </testcase> <!-- testFiltersInAutoPartsPage -->
  <testcase classname="test.IkmanlkTests" name="testSearchFunctionality" time="9.078">
    <system-out>
      <![CDATA[Navigated to Ikman.lk home page.
Entered search query: pizzahut
Search result heading contains the search query.
'No results found!' message displayed for query: pizzahut in sri lanka]]>
    </system-out>
  </testcase> <!-- testSearchFunctionality -->
  <testcase classname="test.IkmanlkTests" name="testFiltersInMotorBikesPage" time="35.124">
    <system-out>
      <![CDATA[Navigated to Ikman.lk Home Page
Selected category: Vehicles
Navigated to Motorbikes page
Applied Ad Type filter: For Sale
Set price range filter: min = 20000.0, max = 100000.0
Applied Condition filter: used
Applied Bike Types filter: [Scooters]
Set year of manufacture range: min = null, max = 2019.0
Set mileage range: min = 30000.0, max = 50000.0
URL after applying filters: https://ikman.lk/en/ads/sri-lanka/motorbikes-scooters/honda/cb-shine?money.price.minimum=20000&money.price.maximum=100000&enum.condition=used&enum.item_type=scooters&numeric.model_year.maximum=2019&numeric.mileage.minimum=30000&numeric.mileage.maximum=50000&tree.brand=honda_honda-cb-shine
Verified minimum price in URL: money.price.minimum=20000
Verified maximum price in URL: money.price.maximum=100000
Verified maximum year of manufacture in URL: numeric.model_year.maximum=2019
Verified minimum mileage in URL: numeric.mileage.minimum=30000
Verified maximum mileage in URL: numeric.mileage.maximum=50000
Verified condition in URL: enum.condition=used
Verified bike type in URL: scooters
Verified brand and model in URL: tree.brand=honda_honda-cb-shine]]>
    </system-out>
  </testcase> <!-- testFiltersInMotorBikesPage -->
  <testcase classname="test.IkmanlkTests" name="testCategoryInHomePage" time="40.306">
    <system-out>
      <![CDATA[Navigated to Ikman.lk home page.
Selected district: Colombo
Selected area: Maharagama
Selected category: Electronics
Verifying that the title is displayed for the selected category page.]]>
    </system-out>
  </testcase> <!-- testCategoryInHomePage -->
  <testcase classname="test.IkmanlkTests" name="testFiltersInFurniturePage" time="37.575">
    <system-out>
      <![CDATA[Navigated to Ikman.lk Home Page
Selected category: Home & Garden
Navigated to Furniture page
Selected ad type: For Sale
Set price range from 20000.0 to 100000.0
Selected condition: Used
Selected furniture types: [Tables & Chairs, Lighting, Textiles / decoration]
Selected brands: [E H Cooray, Softlogic]
URL after applying filters: https://ikman.lk/en/ads/sri-lanka/furniture/softlogic?money.price.minimum=20000&money.price.maximum=100000&enum.condition=used&enum.item_type=table_chair,decoration,lightning&enum.brand=softlogic,e_h_cooray
Verified min price in URL: money.price.minimum=20000
Verified max price in URL: money.price.maximum=100000
Verified condition in URL: enum.condition=used
Verified furniture type in URL: table_chair
Verified furniture type in URL: lightning
Verified furniture type in URL: decoration
Verified brand in URL: e_h_cooray
Verified brand in URL: softlogic]]>
    </system-out>
  </testcase> <!-- testFiltersInFurniturePage -->
  <testcase classname="test.IkmanlkTests" name="testSearchFunctionality" time="22.179">
    <system-out>
      <![CDATA[Navigated to Ikman.lk home page.
Entered search query: waiter job
Search result heading contains the search query.
Search results displayed for query: waiter job in sri lanka]]>
    </system-out>
  </testcase> <!-- testSearchFunctionality -->
  <testcase classname="test.IkmanlkTests" name="testCategoryInHomePage" time="25.686">
    <system-out>
      <![CDATA[Navigated to Ikman.lk home page.
Selected district: Monaragala
Selected area: Wellawaya
Selected category: Property
Verifying that the title is displayed for the selected category page.]]>
    </system-out>
  </testcase> <!-- testCategoryInHomePage -->
  <testcase classname="test.IkmanlkTests" name="testSearchFunctionality" time="12.763">
    <system-out>
      <![CDATA[Navigated to Ikman.lk home page.
Entered search query: mountain bike for sale
Search result heading contains the search query.
Search results displayed for query: mountain bike for sale in sri lanka]]>
    </system-out>
  </testcase> <!-- testSearchFunctionality -->
  <testcase classname="test.IkmanlkTests" name="testFiltersInMotorBikesPage" time="27.516">
    <system-out>
      <![CDATA[Navigated to Ikman.lk Home Page
Selected category: Vehicles
Navigated to Motorbikes page
Applied Ad Type filter: For Sale
Set price range filter: min = 15000.0, max = 200000.0
Applied Condition filter: reconditioned
Applied Bike Types filter: [Quadricycles]
Set year of manufacture range: min = 2010.0, max = null
Set mileage range: min = null, max = 19000.0
URL after applying filters: https://ikman.lk/en/ads/sri-lanka/motorbikes-scooters/yamaha/r15?money.price.minimum=15000&money.price.maximum=200000&enum.condition=reconditioned&enum.item_type=quadricycles&numeric.model_year.minimum=2010&numeric.mileage.maximum=19000&tree.brand=yamaha_yamaha-r15
Verified minimum price in URL: money.price.minimum=15000
Verified maximum price in URL: money.price.maximum=200000
Verified minimum year of manufacture in URL: numeric.model_year.minimum=2010
Verified maximum mileage in URL: numeric.mileage.maximum=19000
Verified condition in URL: enum.condition=reconditioned
Verified bike type in URL: quadricycles
Verified brand and model in URL: tree.brand=yamaha_yamaha-r15]]>
    </system-out>
  </testcase> <!-- testFiltersInMotorBikesPage -->
  <testcase classname="test.IkmanlkTests" name="testFiltersInMobilePhonesPage" time="23.791">
    <system-out>
      <![CDATA[Navigated to Ikman.lk home page.
Selected category: Electronics
Navigated to Mobile Phones category.
Applied ad type filter: For Sale
Applied price range filter: Min = null, Max = 130000.0
Applied brand and model filters: Brand = Samsung, Model = Galaxy A15
Current URL after applying filters: https://ikman.lk/en/ads/sri-lanka/mobile-phones/samsung/galaxy-a15?money.price.maximum=130000&tree.brand=samsung_samsung-galaxy-a15
Verified that max price is present in the URL: money.price.maximum=130000
Verified that brand and model are present in the URL: tree.brand=samsung_samsung-galaxy-a15]]>
    </system-out>
  </testcase> <!-- testFiltersInMobilePhonesPage -->
  <testcase classname="test.IkmanlkTests" name="testFiltersInHouseForSalePage" time="19.074">
    <system-out>
      <![CDATA[Navigated to Ikman home page.
Selected category: Property
Navigated to Houses For Sale category.
Selected ad type: Wanted
URL after applying filters: https://ikman.lk/en/ads/sri-lanka/houses-for-sale?sort=date&order=desc&buy_now=0&urgent=0&type=to_buy&page=1]]>
    </system-out>
  </testcase> <!-- testFiltersInHouseForSalePage -->
  <testcase classname="test.IkmanlkTests" name="testCategoryInHomePage" time="26.882">
    <system-out>
      <![CDATA[Navigated to Ikman.lk home page.
Selected district: Saudi Arabia
Selected area: Riyadh
Selected category: Property
Verifying that the title is displayed for the selected category page.]]>
    </system-out>
  </testcase> <!-- testCategoryInHomePage -->
  <testcase classname="test.IkmanlkTests" name="testFiltersInMobilePhonesPage" time="26.249">
    <system-out>
      <![CDATA[Navigated to Ikman.lk home page.
Selected category: Electronics
Navigated to Mobile Phones category.
Applied ad type filter: For Sale
Applied condition filter: New
Applied price range filter: Min = 100000.0, Max = 120000.0
Applied brand and model filters: Brand = Google, Model = Pixel 7 Pro
Current URL after applying filters: https://ikman.lk/en/ads/sri-lanka/mobile-phones/google/pixel-7-pro?enum.condition=new&money.price.minimum=100000&money.price.maximum=120000&tree.brand=google_google-pixel-7-pro
Verified that condition is present in the URL: enum.condition=new
Verified that min price is present in the URL: money.price.minimum=100000
Verified that max price is present in the URL: money.price.maximum=120000
Verified that brand and model are present in the URL: tree.brand=google_google-pixel-7-pro]]>
    </system-out>
  </testcase> <!-- testFiltersInMobilePhonesPage -->
  <testcase classname="test.IkmanlkTests" name="testSortOptions" time="15.890">
    <system-out>
      <![CDATA[Navigated to Ikman home page.
Selected category: Home & Garden
Selected sort option with ID: date_asc
Retrieved selected sort text: Date: Oldest on top
Asserting that selected sort text contains expected option text: Date: Oldest on top]]>
    </system-out>
  </testcase> <!-- testSortOptions -->
  <testcase classname="test.IkmanlkTests" name="testFiltersInOtherHomeItemsPage" time="15.317">
    <system-out>
      <![CDATA[Navigated to Ikman.lk Home Page
Selected 'Home & Garden' category
Navigated to 'Other Home Items' page
Selected ad type: For Sale
Set price range from 30000.0 to 150000.0
Selected condition: New
URL after applying filters: https://ikman.lk/en/ads/sri-lanka/other-home-items?money.price.minimum=30000&money.price.maximum=150000&enum.condition=new
Verified min price in URL: money.price.minimum=30000
Verified max price in URL: money.price.maximum=150000
Verified condition in URL: enum.condition=new]]>
    </system-out>
  </testcase> <!-- testFiltersInOtherHomeItemsPage -->
  <testcase classname="test.IkmanlkTests" name="testFiltersInOtherHomeItemsPage" time="11.766">
    <system-out>
      <![CDATA[Navigated to Ikman.lk Home Page
Selected 'Home & Garden' category
Navigated to 'Other Home Items' page
Selected ad type: For Sale
Set price range from 15000.0 to null
Selected condition: Used
URL after applying filters: https://ikman.lk/en/ads/sri-lanka/other-home-items?money.price.minimum=15000&enum.condition=used
Verified min price in URL: money.price.minimum=15000
Verified condition in URL: enum.condition=used]]>
    </system-out>
  </testcase> <!-- testFiltersInOtherHomeItemsPage -->
  <testcase classname="test.IkmanlkTests" name="testFiltersInLandForSalePage" time="17.835">
    <system-out>
      <![CDATA[Navigated to Ikman home page.
Selected category: Property
Navigated to Land For Sale category.
Applied ad type filter: For Sale
Applied price range filter: Min = 30000.0, Max = 150000.0
Applied land size filter: Min = 500.0, Max = null
URL after applying filters: https://ikman.lk/en/ads/sri-lanka/land-for-sale?money.price.minimum=30000&money.price.maximum=150000&numeric.size.minimum=500
Verified that minimum price is present in the URL: money.price.minimum=30000
Verified that maximum price is present in the URL: money.price.maximum=150000
Verified that minimum land size is present in the URL: numeric.size.minimum=500]]>
    </system-out>
  </testcase> <!-- testFiltersInLandForSalePage -->
  <testcase classname="test.IkmanlkTests" name="testFiltersInMotorBikesPage" time="14.614">
    <system-out>
      <![CDATA[Navigated to Ikman.lk Home Page
Selected category: Vehicles
Navigated to Motorbikes page
Applied Ad Type filter: Wanted
URL after applying filters: https://ikman.lk/en/ads/sri-lanka/motorbikes-scooters?sort=date&order=desc&buy_now=0&urgent=0&type=to_buy&page=1]]>
    </system-out>
  </testcase> <!-- testFiltersInMotorBikesPage -->
  <testcase classname="test.IkmanlkTests" name="testFiltersInHouseForSalePage" time="32.492">
    <system-out>
      <![CDATA[Navigated to Ikman home page.
Selected category: Property
Navigated to Houses For Sale category.
Selected ad type: For Sale
Applied price range: 30000.0 - 150000.0
Applied house size range: 500.0 - null
Selected number of bedrooms: 4,5
URL after applying filters: https://ikman.lk/en/ads/sri-lanka/houses-for-sale?money.price.minimum=30000&money.price.maximum=150000&numeric.house_size.minimum=500&enum.bedrooms=4,5
Verified minimum price in URL: money.price.minimum=30000
Verified maximum price in URL: money.price.maximum=150000
Verified minimum house size in URL: numeric.house_size.minimum=500
Verified number of bedrooms in URL: enum.bedrooms=4,5]]>
    </system-out>
  </testcase> <!-- testFiltersInHouseForSalePage -->
  <testcase classname="test.IkmanlkTests" name="testFiltersInOtherHomeItemsPage" time="13.383">
    <system-out>
      <![CDATA[Navigated to Ikman.lk Home Page
Selected 'Home & Garden' category
Navigated to 'Other Home Items' page
Selected ad type: For Sale
Set price range from 20000.0 to 100000.0
Selected condition: Used
URL after applying filters: https://ikman.lk/en/ads/sri-lanka/other-home-items?money.price.minimum=20000&money.price.maximum=100000&enum.condition=used
Verified min price in URL: money.price.minimum=20000
Verified max price in URL: money.price.maximum=100000
Verified condition in URL: enum.condition=used]]>
    </system-out>
  </testcase> <!-- testFiltersInOtherHomeItemsPage -->
  <testcase classname="test.IkmanlkTests" name="testCategoryInHomePage" time="26.904">
    <system-out>
      <![CDATA[Navigated to Ikman.lk home page.
Selected district: Batticaloa
Selected area: Batticaloa City
Selected category: Property
Verifying that the title is displayed for the selected category page.]]>
    </system-out>
  </testcase> <!-- testCategoryInHomePage -->
  <testcase classname="test.IkmanlkTests" name="testSearchFunctionality" time="19.828">
    <system-out>
      <![CDATA[Navigated to Ikman.lk home page.
Entered search query: laptop
Search result heading contains the search query.
Search results displayed for query: laptop in sri lanka]]>
    </system-out>
  </testcase> <!-- testSearchFunctionality -->
  <testcase classname="test.IkmanlkTests" name="testFiltersInMobilePhonesPage" time="36.052">
    <system-out>
      <![CDATA[Navigated to Ikman.lk home page.
Selected category: Electronics
Navigated to Mobile Phones category.
Applied ad type filter: For Sale
Applied condition filter: New
Applied price range filter: Min = 100000.0, Max = 200000.0
Applied brand and model filters: Brand = Apple, Model = iPhone 12 Pro
Current URL after applying filters: https://ikman.lk/en/ads/sri-lanka/mobile-phones/apple/iphone-12-pro?enum.condition=new&money.price.minimum=100000&money.price.maximum=200000&tree.brand=apple_apple-iphone-12-pro
Verified that condition is present in the URL: enum.condition=new
Verified that min price is present in the URL: money.price.minimum=100000
Verified that max price is present in the URL: money.price.maximum=200000
Verified that brand and model are present in the URL: tree.brand=apple_apple-iphone-12-pro]]>
    </system-out>
  </testcase> <!-- testFiltersInMobilePhonesPage -->
  <testcase classname="test.IkmanlkTests" name="testFiltersInLandForSalePage" time="28.713">
    <system-out>
      <![CDATA[Navigated to Ikman home page.
Selected category: Property
Navigated to Land For Sale category.
Applied ad type filter: For Sale
Applied price range filter: Min = 15000.0, Max = null
Applied land size filter: Min = 3000.0, Max = 100000.0
URL after applying filters: https://ikman.lk/en/ads/sri-lanka/land-for-sale?money.price.minimum=15000&numeric.size.minimum=3000&numeric.size.maximum=100000
Verified that minimum price is present in the URL: money.price.minimum=15000
Verified that minimum land size is present in the URL: numeric.size.minimum=3000
Verified that maximum land size is present in the URL: numeric.size.maximum=100000]]>
    </system-out>
  </testcase> <!-- testFiltersInLandForSalePage -->
  <testcase classname="test.IkmanlkTests" name="testSortOptions" time="44.748">
    <system-out>
      <![CDATA[Navigated to Ikman home page.
Selected category: Vehicles
Selected sort option with ID: price_desc
Retrieved selected sort text: Price: High to low
Asserting that selected sort text contains expected option text: Price: High to low]]>
    </system-out>
  </testcase> <!-- testSortOptions -->
  <testcase classname="test.IkmanlkTests" name="testCategoryInHomePage" time="29.228">
    <system-out>
      <![CDATA[Navigated to Ikman.lk home page.
Selected district: Ratnapura
Selected area: Embilipitiya
Selected category: Property
Verifying that the title is displayed for the selected category page.]]>
    </system-out>
  </testcase> <!-- testCategoryInHomePage -->
  <testcase classname="test.IkmanlkTests" name="testFiltersInOtherHomeItemsPage" time="9.427">
    <system-out>
      <![CDATA[Navigated to Ikman.lk Home Page
Selected 'Home & Garden' category
Navigated to 'Other Home Items' page
Selected ad type: Wanted
URL after applying filters: https://ikman.lk/en/ads/sri-lanka/other-home-items?sort=date&order=desc&buy_now=0&urgent=0&type=to_buy&page=1]]>
    </system-out>
  </testcase> <!-- testFiltersInOtherHomeItemsPage -->
  <testcase classname="test.IkmanlkTests" name="testFiltersInFurniturePage" time="21.632">
    <system-out>
      <![CDATA[Navigated to Ikman.lk Home Page
Selected category: Home & Garden
Navigated to Furniture page
Selected ad type: For Sale
Set price range from 15000.0 to 200000.0
Selected condition: Used
Selected furniture types: [Shelves & Pantry Cupboards]
URL after applying filters: https://ikman.lk/en/ads/sri-lanka/furniture?money.price.minimum=15000&money.price.maximum=200000&enum.condition=used&enum.item_type=storage
Verified min price in URL: money.price.minimum=15000
Verified max price in URL: money.price.maximum=200000
Verified condition in URL: enum.condition=used
Verified furniture type in URL: storage]]>
    </system-out>
  </testcase> <!-- testFiltersInFurniturePage -->
  <testcase classname="test.IkmanlkTests" name="testCategoryInHomePage" time="14.973">
    <system-out>
      <![CDATA[Navigated to Ikman.lk home page.
Selected district: Matale
Selected area: Dambulla
Selected category: Electronics
Verifying that the title is displayed for the selected category page.]]>
    </system-out>
  </testcase> <!-- testCategoryInHomePage -->
  <testcase classname="test.IkmanlkTests" name="testFiltersInFurniturePage" time="36.066">
    <system-out>
      <![CDATA[Navigated to Ikman.lk Home Page
Selected category: Home & Garden
Navigated to Furniture page
Selected ad type: For Sale
Set price range from 30000.0 to 150000.0
Selected condition: New
Selected furniture types: [Living Room Furniture]
Selected brands: [Nilkamal, Don Corolis, Nisako]
URL after applying filters: https://ikman.lk/en/ads/sri-lanka/furniture/nilkamal?money.price.minimum=30000&money.price.maximum=150000&enum.condition=new&enum.item_type=living_room&enum.brand=nilkamal,don_corolis,nisako
Verified min price in URL: money.price.minimum=30000
Verified max price in URL: money.price.maximum=150000
Verified condition in URL: enum.condition=new
Verified furniture type in URL: living_room
Verified brand in URL: nilkamal
Verified brand in URL: don_corolis
Verified brand in URL: nisako]]>
    </system-out>
  </testcase> <!-- testFiltersInFurniturePage -->
  <testcase classname="test.IkmanlkTests" name="testFiltersInAutoPartsPage" time="36.171">
    <system-out>
      <![CDATA[Navigated to Ikman home page.
Selected category: Vehicles
Navigated to Auto Parts & Accessories category.
Selected ad type: For Sale
Applied price range: 30000.0 - 150000.0
Selected condition: new
Selected part types: Head Light,Tail Light,Doors
Selected brand: Suzuki, model: Wagon R
Current URL: https://ikman.lk/en/ads/sri-lanka/auto-parts-accessories/suzuki/wagonr?money.price.minimum=30000&money.price.maximum=150000&enum.condition=new&enum.item_type=doors,head_light,tail_light&tree.brand=suzuki_suzuki-wagonr
Verified minimum price in URL: money.price.minimum=30000
Verified maximum price in URL: money.price.maximum=150000
Verified condition in URL: enum.condition=new
Verified part type in URL: head_light
Verified part type in URL: tail_light
Verified part type in URL: doors
Verified brand and model in URL: tree.brand=suzuki_suzuki-wagonr]]>
    </system-out>
  </testcase> <!-- testFiltersInAutoPartsPage -->
  <testcase classname="test.IkmanlkTests" name="testFiltersInFurniturePage" time="20.830">
    <system-out>
      <![CDATA[Navigated to Ikman.lk Home Page
Selected category: Home & Garden
Navigated to Furniture page
Selected ad type: For Sale
Set price range from 15000.0 to null
Selected condition: Used
Selected brands: [Nippon]
URL after applying filters: https://ikman.lk/en/ads/sri-lanka/furniture/nippon?money.price.minimum=15000&enum.condition=used&enum.brand=nippon
Verified min price in URL: money.price.minimum=15000
Verified condition in URL: enum.condition=used
Verified brand in URL: nippon]]>
    </system-out>
  </testcase> <!-- testFiltersInFurniturePage -->
  <testcase classname="test.IkmanlkTests" name="testCategoryInHomePage" time="21.645">
    <system-out>
      <![CDATA[Navigated to Ikman.lk home page.
Selected district: Puttalam
Selected area: Chilaw
Selected category: Vehicles
Verifying that the title is displayed for the selected category page.]]>
    </system-out>
  </testcase> <!-- testCategoryInHomePage -->
  <testcase classname="test.IkmanlkTests" name="testSearchFunctionality" time="12.249">
    <system-out>
      <![CDATA[Navigated to Ikman.lk home page.
Entered search query: long bags
Search result heading contains the search query.
'No results found!' message displayed for query: long bags in sri lanka]]>
    </system-out>
  </testcase> <!-- testSearchFunctionality -->
  <testcase classname="test.IkmanlkTests" name="testFiltersInOtherHomeItemsPage" time="16.692">
    <system-out>
      <![CDATA[Navigated to Ikman.lk Home Page
Selected 'Home & Garden' category
Navigated to 'Other Home Items' page
Selected ad type: For Sale
Set price range from 15000.0 to 200000.0
Selected condition: Used
URL after applying filters: https://ikman.lk/en/ads/sri-lanka/other-home-items?money.price.minimum=15000&money.price.maximum=200000&enum.condition=used
Verified min price in URL: money.price.minimum=15000
Verified max price in URL: money.price.maximum=200000
Verified condition in URL: enum.condition=used]]>
    </system-out>
  </testcase> <!-- testFiltersInOtherHomeItemsPage -->
  <testcase classname="test.IkmanlkTests" name="testFiltersInMotorBikesPage" time="26.724">
    <system-out>
      <![CDATA[Navigated to Ikman.lk Home Page
Selected category: Vehicles
Navigated to Motorbikes page
Applied Ad Type filter: For Sale
Set price range filter: min = 30000.0, max = 150000.0
Applied Condition filter: new
Applied Bike Types filter: [E-bikes]
Set year of manufacture range: min = 2023.0, max = 2024.0
Set mileage range: min = 20000.0, max = 35000.0
URL after applying filters: https://ikman.lk/en/ads/sri-lanka/motorbikes-scooters/hero?money.price.minimum=30000&money.price.maximum=150000&enum.condition=new&enum.item_type=e_bikes&numeric.model_year.minimum=2023&numeric.model_year.maximum=2024&numeric.mileage.minimum=20000&numeric.mileage.maximum=35000&tree.brand=hero
Verified minimum price in URL: money.price.minimum=30000
Verified maximum price in URL: money.price.maximum=150000
Verified minimum year of manufacture in URL: numeric.model_year.minimum=2023
Verified maximum year of manufacture in URL: numeric.model_year.maximum=2024
Verified minimum mileage in URL: numeric.mileage.minimum=20000
Verified maximum mileage in URL: numeric.mileage.maximum=35000
Verified condition in URL: enum.condition=new
Verified bike type in URL: e_bikes
Verified brand in URL: tree.brand=hero]]>
    </system-out>
  </testcase> <!-- testFiltersInMotorBikesPage -->
  <testcase classname="test.IkmanlkTests" name="testFiltersInFurniturePage" time="28.639">
    <system-out>
      <![CDATA[Navigated to Ikman.lk Home Page
Selected category: Home & Garden
Navigated to Furniture page
Selected ad type: For Sale
Set price range from 10000.0 to 50000.0
Selected condition: New
Selected furniture types: [Bedroom Furniture, Shelves & Pantry Cupboards]
Selected brands: [Arpico]
URL after applying filters: https://ikman.lk/en/ads/sri-lanka/furniture/arpico?money.price.minimum=10000&money.price.maximum=50000&enum.condition=new&enum.item_type=bedroom,storage&enum.brand=arpico
Verified min price in URL: money.price.minimum=10000
Verified max price in URL: money.price.maximum=50000
Verified condition in URL: enum.condition=new
Verified furniture type in URL: bedroom
Verified furniture type in URL: storage
Verified brand in URL: arpico]]>
    </system-out>
  </testcase> <!-- testFiltersInFurniturePage -->
  <system-out>
    <![CDATA[Navigated to Ikman.lk home page.
Navigated to Ikman.lk home page.
Selected district: Colombo
Selected area: Maharagama
Entered search query: laptop
Search result heading contains the search query.
Search results displayed for query: laptop in sri lanka
Navigated to Ikman.lk home page.
Entered search query: designer leather bag
Search result heading contains the search query.
'No results found!' message displayed for query: designer leather bag in sri lanka
Navigated to Ikman.lk home page.
Selected category: Electronics
Verifying that the title is displayed for the selected category page.
Entered search query: used car
Search result heading contains the search query.
Search results displayed for query: used car in sri lanka
Navigated to Ikman.lk home page.
Navigated to Ikman.lk home page.
Selected district: Ampara
Selected area: Ampara City
Entered search query: smartphone with 5G
Search result heading contains the search query.
'No results found!' message displayed for query: smartphone with 5g in sri lanka
Navigated to Ikman.lk home page.
Entered search query: mountain bike for sale
Search result heading contains the search query.
Search results displayed for query: mountain bike for sale in sri lanka
Selected category: Vehicles
Verifying that the title is displayed for the selected category page.
Navigated to Ikman.lk home page.
Navigated to Ikman.lk home page.
Selected district: Batticaloa
Selected area: Batticaloa City
Entered search query: wooden dining table
Search result heading contains the search query.
Search results displayed for query: wooden dining table in sri lanka
Navigated to Ikman.lk home page.
Selected category: Property
Verifying that the title is displayed for the selected category page.
Entered search query: Samsung phone
Search result heading contains the search query.
Search results displayed for query: samsung phone in sri lanka
Navigated to Ikman.lk home page.
Navigated to Ikman.lk home page.
Selected district: Jaffna
Selected area: Nallur
Entered search query: long bags
Search result heading contains the search query.
'No results found!' message displayed for query: long bags in sri lanka
Navigated to Ikman.lk home page.
Selected category: Home & Garden
Verifying that the title is displayed for the selected category page.
Entered search query: pizzahut
Search result heading contains the search query.
'No results found!' message displayed for query: pizzahut in sri lanka
Navigated to Ikman.lk home page.
Selected district: Matale
Selected area: Dambulla
Navigated to Ikman.lk home page.
Selected category: Electronics
Verifying that the title is displayed for the selected category page.
Navigated to Ikman.lk home page.
Selected district: Monaragala
Selected area: Wellawaya
Entered search query: waiter job
Search result heading contains the search query.
Search results displayed for query: waiter job in sri lanka
Navigated to Ikman home page.
Selected category: Property
Verifying that the title is displayed for the selected category page.
Selected category: Electronics
Selected sort option with ID: date_desc
Retrieved selected sort text: Date: Newest on top
Asserting that selected sort text contains expected option text: Date: Newest on top
Navigated to Ikman.lk home page.
Selected district: Puttalam
Selected area: Chilaw
Navigated to Ikman home page.
Selected category: Vehicles
Verifying that the title is displayed for the selected category page.
Selected category: Electronics
Selected sort option with ID: date_asc
Retrieved selected sort text: Date: Oldest on top
Asserting that selected sort text contains expected option text: Date: Oldest on top
Navigated to Ikman.lk home page.
Selected district: Ratnapura
Selected area: Embilipitiya
Navigated to Ikman home page.
Selected category: Electronics
Selected category: Property
Verifying that the title is displayed for the selected category page.
Selected sort option with ID: price_desc
Retrieved selected sort text: Price: High to low
Asserting that selected sort text contains expected option text: Price: High to low
Navigated to Ikman.lk home page.
Selected district: United Arab Emirates
Selected area: Dubai
Navigated to Ikman home page.
Selected category: Electronics
Verifying that the title is displayed for the selected category page.
Selected category: Electronics
Selected sort option with ID: price_asc
Retrieved selected sort text: Price: Low to high
Asserting that selected sort text contains expected option text: Price: Low to high
Navigated to Ikman home page.
Navigated to Ikman.lk home page.
Selected district: Saudi Arabia
Selected area: Riyadh
Selected category: Property
Verifying that the title is displayed for the selected category page.
Selected category: Vehicles
Selected sort option with ID: date_desc
Retrieved selected sort text: Date: Newest on top
Asserting that selected sort text contains expected option text: Date: Newest on top
Navigated to Ikman.lk home page.
Navigated to Ikman home page.
Selected category: Electronics
Navigated to Mobile Phones category.
Applied ad type filter: For Sale
Applied condition filter: New
Selected category: Vehicles
Selected sort option with ID: date_asc
Retrieved selected sort text: Date: Oldest on top
Asserting that selected sort text contains expected option text: Date: Oldest on top
Applied price range filter: Min = 100000.0, Max = 200000.0
Applied brand and model filters: Brand = Apple, Model = iPhone 12 Pro
Current URL after applying filters: https://ikman.lk/en/ads/sri-lanka/mobile-phones/apple/iphone-12-pro?enum.condition=new&money.price.minimum=100000&money.price.maximum=200000&tree.brand=apple_apple-iphone-12-pro
Verified that condition is present in the URL: enum.condition=new
Verified that min price is present in the URL: money.price.minimum=100000
Verified that max price is present in the URL: money.price.maximum=200000
Verified that brand and model are present in the URL: tree.brand=apple_apple-iphone-12-pro
Navigated to Ikman.lk home page.
Navigated to Ikman home page.
Selected category: Electronics
Navigated to Mobile Phones category.
Applied ad type filter: For Sale
Applied condition filter: New
Applied price range filter: Min = 50000.0, Max = 200000.0
Applied brand and model filters: Brand = Samsung, Model = Galaxy S10
Current URL after applying filters: https://ikman.lk/en/ads/sri-lanka/mobile-phones/samsung/galaxy-s10?enum.condition=new&money.price.minimum=50000&money.price.maximum=200000&tree.brand=samsung_samsung-galaxy-s10
Verified that condition is present in the URL: enum.condition=new
Verified that min price is present in the URL: money.price.minimum=50000
Verified that max price is present in the URL: money.price.maximum=200000
Verified that brand and model are present in the URL: tree.brand=samsung_samsung-galaxy-s10
Selected category: Vehicles
Selected sort option with ID: price_desc
Retrieved selected sort text: Price: High to low
Asserting that selected sort text contains expected option text: Price: High to low
Navigated to Ikman.lk home page.
Navigated to Ikman home page.
Selected category: Electronics
Navigated to Mobile Phones category.
Applied ad type filter: For Sale
Applied price range filter: Min = null, Max = 130000.0
Applied brand and model filters: Brand = Samsung, Model = Galaxy A15
Current URL after applying filters: https://ikman.lk/en/ads/sri-lanka/mobile-phones/samsung/galaxy-a15?money.price.maximum=130000&tree.brand=samsung_samsung-galaxy-a15
Verified that max price is present in the URL: money.price.maximum=130000
Verified that brand and model are present in the URL: tree.brand=samsung_samsung-galaxy-a15
Selected category: Vehicles
Selected sort option with ID: price_asc
Retrieved selected sort text: Price: Low to high
Asserting that selected sort text contains expected option text: Price: Low to high
Navigated to Ikman.lk home page.
Navigated to Ikman home page.
Selected category: Electronics
Navigated to Mobile Phones category.
Applied ad type filter: For Sale
Applied condition filter: New
Selected category: Property
Selected sort option with ID: date_desc
Retrieved selected sort text: Date: Newest on top
Asserting that selected sort text contains expected option text: Date: Newest on top
Applied price range filter: Min = 30000.0, Max = null
Navigated to Ikman home page.
Applied brand and model filters: Brand = Xiaomi, Model = Redmi Note 13
Current URL after applying filters: https://ikman.lk/en/ads/sri-lanka/mobile-phones/xiaomi/redmi-note-13?enum.condition=new&money.price.minimum=30000&tree.brand=xiaomi_xiaomi-redmi-note-13
Verified that condition is present in the URL: enum.condition=new
Verified that min price is present in the URL: money.price.minimum=30000
Verified that brand and model are present in the URL: tree.brand=xiaomi_xiaomi-redmi-note-13
Navigated to Ikman.lk home page.
Selected category: Property
Selected sort option with ID: date_asc
Retrieved selected sort text: Date: Oldest on top
Asserting that selected sort text contains expected option text: Date: Oldest on top
Selected category: Electronics
Navigated to Mobile Phones category.
Applied ad type filter: For Sale
Applied condition filter: Used
Applied brand and model filters: Brand = Xiaomi, Model = null
Current URL after applying filters: https://ikman.lk/en/ads/sri-lanka/mobile-phones/xiaomi?enum.condition=used&tree.brand=xiaomi
Verified that condition is present in the URL: enum.condition=used
Verified that brand is present in the URL: xiaomi
Navigated to Ikman home page.
Navigated to Ikman.lk home page.
Selected category: Property
Selected sort option with ID: price_desc
Retrieved selected sort text: Price: High to low
Asserting that selected sort text contains expected option text: Price: High to low
Navigated to Ikman home page.
Selected category: Electronics
Navigated to Mobile Phones category.
Applied ad type filter: For Sale
Applied condition filter: New
Selected category: Property
Selected sort option with ID: price_asc
Retrieved selected sort text: Price: Low to high
Asserting that selected sort text contains expected option text: Price: Low to high
Applied price range filter: Min = 100000.0, Max = 120000.0
Navigated to Ikman home page.
Applied brand and model filters: Brand = Google, Model = Pixel 7 Pro
Current URL after applying filters: https://ikman.lk/en/ads/sri-lanka/mobile-phones/google/pixel-7-pro?enum.condition=new&money.price.minimum=100000&money.price.maximum=120000&tree.brand=google_google-pixel-7-pro
Verified that condition is present in the URL: enum.condition=new
Verified that min price is present in the URL: money.price.minimum=100000
Verified that max price is present in the URL: money.price.maximum=120000
Verified that brand and model are present in the URL: tree.brand=google_google-pixel-7-pro
Navigated to Ikman.lk home page.
Selected category: Home & Garden
Selected sort option with ID: date_desc
Retrieved selected sort text: Date: Newest on top
Asserting that selected sort text contains expected option text: Date: Newest on top
Selected category: Electronics
Navigated to Mobile Phones category.
Applied ad type filter: For Sale
Navigated to Ikman home page.
Applied condition filter: New
Applied price range filter: Min = 40000.0, Max = 190000.0
Applied brand and model filters: Brand = Vivo, Model = Y93
Current URL after applying filters: https://ikman.lk/en/ads/sri-lanka/mobile-phones/vivo/y93?enum.condition=new&money.price.minimum=40000&money.price.maximum=190000&tree.brand=vivo_vivo-y93
Verified that condition is present in the URL: enum.condition=new
Verified that min price is present in the URL: money.price.minimum=40000
Verified that max price is present in the URL: money.price.maximum=190000
Verified that brand and model are present in the URL: tree.brand=vivo_vivo-y93
Selected category: Home & Garden
Selected sort option with ID: date_asc
Retrieved selected sort text: Date: Oldest on top
Asserting that selected sort text contains expected option text: Date: Oldest on top
Navigated to Ikman.lk home page.
Navigated to Ikman home page.
Selected category: Electronics
Navigated to Mobile Phones category.
Applied ad type filter: For Sale
Selected category: Home & Garden
Selected sort option with ID: price_desc
Retrieved selected sort text: Price: High to low
Asserting that selected sort text contains expected option text: Price: High to low
Applied condition filter: Used
Applied price range filter: Min = 40000.0, Max = 95000.0
Applied brand and model filters: Brand = Vivo, Model = null
Current URL after applying filters: https://ikman.lk/en/ads/sri-lanka/mobile-phones/vivo?enum.condition=used&money.price.minimum=40000&money.price.maximum=95000&tree.brand=vivo
Verified that condition is present in the URL: enum.condition=used
Verified that min price is present in the URL: money.price.minimum=40000
Verified that max price is present in the URL: money.price.maximum=95000
Verified that brand is present in the URL: vivo
Navigated to Ikman.lk home page.
Navigated to Ikman home page.
Selected category: Electronics
Navigated to Mobile Phones category.
Applied ad type filter: Wanted
Current URL after applying filters: https://ikman.lk/en/ads/sri-lanka/mobile-phones?sort=date&order=desc&buy_now=0&urgent=0&type=to_buy&page=1
Navigated to Ikman home page.
Selected category: Home & Garden
Selected sort option with ID: price_asc
Retrieved selected sort text: Price: Low to high
Asserting that selected sort text contains expected option text: Price: Low to high
Navigated to Ikman home page.
Selected category: Electronics
Navigated to Computer Accessories category.
Applied ad type filter: For Sale
Applied condition filter: New
Applied price range filter: Min = 10000.0, Max = 50000.0
Applied item type filters: Monitor,Software,POS
Selected category: Property
Navigated to Land For Sale category.
Applied ad type filter: For Sale
Applied brand filters: HP,Apple,TSC,EPSON
URL after applying filters: https://ikman.lk/en/ads/sri-lanka/computer-accessories/hp?enum.condition=new&money.price.minimum=10000&money.price.maximum=50000&enum.item_type=monitor,software,pos&enum.brand=hp,epson,apple,tsc
Verified that condition is present in the URL: enum.condition=new
Verified that min price is present in the URL: money.price.minimum=10000
Verified that max price is present in the URL: money.price.maximum=50000
Verified that brand is present in the URL: hp
Verified that brand is present in the URL: apple
Verified that brand is present in the URL: tsc
Verified that brand is present in the URL: epson
Verified that item type is present in the URL: monitor
Verified that item type is present in the URL: software
Verified that item type is present in the URL: pos
Navigated to Ikman home page.
Applied price range filter: Min = 10000.0, Max = 50000.0
Applied land size filter: Min = 1000.0, Max = 5000.0
URL after applying filters: https://ikman.lk/en/ads/sri-lanka/land-for-sale?money.price.minimum=10000&money.price.maximum=50000&numeric.size.minimum=1000&numeric.size.maximum=5000
Verified that minimum price is present in the URL: money.price.minimum=10000
Verified that maximum price is present in the URL: money.price.maximum=50000
Verified that minimum land size is present in the URL: numeric.size.minimum=1000
Verified that maximum land size is present in the URL: numeric.size.maximum=5000
Navigated to Ikman home page.
Selected category: Property
Navigated to Land For Sale category.
Applied ad type filter: For Sale
Selected category: Electronics
Navigated to Computer Accessories category.
Applied ad type filter: For Sale
Applied condition filter: Used
Applied price range filter: Min = 20000.0, Max = 100000.0
Applied land size filter: Min = null, Max = 2000.0
URL after applying filters: https://ikman.lk/en/ads/sri-lanka/land-for-sale?money.price.minimum=20000&money.price.maximum=100000&numeric.size.maximum=2000
Verified that minimum price is present in the URL: money.price.minimum=20000
Verified that maximum price is present in the URL: money.price.maximum=100000
Verified that maximum land size is present in the URL: numeric.size.maximum=2000
Applied price range filter: Min = 20000.0, Max = 100000.0
Navigated to Ikman home page.
Selected category: Property
Applied item type filters: RAM,Mouse,Keyboard,POS
URL after applying filters: https://ikman.lk/en/ads/sri-lanka/computer-accessories?enum.condition=used&money.price.minimum=20000&money.price.maximum=100000&enum.item_type=pos,keyboard,ram,mouse
Verified that condition is present in the URL: enum.condition=used
Verified that min price is present in the URL: money.price.minimum=20000
Verified that max price is present in the URL: money.price.maximum=100000
Verified that item type is present in the URL: ram
Verified that item type is present in the URL: mouse
Verified that item type is present in the URL: keyboard
Verified that item type is present in the URL: pos
Navigated to Land For Sale category.
Applied ad type filter: For Sale
Navigated to Ikman home page.
Applied price range filter: Min = 30000.0, Max = 150000.0
Applied land size filter: Min = 500.0, Max = null
URL after applying filters: https://ikman.lk/en/ads/sri-lanka/land-for-sale?money.price.minimum=30000&money.price.maximum=150000&numeric.size.minimum=500
Verified that minimum price is present in the URL: money.price.minimum=30000
Verified that maximum price is present in the URL: money.price.maximum=150000
Verified that minimum land size is present in the URL: numeric.size.minimum=500
Selected category: Electronics
Navigated to Computer Accessories category.
Applied ad type filter: For Sale
Navigated to Ikman home page.
Applied condition filter: New
Applied price range filter: Min = 30000.0, Max = 150000.0
Applied item type filters: UPS
Selected category: Property
Navigated to Land For Sale category.
Applied ad type filter: For Sale
Applied brand filters: DELL,ASUS,Kingston
URL after applying filters: https://ikman.lk/en/ads/sri-lanka/computer-accessories/dell?enum.condition=new&money.price.minimum=30000&money.price.maximum=150000&enum.item_type=ups&enum.brand=dell,asus,kingston
Verified that condition is present in the URL: enum.condition=new
Verified that min price is present in the URL: money.price.minimum=30000
Verified that max price is present in the URL: money.price.maximum=150000
Verified that brand is present in the URL: dell
Verified that brand is present in the URL: asus
Verified that brand is present in the URL: kingston
Verified that item type is present in the URL: ups
Applied price range filter: Min = 15000.0, Max = 200000.0
Navigated to Ikman home page.
Applied land size filter: Min = 1000.0, Max = 1000.0
URL after applying filters: https://ikman.lk/en/ads/sri-lanka/land-for-sale?money.price.minimum=15000&money.price.maximum=200000&numeric.size.minimum=1000&numeric.size.maximum=1000
Verified that minimum price is present in the URL: money.price.minimum=15000
Verified that maximum price is present in the URL: money.price.maximum=200000
Verified that minimum land size is present in the URL: numeric.size.minimum=1000
Verified that maximum land size is present in the URL: numeric.size.maximum=1000
Selected category: Electronics
Navigated to Computer Accessories category.
Applied ad type filter: For Sale
Applied condition filter: Used
Navigated to Ikman home page.
Applied price range filter: Min = 15000.0, Max = 200000.0
Applied brand filters: Huawei
URL after applying filters: https://ikman.lk/en/ads/sri-lanka/computer-accessories/huawei?enum.condition=used&money.price.minimum=15000&money.price.maximum=200000&enum.brand=huawei
Verified that condition is present in the URL: enum.condition=used
Verified that min price is present in the URL: money.price.minimum=15000
Verified that max price is present in the URL: money.price.maximum=200000
Verified that brand is present in the URL: huawei
Navigated to Ikman home page.
Selected category: Property
Navigated to Land For Sale category.
Applied ad type filter: Wanted
URL after applying filters: https://ikman.lk/en/ads/sri-lanka/land-for-sale?sort=date&order=desc&buy_now=0&urgent=0&type=to_buy&page=1
Selected category: Electronics
Navigated to Computer Accessories category.
Applied ad type filter: Wanted
URL after applying filters: https://ikman.lk/en/ads/sri-lanka/computer-accessories?sort=date&order=desc&buy_now=0&urgent=0&type=to_buy&page=1
Navigated to Ikman home page.
Navigated to Ikman home page.
Selected category: Property
Navigated to Land For Sale category.
Applied ad type filter: For Sale
Selected category: Electronics
Applied price range filter: Min = 15000.0, Max = null
Navigated to Computer Accessories category.
Applied land size filter: Min = 3000.0, Max = 100000.0
URL after applying filters: https://ikman.lk/en/ads/sri-lanka/land-for-sale?money.price.minimum=15000&numeric.size.minimum=3000&numeric.size.maximum=100000
Verified that minimum price is present in the URL: money.price.minimum=15000
Verified that minimum land size is present in the URL: numeric.size.minimum=3000
[...]
Applied house size range: 1000.0 - 5000.0
Selected number of bedrooms: 1,3
Selected part types: Car Audio Systems,Bumper
Selected number of bathrooms: 1,10
URL after applying filters: https://ikman.lk/en/ads/sri-lanka/houses-for-sale?money.price.minimum=10000&money.price.maximum=50000&numeric.house_size.minimum=1000&numeric.house_size.maximum=5000&enum.bedrooms=1,3&enum.bathrooms=1,10
Verified minimum price in URL: money.price.minimum=10000
Verified maximum price in URL: money.price.maximum=50000
Verified minimum house size in URL: numeric.house_size.minimum=1000
Verified maximum house size in URL: numeric.house_size.maximum=5000
Verified number of bedrooms in URL: enum.bedrooms=1,3
Verified number of bathrooms in URL: enum.bathrooms=1,10
Navigated to Ikman home page.
Selected brand: Honda, model: Vezel
Current URL: https://ikman.lk/en/ads/sri-lanka/auto-parts-accessories/honda/vezel?money.price.minimum=10000&money.price.maximum=50000&enum.condition=reconditioned&enum.item_type=car_audio_systems,bumper&tree.brand=honda_honda-vezel
Verified minimum price in URL: money.price.minimum=10000
Verified maximum price in URL: money.price.maximum=50000
Verified condition in URL: enum.condition=reconditioned
Verified part type in URL: car_audio_systems
Verified part type in URL: bumper
Verified brand and model in URL: tree.brand=honda_honda-vezel
Navigated to Ikman home page.
Selected category: Property
Navigated to Houses For Sale category.
Selected ad type: For Sale
Applied price range: 20000.0 - 100000.0
Applied house size range: null - 2000.0
Selected number of bathrooms: 2
URL after applying filters: https://ikman.lk/en/ads/sri-lanka/houses-for-sale?money.price.minimum=20000&money.price.maximum=100000&numeric.house_size.maximum=2000&enum.bathrooms=2
Verified minimum price in URL: money.price.minimum=20000
Verified maximum price in URL: money.price.maximum=100000
Verified maximum house size in URL: numeric.house_size.maximum=2000
Verified number of bathrooms in URL: enum.bathrooms=2
Selected category: Vehicles
Navigated to Auto Parts & Accessories category.
Selected ad type: For Sale
Navigated to Ikman home page.
Applied price range: 20000.0 - 100000.0
Selected condition: used
Selected part types: Engines & Engine Parts
Selected category: Property
Selected brand: Toyota, model: Prius
Current URL: https://ikman.lk/en/ads/sri-lanka/auto-parts-accessories/toyota/prius?money.price.minimum=20000&money.price.maximum=100000&enum.condition=used&enum.item_type=engines_engine_parts&tree.brand=toyota_toyota-prius
Verified minimum price in URL: money.price.minimum=20000
Verified maximum price in URL: money.price.maximum=100000
Verified condition in URL: enum.condition=used
Verified part type in URL: engines_engine_parts
Verified brand and model in URL: tree.brand=toyota_toyota-prius
Navigated to Houses For Sale category.
Selected ad type: For Sale
Navigated to Ikman home page.
Applied price range: 30000.0 - 150000.0
Applied house size range: 500.0 - null
Selected category: Vehicles
Selected number of bedrooms: 4,5
URL after applying filters: https://ikman.lk/en/ads/sri-lanka/houses-for-sale?money.price.minimum=30000&money.price.maximum=150000&numeric.house_size.minimum=500&enum.bedrooms=4,5
Verified minimum price in URL: money.price.minimum=30000
Verified maximum price in URL: money.price.maximum=150000
Verified minimum house size in URL: numeric.house_size.minimum=500
Verified number of bedrooms in URL: enum.bedrooms=4,5
Navigated to Auto Parts & Accessories category.
Selected ad type: For Sale
Navigated to Ikman home page.
Applied price range: 30000.0 - 150000.0
Selected condition: new
Selected part types: Head Light,Tail Light,Doors
Selected category: Property
Navigated to Houses For Sale category.
Selected ad type: For Sale
Selected brand: Suzuki, model: Wagon R
Current URL: https://ikman.lk/en/ads/sri-lanka/auto-parts-accessories/suzuki/wagonr?money.price.minimum=30000&money.price.maximum=150000&enum.condition=new&enum.item_type=doors,head_light,tail_light&tree.brand=suzuki_suzuki-wagonr
Verified minimum price in URL: money.price.minimum=30000
Verified maximum price in URL: money.price.maximum=150000
Verified condition in URL: enum.condition=new
Verified part type in URL: head_light
Verified part type in URL: tail_light
Verified part type in URL: doors
Verified brand and model in URL: tree.brand=suzuki_suzuki-wagonr
Applied price range: 15000.0 - 200000.0
Applied house size range: 1000.0 - 1000.0
Selected number of bedrooms: 9
Selected number of bathrooms: 9
URL after applying filters: https://ikman.lk/en/ads/sri-lanka/houses-for-sale?money.price.minimum=15000&money.price.maximum=200000&numeric.house_size.minimum=1000&numeric.house_size.maximum=1000&enum.bedrooms=9&enum.bathrooms=9
Verified minimum price in URL: money.price.minimum=15000
Verified maximum price in URL: money.price.maximum=200000
Verified minimum house size in URL: numeric.house_size.minimum=1000
Verified maximum house size in URL: numeric.house_size.maximum=1000
Verified number of bedrooms in URL: enum.bedrooms=9
Verified number of bathrooms in URL: enum.bathrooms=9
Navigated to Ikman home page.
Navigated to Ikman home page.
Selected category: Vehicles
Navigated to Auto Parts & Accessories category.
Selected ad type: For Sale
Selected category: Property
Applied price range: 15000.0 - 200000.0
Navigated to Houses For Sale category.
Selected condition: reconditioned
Selected ad type: Wanted
URL after applying filters: https://ikman.lk/en/ads/sri-lanka/houses-for-sale?sort=date&order=desc&buy_now=0&urgent=0&type=to_buy&page=1
Navigated to Ikman home page.
Selected brand: Nissan, model: March
Current URL: https://ikman.lk/en/ads/sri-lanka/auto-parts-accessories/nissan/march?money.price.minimum=15000&money.price.maximum=200000&enum.condition=reconditioned&tree.brand=nissan_nissan-march
Verified minimum price in URL: money.price.minimum=15000
Verified maximum price in URL: money.price.maximum=200000
Verified condition in URL: enum.condition=reconditioned
Verified brand and model in URL: tree.brand=nissan_nissan-march
Navigated to Ikman home page.
Selected category: Property
Navigated to Houses For Sale category.
Selected ad type: For Sale
Applied price range: 15000.0 - null
Selected category: Vehicles
Navigated to Auto Parts & Accessories category.
Selected ad type: Wanted
Current URL: https://ikman.lk/en/ads/sri-lanka/auto-parts-accessories?sort=date&order=desc&buy_now=0&urgent=0&type=to_buy&page=1
Applied house size range: 3000.0 - 100000.0
Selected number of bedrooms: 5,6,7
Selected number of bathrooms: 8,9,10
URL after applying filters: https://ikman.lk/en/ads/sri-lanka/houses-for-sale?money.price.minimum=15000&numeric.house_size.minimum=3000&numeric.house_size.maximum=100000&enum.bedrooms=5,6,7&enum.bathrooms=8,9,10
Verified minimum price in URL: money.price.minimum=15000
Verified minimum house size in URL: numeric.house_size.minimum=3000
Verified maximum house size in URL: numeric.house_size.maximum=100000
Verified number of bedrooms in URL: enum.bedrooms=5,6,7
Verified number of bathrooms in URL: enum.bathrooms=8,9,10
Navigated to Ikman home page.
Navigated to Ikman.lk Home Page
Selected category: Vehicles
Navigated to Auto Parts & Accessories category.
Selected ad type: For Sale
Applied price range: 15000.0 - null
Selected category: Vehicles
Navigated to Motorbikes page
Applied Ad Type filter: For Sale
Selected part types: Lighting & Indicators
Selected brand: BMW, model: null
Current URL: https://ikman.lk/en/ads/sri-lanka/auto-parts-accessories/bmw?money.price.minimum=15000&enum.item_type=lighting_indicators&tree.brand=bmw
Verified minimum price in URL: money.price.minimum=15000
Verified part type in URL: lighting_indicators
Verified brand in URL: tree.brand=bmw
Set price range filter: min = 10000.0, max = 50000.0
Applied Condition filter: reconditioned
Applied Bike Types filter: [Motorbikes]
Navigated to Ikman.lk Home Page
Set year of manufacture range: min = 2019.0, max = 2022.0
Set mileage range: min = 40000.0, max = 60000.0
Selected category: Home & Garden
Navigated to Furniture page
URL after applying filters: https://ikman.lk/en/ads/sri-lanka/motorbikes-scooters/bajaj/ct100?money.price.minimum=10000&money.price.maximum=50000&enum.condition=reconditioned&enum.item_type=motorbikes&numeric.model_year.minimum=2019&numeric.model_year.maximum=2022&numeric.mileage.minimum=40000&numeric.mileage.maximum=60000&tree.brand=bajaj_bajaj-ct100
Verified minimum price in URL: money.price.minimum=10000
Verified maximum price in URL: money.price.maximum=50000
Verified minimum year of manufacture in URL: numeric.model_year.minimum=2019
Verified maximum year of manufacture in URL: numeric.model_year.maximum=2022
Verified minimum mileage in URL: numeric.mileage.minimum=40000
Verified maximum mileage in URL: numeric.mileage.maximum=60000
Verified condition in URL: enum.condition=reconditioned
Verified bike type in URL: motorbikes
Verified brand and model in URL: tree.brand=bajaj_bajaj-ct100
Selected ad type: For Sale
Navigated to Ikman.lk Home Page
Set price range from 10000.0 to 50000.0
Selected condition: New
Selected category: Vehicles
Selected furniture types: [Bedroom Furniture, Shelves & Pantry Cupboards]
Navigated to Motorbikes page
Applied Ad Type filter: For Sale
Selected brands: [Arpico]
URL after applying filters: https://ikman.lk/en/ads/sri-lanka/furniture/arpico?money.price.minimum=10000&money.price.maximum=50000&enum.condition=new&enum.item_type=bedroom,storage&enum.brand=arpico
Verified min price in URL: money.price.minimum=10000
Verified max price in URL: money.price.maximum=50000
Verified condition in URL: enum.condition=new
Verified furniture type in URL: bedroom
Verified furniture type in URL: storage
Verified brand in URL: arpico
Navigated to Ikman.lk Home Page
Set price range filter: min = 20000.0, max = 100000.0
Applied Condition filter: used
Applied Bike Types filter: [Scooters]
Set year of manufacture range: min = null, max = 2019.0
Set mileage range: min = 30000.0, max = 50000.0
Selected category: Home & Garden
Navigated to Furniture page
Selected ad type: For Sale
URL after applying filters: https://ikman.lk/en/ads/sri-lanka/motorbikes-scooters/honda/cb-shine?money.price.minimum=20000&money.price.maximum=100000&enum.condition=used&enum.item_type=scooters&numeric.model_year.maximum=2019&numeric.mileage.minimum=30000&numeric.mileage.maximum=50000&tree.brand=honda_honda-cb-shine
Verified minimum price in URL: money.price.minimum=20000
Verified maximum price in URL: money.price.maximum=100000
Verified maximum year of manufacture in URL: numeric.model_year.maximum=2019
Verified minimum mileage in URL: numeric.mileage.minimum=30000
Verified maximum mileage in URL: numeric.mileage.maximum=50000
Verified condition in URL: enum.condition=used
Verified bike type in URL: scooters
Verified brand and model in URL: tree.brand=honda_honda-cb-shine
Navigated to Ikman.lk Home Page
Set price range from 20000.0 to 100000.0
Selected condition: Used
Selected furniture types: [Tables & Chairs, Lighting, Textiles / decoration]
Selected category: Vehicles
Navigated to Motorbikes page
Applied Ad Type filter: For Sale
Selected brands: [E H Cooray, Softlogic]
URL after applying filters: https://ikman.lk/en/ads/sri-lanka/furniture/softlogic?money.price.minimum=20000&money.price.maximum=100000&enum.condition=used&enum.item_type=table_chair,decoration,lightning&enum.brand=softlogic,e_h_cooray
Verified min price in URL: money.price.minimum=20000
Verified max price in URL: money.price.maximum=100000
Verified condition in URL: enum.condition=used
Verified furniture type in URL: table_chair
Verified furniture type in URL: lightning
Verified furniture type in URL: decoration
Verified brand in URL: e_h_cooray
Verified brand in URL: softlogic
Set price range filter: min = 30000.0, max = 150000.0
Applied Condition filter: new
Applied Bike Types filter: [E-bikes]
Navigated to Ikman.lk Home Page
Set year of manufacture range: min = 2023.0, max = 2024.0
Set mileage range: min = 20000.0, max = 35000.0
URL after applying filters: https://ikman.lk/en/ads/sri-lanka/motorbikes-scooters/hero?money.price.minimum=30000&money.price.maximum=150000&enum.condition=new&enum.item_type=e_bikes&numeric.model_year.minimum=2023&numeric.model_year.maximum=2024&numeric.mileage.minimum=20000&numeric.mileage.maximum=35000&tree.brand=hero
Verified minimum price in URL: money.price.minimum=30000
Verified maximum price in URL: money.price.maximum=150000
Verified minimum year of manufacture in URL: numeric.model_year.minimum=2023
Verified maximum year of manufacture in URL: numeric.model_year.maximum=2024
Verified minimum mileage in URL: numeric.mileage.minimum=20000
Verified maximum mileage in URL: numeric.mileage.maximum=35000
Verified condition in URL: enum.condition=new
Verified bike type in URL: e_bikes
Verified brand in URL: tree.brand=hero
Selected category: Home & Garden
Navigated to Ikman.lk Home Page
Navigated to Furniture page
Selected ad type: For Sale
Selected category: Vehicles
Set price range from 30000.0 to 150000.0
Navigated to Motorbikes page
Selected condition: New
Applied Ad Type filter: For Sale
Selected furniture types: [Living Room Furniture]
Set price range filter: min = 15000.0, max = 200000.0
Applied Condition filter: reconditioned
Applied Bike Types filter: [Quadricycles]
Set year of manufacture range: min = 2010.0, max = null
Set mileage range: min = null, max = 19000.0
URL after applying filters: https://ikman.lk/en/ads/sri-lanka/motorbikes-scooters/yamaha/r15?money.price.minimum=15000&money.price.maximum=200000&enum.condition=reconditioned&enum.item_type=quadricycles&numeric.model_year.minimum=2010&numeric.mileage.maximum=19000&tree.brand=yamaha_yamaha-r15
Verified minimum price in URL: money.price.minimum=15000
Verified maximum price in URL: money.price.maximum=200000
Verified minimum year of manufacture in URL: numeric.model_year.minimum=2010
Verified maximum mileage in URL: numeric.mileage.maximum=19000
Verified condition in URL: enum.condition=reconditioned
Verified bike type in URL: quadricycles
Verified brand and model in URL: tree.brand=yamaha_yamaha-r15
Selected brands: [Nilkamal, Don Corolis, Nisako]
URL after applying filters: https://ikman.lk/en/ads/sri-lanka/furniture/nilkamal?money.price.minimum=30000&money.price.maximum=150000&enum.condition=new&enum.item_type=living_room&enum.brand=nilkamal,don_corolis,nisako
Verified min price in URL: money.price.minimum=30000
Verified max price in URL: money.price.maximum=150000
Verified condition in URL: enum.condition=new
Verified furniture type in URL: living_room
Verified brand in URL: nilkamal
Verified brand in URL: don_corolis
Verified brand in URL: nisako
Navigated to Ikman.lk Home Page
Navigated to Ikman.lk Home Page
Selected category: Vehicles
Selected category: Home & Garden
Navigated to Motorbikes page
Navigated to Furniture page
Selected ad type: For Sale
Applied Ad Type filter: Wanted
URL after applying filters: https://ikman.lk/en/ads/sri-lanka/motorbikes-scooters?sort=date&order=desc&buy_now=0&urgent=0&type=to_buy&page=1
Navigated to Ikman.lk Home Page
Set price range from 15000.0 to 200000.0
Selected condition: Used
Selected furniture types: [Shelves & Pantry Cupboards]
URL after applying filters: https://ikman.lk/en/ads/sri-lanka/furniture?money.price.minimum=15000&money.price.maximum=200000&enum.condition=used&enum.item_type=storage
Verified min price in URL: money.price.minimum=15000
Verified max price in URL: money.price.maximum=200000
Verified condition in URL: enum.condition=used
Verified furniture type in URL: storage
Selected category: Vehicles
Navigated to Ikman.lk Home Page
Navigated to Motorbikes page
Applied Ad Type filter: For Sale
Set price range filter: min = 15000.0, max = null
Set year of manufacture range: min = 2015.0, max = 2015.0
Selected category: Home & Garden
Navigated to Furniture page
Selected ad type: Wanted
URL after applying filters: https://ikman.lk/en/ads/sri-lanka/furniture?sort=date&order=desc&buy_now=0&urgent=0&type=to_buy&page=1
Set mileage range: min = 5000.0, max = 25000.0
Navigated to Ikman.lk Home Page
URL after applying filters: https://ikman.lk/en/ads/sri-lanka/motorbikes-scooters/tvs/zest?money.price.minimum=15000&numeric.model_year.minimum=2015&numeric.model_year.maximum=2015&numeric.mileage.minimum=5000&numeric.mileage.maximum=25000&tree.brand=tvs_tvs-zest
Verified minimum price in URL: money.price.minimum=15000
Verified minimum year of manufacture in URL: numeric.model_year.minimum=2015
Verified maximum year of manufacture in URL: numeric.model_year.maximum=2015
Verified minimum mileage in URL: numeric.mileage.minimum=5000
Verified maximum mileage in URL: numeric.mileage.maximum=25000
Verified brand and model in URL: tree.brand=tvs_tvs-zest
Navigated to Ikman.lk Home Page
Selected category: Home & Garden
Navigated to Furniture page
Selected ad type: For Sale
Selected 'Home & Garden' category
Navigated to 'Other Home Items' page
Set price range from 15000.0 to null
Selected ad type: For Sale
Selected condition: Used
Selected brands: [Nippon]
URL after applying filters: https://ikman.lk/en/ads/sri-lanka/furniture/nippon?money.price.minimum=15000&enum.condition=used&enum.brand=nippon
Verified min price in URL: money.price.minimum=15000
Verified condition in URL: enum.condition=used
Verified brand in URL: nippon
Set price range from 10000.0 to 50000.0
Selected condition: New
URL after applying filters: https://ikman.lk/en/ads/sri-lanka/other-home-items?money.price.minimum=10000&money.price.maximum=50000&enum.condition=new
Verified min price in URL: money.price.minimum=10000
Verified max price in URL: money.price.maximum=50000
Verified condition in URL: enum.condition=new
Navigated to Ikman.lk Home Page
Selected 'Home & Garden' category
Navigated to 'Other Home Items' page
Selected ad type: For Sale
Set price range from 20000.0 to 100000.0
Selected condition: Used
URL after applying filters: https://ikman.lk/en/ads/sri-lanka/other-home-items?money.price.minimum=20000&money.price.maximum=100000&enum.condition=used
Verified min price in URL: money.price.minimum=20000
Verified max price in URL: money.price.maximum=100000
Verified condition in URL: enum.condition=used
Navigated to Ikman.lk Home Page
Selected 'Home & Garden' category
Navigated to 'Other Home Items' page
Selected ad type: For Sale
Set price range from 30000.0 to 150000.0
Selected condition: New
URL after applying filters: https://ikman.lk/en/ads/sri-lanka/other-home-items?money.price.minimum=30000&money.price.maximum=150000&enum.condition=new
Verified min price in URL: money.price.minimum=30000
Verified max price in URL: money.price.maximum=150000
Verified condition in URL: enum.condition=new
Navigated to Ikman.lk Home Page
Selected 'Home & Garden' category
Navigated to 'Other Home Items' page
Selected ad type: For Sale
Set price range from 15000.0 to 200000.0
Selected condition: Used
URL after applying filters: https://ikman.lk/en/ads/sri-lanka/other-home-items?money.price.minimum=15000&money.price.maximum=200000&enum.condition=used
Verified min price in URL: money.price.minimum=15000
Verified max price in URL: money.price.maximum=200000
Verified condition in URL: enum.condition=used
Navigated to Ikman.lk Home Page
Selected 'Home & Garden' category
Navigated to 'Other Home Items' page
Selected ad type: Wanted
URL after applying filters: https://ikman.lk/en/ads/sri-lanka/other-home-items?sort=date&order=desc&buy_now=0&urgent=0&type=to_buy&page=1
Navigated to Ikman.lk Home Page
Selected 'Home & Garden' category
Navigated to 'Other Home Items' page
Selected ad type: For Sale
Set price range from 15000.0 to null
Selected condition: Used
URL after applying filters: https://ikman.lk/en/ads/sri-lanka/other-home-items?money.price.minimum=15000&enum.condition=used
Verified min price in URL: money.price.minimum=15000
Verified condition in URL: enum.condition=used]]>
  </system-out>
</testsuite> <!-- test.IkmanlkTests -->
