<?xml version="1.0" encoding="UTF-8"?>
<testng-results ignored="0" total="87" passed="87" failed="0" skipped="0">
  <reporter-output>
    <line>
      <![CDATA[Navigated to Ikman.lk home page.]]>
    </line>
    <line>
      <![CDATA[Navigated to Ikman.lk home page.]]>
    </line>
    <line>
      <![CDATA[Selected district: Colombo]]>
    </line>
    <line>
      <![CDATA[Selected area: Maharagama]]>
    </line>
    <line>
      <![CDATA[Entered search query: laptop]]>
    </line>
    <line>
      <![CDATA[Search result heading contains the search query.]]>
    </line>
    <line>
      <![CDATA[Search results displayed for query: laptop in sri lanka]]>
    </line>
    <line>
      <![CDATA[Navigated to Ikman.lk home page.]]>
    </line>
    <line>
      <![CDATA[Entered search query: designer leather bag]]>
    </line>
    <line>
      <![CDATA[Search result heading contains the search query.]]>
    </line>
    <line>
      <![CDATA['No results found!' message displayed for query: designer leather bag in sri lanka]]>
    </line>
    <line>
      <![CDATA[Navigated to Ikman.lk home page.]]>
    </line>
    <line>
      <![CDATA[Selected category: Electronics]]>
    </line>
    <line>
      <![CDATA[Verifying that the title is displayed for the selected category page.]]>
    </line>
    <line>
      <![CDATA[Entered search query: used car]]>
    </line>
    <line>
      <![CDATA[Search result heading contains the search query.]]>
    </line>
    <line>
      <![CDATA[Search results displayed for query: used car in sri lanka]]>
    </line>
    <line>
      <![CDATA[Navigated to Ikman.lk home page.]]>
    </line>
    <line>
      <![CDATA[Navigated to Ikman.lk home page.]]>
    </line>
    <line>
      <![CDATA[Selected district: Ampara]]>
    </line>
    <line>
      <![CDATA[Selected area: Ampara City]]>
    </line>
    <line>
      <![CDATA[Entered search query: smartphone with 5G]]>
    </line>
    <line>
      <![CDATA[Search result heading contains the search query.]]>
    </line>
    <line>
      <![CDATA['No results found!' message displayed for query: smartphone with 5g in sri lanka]]>
    </line>
    <line>
      <![CDATA[Navigated to Ikman.lk home page.]]>
    </line>
    <line>
      <![CDATA[Entered search query: mountain bike for sale]]>
    </line>
    <line>
      <![CDATA[Search result heading contains the search query.]]>
    </line>
    <line>
      <![CDATA[Search results displayed for query: mountain bike for sale in sri lanka]]>
    </line>
    <line>
      <![CDATA[Selected category: Vehicles]]>
    </line>
    <line>
      <![CDATA[Verifying that the title is displayed for the selected category page.]]>
    </line>
    <line>
      <![CDATA[Navigated to Ikman.lk home page.]]>
    </line>
    <line>
      <![CDATA[Navigated to Ikman.lk home page.]]>
    </line>
    <line>
      <![CDATA[Selected district: Batticaloa]]>
    </line>
    <line>
      <![CDATA[Selected area: Batticaloa City]]>
    </line>
    <line>
      <![CDATA[Entered search query: wooden dining table]]>
    </line>
    <line>
      <![CDATA[Search result heading contains the search query.]]>
    </line>
    <line>
      <![CDATA[Search results displayed for query: wooden dining table in sri lanka]]>
    </line>
    <line>
      <![CDATA[Navigated to Ikman.lk home page.]]>
    </line>
    <line>
      <![CDATA[Selected category: Property]]>
    </line>
    <line>
      <![CDATA[Verifying that the title is displayed for the selected category page.]]>
    </line>
    <line>
      <![CDATA[Entered search query: Samsung phone]]>
    </line>
    <line>
      <![CDATA[Search result heading contains the search query.]]>
    </line>
    <line>
      <![CDATA[Search results displayed for query: samsung phone in sri lanka]]>
    </line>
    <line>
      <![CDATA[Navigated to Ikman.lk home page.]]>
    </line>
    <line>
      <![CDATA[Navigated to Ikman.lk home page.]]>
    </line>
    <line>
      <![CDATA[Selected district: Jaffna]]>
    </line>
    <line>
      <![CDATA[Selected area: Nallur]]>
    </line>
    <line>
      <![CDATA[Entered search query: long bags]]>
    </line>
    <line>
      <![CDATA[Search result heading contains the search query.]]>
    </line>
    <line>
      <![CDATA['No results found!' message displayed for query: long bags in sri lanka]]>
    </line>
    <line>
      <![CDATA[Navigated to Ikman.lk home page.]]>
    </line>
    <line>
      <![CDATA[Selected category: Home & Garden]]>
    </line>
    <line>
      <![CDATA[Verifying that the title is displayed for the selected category page.]]>
    </line>
    <line>
      <![CDATA[Entered search query: pizzahut]]>
    </line>
    <line>
      <![CDATA[Search result heading contains the search query.]]>
    </line>
    <line>
      <![CDATA['No results found!' message displayed for query: pizzahut in sri lanka]]>
    </line>
    <line>
      <![CDATA[Navigated to Ikman.lk home page.]]>
    </line>
    <line>
      <![CDATA[Selected district: Matale]]>
    </line>
    <line>
      <![CDATA[Selected area: Dambulla]]>
    </line>
    <line>
      <![CDATA[Navigated to Ikman.lk home page.]]>
    </line>
    <line>
      <![CDATA[Selected category: Electronics]]>
    </line>
    <line>
      <![CDATA[Verifying that the title is displayed for the selected category page.]]>
    </line>
    <line>
      <![CDATA[Navigated to Ikman.lk home page.]]>
    </line>
    <line>
      <![CDATA[Selected district: Monaragala]]>
    </line>
    <line>
      <![CDATA[Selected area: Wellawaya]]>
    </line>
    <line>
      <![CDATA[Entered search query: waiter job]]>
    </line>
    <line>
      <![CDATA[Search result heading contains the search query.]]>
    </line>
    <line>
      <![CDATA[Search results displayed for query: waiter job in sri lanka]]>
    </line>
    <line>
      <![CDATA[Navigated to Ikman home page.]]>
    </line>
    <line>
      <![CDATA[Selected category: Property]]>
    </line>
    <line>
      <![CDATA[Verifying that the title is displayed for the selected category page.]]>
    </line>
    <line>
      <![CDATA[Selected category: Electronics]]>
    </line>
    <line>
      <![CDATA[Selected sort option with ID: date_desc]]>
    </line>
    <line>
      <![CDATA[Retrieved selected sort text: Date: Newest on top]]>
    </line>
    <line>
      <![CDATA[Asserting that selected sort text contains expected option text: Date: Newest on top]]>
    </line>
    <line>
      <![CDATA[Navigated to Ikman.lk home page.]]>
    </line>
    <line>
      <![CDATA[Selected district: Puttalam]]>
    </line>
    <line>
      <![CDATA[Selected area: Chilaw]]>
    </line>
    <line>
      <![CDATA[Navigated to Ikman home page.]]>
    </line>
    <line>
      <![CDATA[Selected category: Vehicles]]>
    </line>
    <line>
      <![CDATA[Verifying that the title is displayed for the selected category page.]]>
    </line>
    <line>
      <![CDATA[Selected category: Electronics]]>
    </line>
    <line>
      <![CDATA[Selected sort option with ID: date_asc]]>
    </line>
    <line>
      <![CDATA[Retrieved selected sort text: Date: Oldest on top]]>
    </line>
    <line>
      <![CDATA[Asserting that selected sort text contains expected option text: Date: Oldest on top]]>
    </line>
    <line>
      <![CDATA[Navigated to Ikman.lk home page.]]>
    </line>
    <line>
      <![CDATA[Selected district: Ratnapura]]>
    </line>
    <line>
      <![CDATA[Selected area: Embilipitiya]]>
    </line>
    <line>
      <![CDATA[Navigated to Ikman home page.]]>
    </line>
    <line>
      <![CDATA[Selected category: Electronics]]>
    </line>
    <line>
      <![CDATA[Selected category: Property]]>
    </line>
    <line>
      <![CDATA[Verifying that the title is displayed for the selected category page.]]>
    </line>
    <line>
      <![CDATA[Selected sort option with ID: price_desc]]>
    </line>
    <line>
      <![CDATA[Retrieved selected sort text: Price: High to low]]>
    </line>
    <line>
      <![CDATA[Asserting that selected sort text contains expected option text: Price: High to low]]>
    </line>
    <line>
      <![CDATA[Navigated to Ikman.lk home page.]]>
    </line>
    <line>
      <![CDATA[Selected district: United Arab Emirates]]>
    </line>
    <line>
      <![CDATA[Selected area: Dubai]]>
    </line>
    <line>
      <![CDATA[Navigated to Ikman home page.]]>
    </line>
    <line>
      <![CDATA[Selected category: Electronics]]>
    </line>
    <line>
      <![CDATA[Verifying that the title is displayed for the selected category page.]]>
    </line>
    <line>
      <![CDATA[Selected category: Electronics]]>
    </line>
    <line>
      <![CDATA[Selected sort option with ID: price_asc]]>
    </line>
    <line>
      <![CDATA[Retrieved selected sort text: Price: Low to high]]>
    </line>
    <line>
      <![CDATA[Asserting that selected sort text contains expected option text: Price: Low to high]]>
    </line>
    <line>
      <![CDATA[Navigated to Ikman home page.]]>
    </line>
    <line>
      <![CDATA[Navigated to Ikman.lk home page.]]>
    </line>
    <line>
      <![CDATA[Selected district: Saudi Arabia]]>
    </line>
    <line>
      <![CDATA[Selected area: Riyadh]]>
    </line>
    <line>
      <![CDATA[Selected category: Property]]>
    </line>
    <line>
      <![CDATA[Verifying that the title is displayed for the selected category page.]]>
    </line>
    <line>
      <![CDATA[Selected category: Vehicles]]>
    </line>
    <line>
      <![CDATA[Selected sort option with ID: date_desc]]>
    </line>
    <line>
      <![CDATA[Retrieved selected sort text: Date: Newest on top]]>
    </line>
    <line>
      <![CDATA[Asserting that selected sort text contains expected option text: Date: Newest on top]]>
    </line>
    <line>
      <![CDATA[Navigated to Ikman.lk home page.]]>
    </line>
    <line>
      <![CDATA[Navigated to Ikman home page.]]>
    </line>
    <line>
      <![CDATA[Selected category: Electronics]]>
    </line>
    <line>
      <![CDATA[Navigated to Mobile Phones category.]]>
    </line>
    <line>
      <![CDATA[Applied ad type filter: For Sale]]>
    </line>
    <line>
      <![CDATA[Applied condition filter: New]]>
    </line>
    <line>
      <![CDATA[Selected category: Vehicles]]>
    </line>
    <line>
      <![CDATA[Selected sort option with ID: date_asc]]>
    </line>
    <line>
      <![CDATA[Retrieved selected sort text: Date: Oldest on top]]>
    </line>
    <line>
      <![CDATA[Asserting that selected sort text contains expected option text: Date: Oldest on top]]>
    </line>
    <line>
      <![CDATA[Applied price range filter: Min = 100000.0, Max = 200000.0]]>
    </line>
    <line>
      <![CDATA[Applied brand and model filters: Brand = Apple, Model = iPhone 12 Pro]]>
    </line>
    <line>
      <![CDATA[Current URL after applying filters: https://ikman.lk/en/ads/sri-lanka/mobile-phones/apple/iphone-12-pro?enum.condition=new&money.price.minimum=100000&money.price.maximum=200000&tree.brand=apple_apple-iphone-12-pro]]>
    </line>
    <line>
      <![CDATA[Verified that condition is present in the URL: enum.condition=new]]>
    </line>
    <line>
      <![CDATA[Verified that min price is present in the URL: money.price.minimum=100000]]>
    </line>
    <line>
      <![CDATA[Verified that max price is present in the URL: money.price.maximum=200000]]>
    </line>
    <line>
      <![CDATA[Verified that brand and model are present in the URL: tree.brand=apple_apple-iphone-12-pro]]>
    </line>
    <line>
      <![CDATA[Navigated to Ikman.lk home page.]]>
    </line>
    <line>
      <![CDATA[Navigated to Ikman home page.]]>
    </line>
    <line>
      <![CDATA[Selected category: Electronics]]>
    </line>
    <line>
      <![CDATA[Navigated to Mobile Phones category.]]>
    </line>
    <line>
      <![CDATA[Applied ad type filter: For Sale]]>
    </line>
    <line>
      <![CDATA[Applied condition filter: New]]>
    </line>
    <line>
      <![CDATA[Applied price range filter: Min = 50000.0, Max = 200000.0]]>
    </line>
    <line>
      <![CDATA[Applied brand and model filters: Brand = Samsung, Model = Galaxy S10]]>
    </line>
    <line>
      <![CDATA[Current URL after applying filters: https://ikman.lk/en/ads/sri-lanka/mobile-phones/samsung/galaxy-s10?enum.condition=new&money.price.minimum=50000&money.price.maximum=200000&tree.brand=samsung_samsung-galaxy-s10]]>
    </line>
    <line>
      <![CDATA[Verified that condition is present in the URL: enum.condition=new]]>
    </line>
    <line>
      <![CDATA[Verified that min price is present in the URL: money.price.minimum=50000]]>
    </line>
    <line>
      <![CDATA[Verified that max price is present in the URL: money.price.maximum=200000]]>
    </line>
    <line>
      <![CDATA[Verified that brand and model are present in the URL: tree.brand=samsung_samsung-galaxy-s10]]>
    </line>
    <line>
      <![CDATA[Selected category: Vehicles]]>
    </line>
    <line>
      <![CDATA[Selected sort option with ID: price_desc]]>
    </line>
    <line>
      <![CDATA[Retrieved selected sort text: Price: High to low]]>
    </line>
    <line>
      <![CDATA[Asserting that selected sort text contains expected option text: Price: High to low]]>
    </line>
    <line>
      <![CDATA[Navigated to Ikman.lk home page.]]>
    </line>
    <line>
      <![CDATA[Navigated to Ikman home page.]]>
    </line>
    <line>
      <![CDATA[Selected category: Electronics]]>
    </line>
    <line>
      <![CDATA[Navigated to Mobile Phones category.]]>
    </line>
    <line>
      <![CDATA[Applied ad type filter: For Sale]]>
    </line>
    <line>
      <![CDATA[Applied price range filter: Min = null, Max = 130000.0]]>
    </line>
    <line>
      <![CDATA[Applied brand and model filters: Brand = Samsung, Model = Galaxy A15]]>
    </line>
    <line>
      <![CDATA[Current URL after applying filters: https://ikman.lk/en/ads/sri-lanka/mobile-phones/samsung/galaxy-a15?money.price.maximum=130000&tree.brand=samsung_samsung-galaxy-a15]]>
    </line>
    <line>
      <![CDATA[Verified that max price is present in the URL: money.price.maximum=130000]]>
    </line>
    <line>
      <![CDATA[Verified that brand and model are present in the URL: tree.brand=samsung_samsung-galaxy-a15]]>
    </line>
    <line>
      <![CDATA[Selected category: Vehicles]]>
    </line>
    <line>
      <![CDATA[Selected sort option with ID: price_asc]]>
    </line>
    <line>
      <![CDATA[Retrieved selected sort text: Price: Low to high]]>
    </line>
    <line>
      <![CDATA[Asserting that selected sort text contains expected option text: Price: Low to high]]>
    </line>
    <line>
      <![CDATA[Navigated to Ikman.lk home page.]]>
    </line>
    <line>
      <![CDATA[Navigated to Ikman home page.]]>
    </line>
    <line>
      <![CDATA[Selected category: Electronics]]>
    </line>
    <line>
      <![CDATA[Navigated to Mobile Phones category.]]>
    </line>
    <line>
      <![CDATA[Applied ad type filter: For Sale]]>
    </line>
    <line>
      <![CDATA[Applied condition filter: New]]>
    </line>
    <line>
      <![CDATA[Selected category: Property]]>
    </line>
    <line>
      <![CDATA[Selected sort option with ID: date_desc]]>
    </line>
    <line>
      <![CDATA[Retrieved selected sort text: Date: Newest on top]]>
    </line>
    <line>
      <![CDATA[Asserting that selected sort text contains expected option text: Date: Newest on top]]>
    </line>
    <line>
      <![CDATA[Applied price range filter: Min = 30000.0, Max = null]]>
    </line>
    <line>
      <![CDATA[Navigated to Ikman home page.]]>
    </line>
    <line>
      <![CDATA[Applied brand and model filters: Brand = Xiaomi, Model = Redmi Note 13]]>
    </line>
    <line>
      <![CDATA[Current URL after applying filters: https://ikman.lk/en/ads/sri-lanka/mobile-phones/xiaomi/redmi-note-13?enum.condition=new&money.price.minimum=30000&tree.brand=xiaomi_xiaomi-redmi-note-13]]>
    </line>
    <line>
      <![CDATA[Verified that condition is present in the URL: enum.condition=new]]>
    </line>
    <line>
      <![CDATA[Verified that min price is present in the URL: money.price.minimum=30000]]>
    </line>
    <line>
      <![CDATA[Verified that brand and model are present in the URL: tree.brand=xiaomi_xiaomi-redmi-note-13]]>
    </line>
    <line>
      <![CDATA[Navigated to Ikman.lk home page.]]>
    </line>
    <line>
      <![CDATA[Selected category: Property]]>
    </line>
    <line>
      <![CDATA[Selected sort option with ID: date_asc]]>
    </line>
    <line>
      <![CDATA[Retrieved selected sort text: Date: Oldest on top]]>
    </line>
    <line>
      <![CDATA[Asserting that selected sort text contains expected option text: Date: Oldest on top]]>
    </line>
    <line>
      <![CDATA[Selected category: Electronics]]>
    </line>
    <line>
      <![CDATA[Navigated to Mobile Phones category.]]>
    </line>
    <line>
      <![CDATA[Applied ad type filter: For Sale]]>
    </line>
    <line>
      <![CDATA[Applied condition filter: Used]]>
    </line>
    <line>
      <![CDATA[Applied brand and model filters: Brand = Xiaomi, Model = null]]>
    </line>
    <line>
      <![CDATA[Current URL after applying filters: https://ikman.lk/en/ads/sri-lanka/mobile-phones/xiaomi?enum.condition=used&tree.brand=xiaomi]]>
    </line>
    <line>
      <![CDATA[Verified that condition is present in the URL: enum.condition=used]]>
    </line>
    <line>
      <![CDATA[Verified that brand is present in the URL: xiaomi]]>
    </line>
    <line>
      <![CDATA[Navigated to Ikman home page.]]>
    </line>
    <line>
      <![CDATA[Navigated to Ikman.lk home page.]]>
    </line>
    <line>
      <![CDATA[Selected category: Property]]>
    </line>
    <line>
      <![CDATA[Selected sort option with ID: price_desc]]>
    </line>
    <line>
      <![CDATA[Retrieved selected sort text: Price: High to low]]>
    </line>
    <line>
      <![CDATA[Asserting that selected sort text contains expected option text: Price: High to low]]>
    </line>
    <line>
      <![CDATA[Navigated to Ikman home page.]]>
    </line>
    <line>
      <![CDATA[Selected category: Electronics]]>
    </line>
    <line>
      <![CDATA[Navigated to Mobile Phones category.]]>
    </line>
    <line>
      <![CDATA[Applied ad type filter: For Sale]]>
    </line>
    <line>
      <![CDATA[Applied condition filter: New]]>
    </line>
    <line>
      <![CDATA[Selected category: Property]]>
    </line>
    <line>
      <![CDATA[Selected sort option with ID: price_asc]]>
    </line>
    <line>
      <![CDATA[Retrieved selected sort text: Price: Low to high]]>
    </line>
    <line>
      <![CDATA[Asserting that selected sort text contains expected option text: Price: Low to high]]>
    </line>
    <line>
      <![CDATA[Applied price range filter: Min = 100000.0, Max = 120000.0]]>
    </line>
    <line>
      <![CDATA[Navigated to Ikman home page.]]>
    </line>
    <line>
      <![CDATA[Applied brand and model filters: Brand = Google, Model = Pixel 7 Pro]]>
    </line>
    <line>
      <![CDATA[Current URL after applying filters: https://ikman.lk/en/ads/sri-lanka/mobile-phones/google/pixel-7-pro?enum.condition=new&money.price.minimum=100000&money.price.maximum=120000&tree.brand=google_google-pixel-7-pro]]>
    </line>
    <line>
      <![CDATA[Verified that condition is present in the URL: enum.condition=new]]>
    </line>
    <line>
      <![CDATA[Verified that min price is present in the URL: money.price.minimum=100000]]>
    </line>
    <line>
      <![CDATA[Verified that max price is present in the URL: money.price.maximum=120000]]>
    </line>
    <line>
      <![CDATA[Verified that brand and model are present in the URL: tree.brand=google_google-pixel-7-pro]]>
    </line>
    <line>
      <![CDATA[Navigated to Ikman.lk home page.]]>
    </line>
    <line>
      <![CDATA[Selected category: Home & Garden]]>
    </line>
    <line>
      <![CDATA[Selected sort option with ID: date_desc]]>
    </line>
    <line>
      <![CDATA[Retrieved selected sort text: Date: Newest on top]]>
    </line>
    <line>
      <![CDATA[Asserting that selected sort text contains expected option text: Date: Newest on top]]>
    </line>
    <line>
      <![CDATA[Selected category: Electronics]]>
    </line>
    <line>
      <![CDATA[Navigated to Mobile Phones category.]]>
    </line>
    <line>
      <![CDATA[Applied ad type filter: For Sale]]>
    </line>
    <line>
      <![CDATA[Navigated to Ikman home page.]]>
    </line>
    <line>
      <![CDATA[Applied condition filter: New]]>
    </line>
    <line>
      <![CDATA[Applied price range filter: Min = 40000.0, Max = 190000.0]]>
    </line>
    <line>
      <![CDATA[Applied brand and model filters: Brand = Vivo, Model = Y93]]>
    </line>
    <line>
      <![CDATA[Current URL after applying filters: https://ikman.lk/en/ads/sri-lanka/mobile-phones/vivo/y93?enum.condition=new&money.price.minimum=40000&money.price.maximum=190000&tree.brand=vivo_vivo-y93]]>
    </line>
    <line>
      <![CDATA[Verified that condition is present in the URL: enum.condition=new]]>
    </line>
    <line>
      <![CDATA[Verified that min price is present in the URL: money.price.minimum=40000]]>
    </line>
    <line>
      <![CDATA[Verified that max price is present in the URL: money.price.maximum=190000]]>
    </line>
    <line>
      <![CDATA[Verified that brand and model are present in the URL: tree.brand=vivo_vivo-y93]]>
    </line>
    <line>
      <![CDATA[Selected category: Home & Garden]]>
    </line>
    <line>
      <![CDATA[Selected sort option with ID: date_asc]]>
    </line>
    <line>
      <![CDATA[Retrieved selected sort text: Date: Oldest on top]]>
    </line>
    <line>
      <![CDATA[Asserting that selected sort text contains expected option text: Date: Oldest on top]]>
    </line>
    <line>
      <![CDATA[Navigated to Ikman.lk home page.]]>
    </line>
    <line>
      <![CDATA[Navigated to Ikman home page.]]>
    </line>
    <line>
      <![CDATA[Selected category: Electronics]]>
    </line>
    <line>
      <![CDATA[Navigated to Mobile Phones category.]]>
    </line>
    <line>
      <![CDATA[Applied ad type filter: For Sale]]>
    </line>
    <line>
      <![CDATA[Selected category: Home & Garden]]>
    </line>
    <line>
      <![CDATA[Selected sort option with ID: price_desc]]>
    </line>
    <line>
      <![CDATA[Retrieved selected sort text: Price: High to low]]>
    </line>
    <line>
      <![CDATA[Asserting that selected sort text contains expected option text: Price: High to low]]>
    </line>
    <line>
      <![CDATA[Applied condition filter: Used]]>
    </line>
    <line>
      <![CDATA[Applied price range filter: Min = 40000.0, Max = 95000.0]]>
    </line>
    <line>
      <![CDATA[Applied brand and model filters: Brand = Vivo, Model = null]]>
    </line>
    <line>
      <![CDATA[Current URL after applying filters: https://ikman.lk/en/ads/sri-lanka/mobile-phones/vivo?enum.condition=used&money.price.minimum=40000&money.price.maximum=95000&tree.brand=vivo]]>
    </line>
    <line>
      <![CDATA[Verified that condition is present in the URL: enum.condition=used]]>
    </line>
    <line>
      <![CDATA[Verified that min price is present in the URL: money.price.minimum=40000]]>
    </line>
    <line>
      <![CDATA[Verified that max price is present in the URL: money.price.maximum=95000]]>
    </line>
    <line>
      <![CDATA[Verified that brand is present in the URL: vivo]]>
    </line>
    <line>
      <![CDATA[Navigated to Ikman.lk home page.]]>
    </line>
    <line>
      <![CDATA[Navigated to Ikman home page.]]>
    </line>
    <line>
      <![CDATA[Selected category: Electronics]]>
    </line>
    <line>
      <![CDATA[Navigated to Mobile Phones category.]]>
    </line>
    <line>
      <![CDATA[Applied ad type filter: Wanted]]>
    </line>
    <line>
      <![CDATA[Current URL after applying filters: https://ikman.lk/en/ads/sri-lanka/mobile-phones?sort=date&order=desc&buy_now=0&urgent=0&type=to_buy&page=1]]>
    </line>
    <line>
      <![CDATA[Navigated to Ikman home page.]]>
    </line>
    <line>
      <![CDATA[Selected category: Home & Garden]]>
    </line>
    <line>
      <![CDATA[Selected sort option with ID: price_asc]]>
    </line>
    <line>
      <![CDATA[Retrieved selected sort text: Price: Low to high]]>
    </line>
    <line>
      <![CDATA[Asserting that selected sort text contains expected option text: Price: Low to high]]>
    </line>
    <line>
      <![CDATA[Navigated to Ikman home page.]]>
    </line>
    <line>
      <![CDATA[Selected category: Electronics]]>
    </line>
    <line>
      <![CDATA[Navigated to Computer Accessories category.]]>
    </line>
    <line>
      <![CDATA[Applied ad type filter: For Sale]]>
    </line>
    <line>
      <![CDATA[Applied condition filter: New]]>
    </line>
    <line>
      <![CDATA[Applied price range filter: Min = 10000.0, Max = 50000.0]]>
    </line>
    <line>
      <![CDATA[Applied item type filters: Monitor,Software,POS]]>
    </line>
    <line>
      <![CDATA[Selected category: Property]]>
    </line>
    <line>
      <![CDATA[Navigated to Land For Sale category.]]>
    </line>
    <line>
      <![CDATA[Applied ad type filter: For Sale]]>
    </line>
    <line>
      <![CDATA[Applied brand filters: HP,Apple,TSC,EPSON]]>
    </line>
    <line>
      <![CDATA[URL after applying filters: https://ikman.lk/en/ads/sri-lanka/computer-accessories/hp?enum.condition=new&money.price.minimum=10000&money.price.maximum=50000&enum.item_type=monitor,software,pos&enum.brand=hp,epson,apple,tsc]]>
    </line>
    <line>
      <![CDATA[Verified that condition is present in the URL: enum.condition=new]]>
    </line>
    <line>
      <![CDATA[Verified that min price is present in the URL: money.price.minimum=10000]]>
    </line>
    <line>
      <![CDATA[Verified that max price is present in the URL: money.price.maximum=50000]]>
    </line>
    <line>
      <![CDATA[Verified that brand is present in the URL: hp]]>
    </line>
    <line>
      <![CDATA[Verified that brand is present in the URL: apple]]>
    </line>
    <line>
      <![CDATA[Verified that brand is present in the URL: tsc]]>
    </line>
    <line>
      <![CDATA[Verified that brand is present in the URL: epson]]>
    </line>
    <line>
      <![CDATA[Verified that item type is present in the URL: monitor]]>
    </line>
    <line>
      <![CDATA[Verified that item type is present in the URL: software]]>
    </line>
    <line>
      <![CDATA[Verified that item type is present in the URL: pos]]>
    </line>
    <line>
      <![CDATA[Navigated to Ikman home page.]]>
    </line>
    <line>
      <![CDATA[Applied price range filter: Min = 10000.0, Max = 50000.0]]>
    </line>
    <line>
      <![CDATA[Applied land size filter: Min = 1000.0, Max = 5000.0]]>
    </line>
    <line>
      <![CDATA[URL after applying filters: https://ikman.lk/en/ads/sri-lanka/land-for-sale?money.price.minimum=10000&money.price.maximum=50000&numeric.size.minimum=1000&numeric.size.maximum=5000]]>
    </line>
    <line>
      <![CDATA[Verified that minimum price is present in the URL: money.price.minimum=10000]]>
    </line>
    <line>
      <![CDATA[Verified that maximum price is present in the URL: money.price.maximum=50000]]>
    </line>
    <line>
      <![CDATA[Verified that minimum land size is present in the URL: numeric.size.minimum=1000]]>
    </line>
    <line>
      <![CDATA[Verified that maximum land size is present in the URL: numeric.size.maximum=5000]]>
    </line>
    <line>
      <![CDATA[Navigated to Ikman home page.]]>
    </line>
    <line>
      <![CDATA[Selected category: Property]]>
    </line>
    <line>
      <![CDATA[Navigated to Land For Sale category.]]>
    </line>
    <line>
      <![CDATA[Applied ad type filter: For Sale]]>
    </line>
    <line>
      <![CDATA[Selected category: Electronics]]>
    </line>
    <line>
      <![CDATA[Navigated to Computer Accessories category.]]>
    </line>
    <line>
      <![CDATA[Applied ad type filter: For Sale]]>
    </line>
    <line>
      <![CDATA[Applied condition filter: Used]]>
    </line>
    <line>
      <![CDATA[Applied price range filter: Min = 20000.0, Max = 100000.0]]>
    </line>
    <line>
      <![CDATA[Applied land size filter: Min = null, Max = 2000.0]]>
    </line>
    <line>
      <![CDATA[URL after applying filters: https://ikman.lk/en/ads/sri-lanka/land-for-sale?money.price.minimum=20000&money.price.maximum=100000&numeric.size.maximum=2000]]>
    </line>
    <line>
      <![CDATA[Verified that minimum price is present in the URL: money.price.minimum=20000]]>
    </line>
    <line>
      <![CDATA[Verified that maximum price is present in the URL: money.price.maximum=100000]]>
    </line>
    <line>
      <![CDATA[Verified that maximum land size is present in the URL: numeric.size.maximum=2000]]>
    </line>
    <line>
      <![CDATA[Applied price range filter: Min = 20000.0, Max = 100000.0]]>
    </line>
    <line>
      <![CDATA[Navigated to Ikman home page.]]>
    </line>
    <line>
      <![CDATA[Selected category: Property]]>
    </line>
    <line>
      <![CDATA[Applied item type filters: RAM,Mouse,Keyboard,POS]]>
    </line>
    <line>
      <![CDATA[URL after applying filters: https://ikman.lk/en/ads/sri-lanka/computer-accessories?enum.condition=used&money.price.minimum=20000&money.price.maximum=100000&enum.item_type=pos,keyboard,ram,mouse]]>
    </line>
    <line>
      <![CDATA[Verified that condition is present in the URL: enum.condition=used]]>
    </line>
    <line>
      <![CDATA[Verified that min price is present in the URL: money.price.minimum=20000]]>
    </line>
    <line>
      <![CDATA[Verified that max price is present in the URL: money.price.maximum=100000]]>
    </line>
    <line>
      <![CDATA[Verified that item type is present in the URL: ram]]>
    </line>
    <line>
      <![CDATA[Verified that item type is present in the URL: mouse]]>
    </line>
    <line>
      <![CDATA[Verified that item type is present in the URL: keyboard]]>
    </line>
    <line>
      <![CDATA[Verified that item type is present in the URL: pos]]>
    </line>
    <line>
      <![CDATA[Navigated to Land For Sale category.]]>
    </line>
    <line>
      <![CDATA[Applied ad type filter: For Sale]]>
    </line>
    <line>
      <![CDATA[Navigated to Ikman home page.]]>
    </line>
    <line>
      <![CDATA[Applied price range filter: Min = 30000.0, Max = 150000.0]]>
    </line>
    <line>
      <![CDATA[Applied land size filter: Min = 500.0, Max = null]]>
    </line>
    <line>
      <![CDATA[URL after applying filters: https://ikman.lk/en/ads/sri-lanka/land-for-sale?money.price.minimum=30000&money.price.maximum=150000&numeric.size.minimum=500]]>
    </line>
    <line>
      <![CDATA[Verified that minimum price is present in the URL: money.price.minimum=30000]]>
    </line>
    <line>
      <![CDATA[Verified that maximum price is present in the URL: money.price.maximum=150000]]>
    </line>
    <line>
      <![CDATA[Verified that minimum land size is present in the URL: numeric.size.minimum=500]]>
    </line>
    <line>
      <![CDATA[Selected category: Electronics]]>
    </line>
    <line>
      <![CDATA[Navigated to Computer Accessories category.]]>
    </line>
    <line>
      <![CDATA[Applied ad type filter: For Sale]]>
    </line>
    <line>
      <![CDATA[Navigated to Ikman home page.]]>
    </line>
    <line>
      <![CDATA[Applied condition filter: New]]>
    </line>
    <line>
      <![CDATA[Applied price range filter: Min = 30000.0, Max = 150000.0]]>
    </line>
    <line>
      <![CDATA[Applied item type filters: UPS]]>
    </line>
    <line>
      <![CDATA[Selected category: Property]]>
    </line>
    <line>
      <![CDATA[Navigated to Land For Sale category.]]>
    </line>
    <line>
      <![CDATA[Applied ad type filter: For Sale]]>
    </line>
    <line>
      <![CDATA[Applied brand filters: DELL,ASUS,Kingston]]>
    </line>
    <line>
      <![CDATA[URL after applying filters: https://ikman.lk/en/ads/sri-lanka/computer-accessories/dell?enum.condition=new&money.price.minimum=30000&money.price.maximum=150000&enum.item_type=ups&enum.brand=dell,asus,kingston]]>
    </line>
    <line>
      <![CDATA[Verified that condition is present in the URL: enum.condition=new]]>
    </line>
    <line>
      <![CDATA[Verified that min price is present in the URL: money.price.minimum=30000]]>
    </line>
    <line>
      <![CDATA[Verified that max price is present in the URL: money.price.maximum=150000]]>
    </line>
    <line>
      <![CDATA[Verified that brand is present in the URL: dell]]>
    </line>
    <line>
      <![CDATA[Verified that brand is present in the URL: asus]]>
    </line>
    <line>
      <![CDATA[Verified that brand is present in the URL: kingston]]>
    </line>
    <line>
      <![CDATA[Verified that item type is present in the URL: ups]]>
    </line>
    <line>
      <![CDATA[Applied price range filter: Min = 15000.0, Max = 200000.0]]>
    </line>
    <line>
      <![CDATA[Navigated to Ikman home page.]]>
    </line>
    <line>
      <![CDATA[Applied land size filter: Min = 1000.0, Max = 1000.0]]>
    </line>
    <line>
      <![CDATA[URL after applying filters: https://ikman.lk/en/ads/sri-lanka/land-for-sale?money.price.minimum=15000&money.price.maximum=200000&numeric.size.minimum=1000&numeric.size.maximum=1000]]>
    </line>
    <line>
      <![CDATA[Verified that minimum price is present in the URL: money.price.minimum=15000]]>
    </line>
    <line>
      <![CDATA[Verified that maximum price is present in the URL: money.price.maximum=200000]]>
    </line>
    <line>
      <![CDATA[Verified that minimum land size is present in the URL: numeric.size.minimum=1000]]>
    </line>
    <line>
      <![CDATA[Verified that maximum land size is present in the URL: numeric.size.maximum=1000]]>
    </line>
    <line>
      <![CDATA[Selected category: Electronics]]>
    </line>
    <line>
      <![CDATA[Navigated to Computer Accessories category.]]>
    </line>
    <line>
      <![CDATA[Applied ad type filter: For Sale]]>
    </line>
    <line>
      <![CDATA[Applied condition filter: Used]]>
    </line>
    <line>
      <![CDATA[Navigated to Ikman home page.]]>
    </line>
    <line>
      <![CDATA[Applied price range filter: Min = 15000.0, Max = 200000.0]]>
    </line>
    <line>
      <![CDATA[Applied brand filters: Huawei]]>
    </line>
    <line>
      <![CDATA[URL after applying filters: https://ikman.lk/en/ads/sri-lanka/computer-accessories/huawei?enum.condition=used&money.price.minimum=15000&money.price.maximum=200000&enum.brand=huawei]]>
    </line>
    <line>
      <![CDATA[Verified that condition is present in the URL: enum.condition=used]]>
    </line>
    <line>
      <![CDATA[Verified that min price is present in the URL: money.price.minimum=15000]]>
    </line>
    <line>
      <![CDATA[Verified that max price is present in the URL: money.price.maximum=200000]]>
    </line>
    <line>
      <![CDATA[Verified that brand is present in the URL: huawei]]>
    </line>
    <line>
      <![CDATA[Navigated to Ikman home page.]]>
    </line>
    <line>
      <![CDATA[Selected category: Property]]>
    </line>
    <line>
      <![CDATA[Navigated to Land For Sale category.]]>
    </line>
    <line>
      <![CDATA[Applied ad type filter: Wanted]]>
    </line>
    <line>
      <![CDATA[URL after applying filters: https://ikman.lk/en/ads/sri-lanka/land-for-sale?sort=date&order=desc&buy_now=0&urgent=0&type=to_buy&page=1]]>
    </line>
    <line>
      <![CDATA[Selected category: Electronics]]>
    </line>
    <line>
      <![CDATA[Navigated to Computer Accessories category.]]>
    </line>
    <line>
      <![CDATA[Applied ad type filter: Wanted]]>
    </line>
    <line>
      <![CDATA[URL after applying filters: https://ikman.lk/en/ads/sri-lanka/computer-accessories?sort=date&order=desc&buy_now=0&urgent=0&type=to_buy&page=1]]>
    </line>
    <line>
      <![CDATA[Navigated to Ikman home page.]]>
    </line>
    <line>
      <![CDATA[Navigated to Ikman home page.]]>
    </line>
    <line>
      <![CDATA[Selected category: Property]]>
    </line>
    <line>
      <![CDATA[Navigated to Land For Sale category.]]>
    </line>
    <line>
      <![CDATA[Applied ad type filter: For Sale]]>
    </line>
    <line>
      <![CDATA[Selected category: Electronics]]>
    </line>
    <line>
      <![CDATA[Applied price range filter: Min = 15000.0, Max = null]]>
    </line>
    <line>
      <![CDATA[Navigated to Computer Accessories category.]]>
    </line>
    <line>
      <![CDATA[Applied land size filter: Min = 3000.0, Max = 100000.0]]>
    </line>
    <line>
      <![CDATA[URL after applying filters: https://ikman.lk/en/ads/sri-lanka/land-for-sale?money.price.minimum=15000&numeric.size.minimum=3000&numeric.size.maximum=100000]]>
    </line>
    <line>
      <![CDATA[Verified that minimum price is present in the URL: money.price.minimum=15000]]>
    </line>
    <line>
      <![CDATA[Verified that minimum land size is present in the URL: numeric.size.minimum=3000]]>
    </line>
    <line>
      <![CDATA[Verified that maximum land size is present in the URL: numeric.size.maximum=100000]]>
    </line>
    <line>
      <![CDATA[Applied ad type filter: For Sale]]>
    </line>
    <line>
      <![CDATA[Applied condition filter: Used]]>
    </line>
    <line>
      <![CDATA[Applied price range filter: Min = 15000.0, Max = null]]>
    </line>
    <line>
      <![CDATA[Applied item type filters: Software]]>
    </line>
    <line>
      <![CDATA[Applied brand filters: Sony]]>
    </line>
    <line>
      <![CDATA[URL after applying filters: https://ikman.lk/en/ads/sri-lanka/computer-accessories/sony?enum.condition=used&money.price.minimum=15000&enum.item_type=software&enum.brand=sony]]>
    </line>
    <line>
      <![CDATA[Verified that condition is present in the URL: enum.condition=used]]>
    </line>
    <line>
      <![CDATA[Verified that min price is present in the URL: money.price.minimum=15000]]>
    </line>
    <line>
      <![CDATA[Verified that brand is present in the URL: sony]]>
    </line>
    <line>
      <![CDATA[Verified that item type is present in the URL: software]]>
    </line>
    <line>
      <![CDATA[Navigated to Ikman home page.]]>
    </line>
    <line>
      <![CDATA[Navigated to Ikman home page.]]>
    </line>
    <line>
      <![CDATA[Selected category: Vehicles]]>
    </line>
    <line>
      <![CDATA[Navigated to Auto Parts & Accessories category.]]>
    </line>
    <line>
      <![CDATA[Selected ad type: For Sale]]>
    </line>
    <line>
      <![CDATA[Selected category: Property]]>
    </line>
    <line>
      <![CDATA[Navigated to Houses For Sale category.]]>
    </line>
    <line>
      <![CDATA[Selected ad type: For Sale]]>
    </line>
    <line>
      <![CDATA[Applied price range: 10000.0 - 50000.0]]>
    </line>
    <line>
      <![CDATA[Selected condition: reconditioned]]>
    </line>
    <line>
      <![CDATA[Applied price range: 10000.0 - 50000.0]]>
    </line>
    <line>
      <![CDATA[Applied house size range: 1000.0 - 5000.0]]>
    </line>
    <line>
      <![CDATA[Selected number of bedrooms: 1,3]]>
    </line>
    <line>
      <![CDATA[Selected part types: Car Audio Systems,Bumper]]>
    </line>
    <line>
      <![CDATA[Selected number of bathrooms: 1,10]]>
    </line>
    <line>
      <![CDATA[URL after applying filters: https://ikman.lk/en/ads/sri-lanka/houses-for-sale?money.price.minimum=10000&money.price.maximum=50000&numeric.house_size.minimum=1000&numeric.house_size.maximum=5000&enum.bedrooms=1,3&enum.bathrooms=1,10]]>
    </line>
    <line>
      <![CDATA[Verified minimum price in URL: money.price.minimum=10000]]>
    </line>
    <line>
      <![CDATA[Verified maximum price in URL: money.price.maximum=50000]]>
    </line>
    <line>
      <![CDATA[Verified minimum house size in URL: numeric.house_size.minimum=1000]]>
    </line>
    <line>
      <![CDATA[Verified maximum house size in URL: numeric.house_size.maximum=5000]]>
    </line>
    <line>
      <![CDATA[Verified number of bedrooms in URL: enum.bedrooms=1,3]]>
    </line>
    <line>
      <![CDATA[Verified number of bathrooms in URL: enum.bathrooms=1,10]]>
    </line>
    <line>
      <![CDATA[Navigated to Ikman home page.]]>
    </line>
    <line>
      <![CDATA[Selected brand: Honda, model: Vezel]]>
    </line>
    <line>
      <![CDATA[Current URL: https://ikman.lk/en/ads/sri-lanka/auto-parts-accessories/honda/vezel?money.price.minimum=10000&money.price.maximum=50000&enum.condition=reconditioned&enum.item_type=car_audio_systems,bumper&tree.brand=honda_honda-vezel]]>
    </line>
    <line>
      <![CDATA[Verified minimum price in URL: money.price.minimum=10000]]>
    </line>
    <line>
      <![CDATA[Verified maximum price in URL: money.price.maximum=50000]]>
    </line>
    <line>
      <![CDATA[Verified condition in URL: enum.condition=reconditioned]]>
    </line>
    <line>
      <![CDATA[Verified part type in URL: car_audio_systems]]>
    </line>
    <line>
      <![CDATA[Verified part type in URL: bumper]]>
    </line>
    <line>
      <![CDATA[Verified brand and model in URL: tree.brand=honda_honda-vezel]]>
    </line>
    <line>
      <![CDATA[Navigated to Ikman home page.]]>
    </line>
    <line>
      <![CDATA[Selected category: Property]]>
    </line>
    <line>
      <![CDATA[Navigated to Houses For Sale category.]]>
    </line>
    <line>
      <![CDATA[Selected ad type: For Sale]]>
    </line>
    <line>
      <![CDATA[Applied price range: 20000.0 - 100000.0]]>
    </line>
    <line>
      <![CDATA[Applied house size range: null - 2000.0]]>
    </line>
    <line>
      <![CDATA[Selected number of bathrooms: 2]]>
    </line>
    <line>
      <![CDATA[URL after applying filters: https://ikman.lk/en/ads/sri-lanka/houses-for-sale?money.price.minimum=20000&money.price.maximum=100000&numeric.house_size.maximum=2000&enum.bathrooms=2]]>
    </line>
    <line>
      <![CDATA[Verified minimum price in URL: money.price.minimum=20000]]>
    </line>
    <line>
      <![CDATA[Verified maximum price in URL: money.price.maximum=100000]]>
    </line>
    <line>
      <![CDATA[Verified maximum house size in URL: numeric.house_size.maximum=2000]]>
    </line>
    <line>
      <![CDATA[Verified number of bathrooms in URL: enum.bathrooms=2]]>
    </line>
    <line>
      <![CDATA[Selected category: Vehicles]]>
    </line>
    <line>
      <![CDATA[Navigated to Auto Parts & Accessories category.]]>
    </line>
    <line>
      <![CDATA[Selected ad type: For Sale]]>
    </line>
    <line>
      <![CDATA[Navigated to Ikman home page.]]>
    </line>
    <line>
      <![CDATA[Applied price range: 20000.0 - 100000.0]]>
    </line>
    <line>
      <![CDATA[Selected condition: used]]>
    </line>
    <line>
      <![CDATA[Selected part types: Engines & Engine Parts]]>
    </line>
    <line>
      <![CDATA[Selected category: Property]]>
    </line>
    <line>
      <![CDATA[Selected brand: Toyota, model: Prius]]>
    </line>
    <line>
      <![CDATA[Current URL: https://ikman.lk/en/ads/sri-lanka/auto-parts-accessories/toyota/prius?money.price.minimum=20000&money.price.maximum=100000&enum.condition=used&enum.item_type=engines_engine_parts&tree.brand=toyota_toyota-prius]]>
    </line>
    <line>
      <![CDATA[Verified minimum price in URL: money.price.minimum=20000]]>
    </line>
    <line>
      <![CDATA[Verified maximum price in URL: money.price.maximum=100000]]>
    </line>
    <line>
      <![CDATA[Verified condition in URL: enum.condition=used]]>
    </line>
    <line>
      <![CDATA[Verified part type in URL: engines_engine_parts]]>
    </line>
    <line>
      <![CDATA[Verified brand and model in URL: tree.brand=toyota_toyota-prius]]>
    </line>
    <line>
      <![CDATA[Navigated to Houses For Sale category.]]>
    </line>
    <line>
      <![CDATA[Selected ad type: For Sale]]>
    </line>
    <line>
      <![CDATA[Navigated to Ikman home page.]]>
    </line>
    <line>
      <![CDATA[Applied price range: 30000.0 - 150000.0]]>
    </line>
    <line>
      <![CDATA[Applied house size range: 500.0 - null]]>
    </line>
    <line>
      <![CDATA[Selected category: Vehicles]]>
    </line>
    <line>
      <![CDATA[Selected number of bedrooms: 4,5]]>
    </line>
    <line>
      <![CDATA[URL after applying filters: https://ikman.lk/en/ads/sri-lanka/houses-for-sale?money.price.minimum=30000&money.price.maximum=150000&numeric.house_size.minimum=500&enum.bedrooms=4,5]]>
    </line>
    <line>
      <![CDATA[Verified minimum price in URL: money.price.minimum=30000]]>
    </line>
    <line>
      <![CDATA[Verified maximum price in URL: money.price.maximum=150000]]>
    </line>
    <line>
      <![CDATA[Verified minimum house size in URL: numeric.house_size.minimum=500]]>
    </line>
    <line>
      <![CDATA[Verified number of bedrooms in URL: enum.bedrooms=4,5]]>
    </line>
    <line>
      <![CDATA[Navigated to Auto Parts & Accessories category.]]>
    </line>
    <line>
      <![CDATA[Selected ad type: For Sale]]>
    </line>
    <line>
      <![CDATA[Navigated to Ikman home page.]]>
    </line>
    <line>
      <![CDATA[Applied price range: 30000.0 - 150000.0]]>
    </line>
    <line>
      <![CDATA[Selected condition: new]]>
    </line>
    <line>
      <![CDATA[Selected part types: Head Light,Tail Light,Doors]]>
    </line>
    <line>
      <![CDATA[Selected category: Property]]>
    </line>
    <line>
      <![CDATA[Navigated to Houses For Sale category.]]>
    </line>
    <line>
      <![CDATA[Selected ad type: For Sale]]>
    </line>
    <line>
      <![CDATA[Selected brand: Suzuki, model: Wagon R]]>
    </line>
    <line>
      <![CDATA[Current URL: https://ikman.lk/en/ads/sri-lanka/auto-parts-accessories/suzuki/wagonr?money.price.minimum=30000&money.price.maximum=150000&enum.condition=new&enum.item_type=doors,head_light,tail_light&tree.brand=suzuki_suzuki-wagonr]]>
    </line>
    <line>
      <![CDATA[Verified minimum price in URL: money.price.minimum=30000]]>
    </line>
    <line>
      <![CDATA[Verified maximum price in URL: money.price.maximum=150000]]>
    </line>
    <line>
      <![CDATA[Verified condition in URL: enum.condition=new]]>
    </line>
    <line>
      <![CDATA[Verified part type in URL: head_light]]>
    </line>
    <line>
      <![CDATA[Verified part type in URL: tail_light]]>
    </line>
    <line>
      <![CDATA[Verified part type in URL: doors]]>
    </line>
    <line>
      <![CDATA[Verified brand and model in URL: tree.brand=suzuki_suzuki-wagonr]]>
    </line>
    <line>
      <![CDATA[Applied price range: 15000.0 - 200000.0]]>
    </line>
    <line>
      <![CDATA[Applied house size range: 1000.0 - 1000.0]]>
    </line>
    <line>
      <![CDATA[Selected number of bedrooms: 9]]>
    </line>
    <line>
      <![CDATA[Selected number of bathrooms: 9]]>
    </line>
    <line>
      <![CDATA[URL after applying filters: https://ikman.lk/en/ads/sri-lanka/houses-for-sale?money.price.minimum=15000&money.price.maximum=200000&numeric.house_size.minimum=1000&numeric.house_size.maximum=1000&enum.bedrooms=9&enum.bathrooms=9]]>
    </line>
    <line>
      <![CDATA[Verified minimum price in URL: money.price.minimum=15000]]>
    </line>
    <line>
      <![CDATA[Verified maximum price in URL: money.price.maximum=200000]]>
    </line>
    <line>
      <![CDATA[Verified minimum house size in URL: numeric.house_size.minimum=1000]]>
    </line>
    <line>
      <![CDATA[Verified maximum house size in URL: numeric.house_size.maximum=1000]]>
    </line>
    <line>
      <![CDATA[Verified number of bedrooms in URL: enum.bedrooms=9]]>
    </line>
    <line>
      <![CDATA[Verified number of bathrooms in URL: enum.bathrooms=9]]>
    </line>
    <line>
      <![CDATA[Navigated to Ikman home page.]]>
    </line>
    <line>
      <![CDATA[Navigated to Ikman home page.]]>
    </line>
    <line>
      <![CDATA[Selected category: Vehicles]]>
    </line>
    <line>
      <![CDATA[Navigated to Auto Parts & Accessories category.]]>
    </line>
    <line>
      <![CDATA[Selected ad type: For Sale]]>
    </line>
    <line>
      <![CDATA[Selected category: Property]]>
    </line>
    <line>
      <![CDATA[Applied price range: 15000.0 - 200000.0]]>
    </line>
    <line>
      <![CDATA[Navigated to Houses For Sale category.]]>
    </line>
    <line>
      <![CDATA[Selected condition: reconditioned]]>
    </line>
    <line>
      <![CDATA[Selected ad type: Wanted]]>
    </line>
    <line>
      <![CDATA[URL after applying filters: https://ikman.lk/en/ads/sri-lanka/houses-for-sale?sort=date&order=desc&buy_now=0&urgent=0&type=to_buy&page=1]]>
    </line>
    <line>
      <![CDATA[Navigated to Ikman home page.]]>
    </line>
    <line>
      <![CDATA[Selected brand: Nissan, model: March]]>
    </line>
    <line>
      <![CDATA[Current URL: https://ikman.lk/en/ads/sri-lanka/auto-parts-accessories/nissan/march?money.price.minimum=15000&money.price.maximum=200000&enum.condition=reconditioned&tree.brand=nissan_nissan-march]]>
    </line>
    <line>
      <![CDATA[Verified minimum price in URL: money.price.minimum=15000]]>
    </line>
    <line>
      <![CDATA[Verified maximum price in URL: money.price.maximum=200000]]>
    </line>
    <line>
      <![CDATA[Verified condition in URL: enum.condition=reconditioned]]>
    </line>
    <line>
      <![CDATA[Verified brand and model in URL: tree.brand=nissan_nissan-march]]>
    </line>
    <line>
      <![CDATA[Navigated to Ikman home page.]]>
    </line>
    <line>
      <![CDATA[Selected category: Property]]>
    </line>
    <line>
      <![CDATA[Navigated to Houses For Sale category.]]>
    </line>
    <line>
      <![CDATA[Selected ad type: For Sale]]>
    </line>
    <line>
      <![CDATA[Applied price range: 15000.0 - null]]>
    </line>
    <line>
      <![CDATA[Selected category: Vehicles]]>
    </line>
    <line>
      <![CDATA[Navigated to Auto Parts & Accessories category.]]>
    </line>
    <line>
      <![CDATA[Selected ad type: Wanted]]>
    </line>
    <line>
      <![CDATA[Current URL: https://ikman.lk/en/ads/sri-lanka/auto-parts-accessories?sort=date&order=desc&buy_now=0&urgent=0&type=to_buy&page=1]]>
    </line>
    <line>
      <![CDATA[Applied house size range: 3000.0 - 100000.0]]>
    </line>
    <line>
      <![CDATA[Selected number of bedrooms: 5,6,7]]>
    </line>
    <line>
      <![CDATA[Selected number of bathrooms: 8,9,10]]>
    </line>
    <line>
      <![CDATA[URL after applying filters: https://ikman.lk/en/ads/sri-lanka/houses-for-sale?money.price.minimum=15000&numeric.house_size.minimum=3000&numeric.house_size.maximum=100000&enum.bedrooms=5,6,7&enum.bathrooms=8,9,10]]>
    </line>
    <line>
      <![CDATA[Verified minimum price in URL: money.price.minimum=15000]]>
    </line>
    <line>
      <![CDATA[Verified minimum house size in URL: numeric.house_size.minimum=3000]]>
    </line>
    <line>
      <![CDATA[Verified maximum house size in URL: numeric.house_size.maximum=100000]]>
    </line>
    <line>
      <![CDATA[Verified number of bedrooms in URL: enum.bedrooms=5,6,7]]>
    </line>
    <line>
      <![CDATA[Verified number of bathrooms in URL: enum.bathrooms=8,9,10]]>
    </line>
    <line>
      <![CDATA[Navigated to Ikman home page.]]>
    </line>
    <line>
      <![CDATA[Navigated to Ikman.lk Home Page]]>
    </line>
    <line>
      <![CDATA[Selected category: Vehicles]]>
    </line>
    <line>
      <![CDATA[Navigated to Auto Parts & Accessories category.]]>
    </line>
    <line>
      <![CDATA[Selected ad type: For Sale]]>
    </line>
    <line>
      <![CDATA[Applied price range: 15000.0 - null]]>
    </line>
    <line>
      <![CDATA[Selected category: Vehicles]]>
    </line>
    <line>
      <![CDATA[Navigated to Motorbikes page]]>
    </line>
    <line>
      <![CDATA[Applied Ad Type filter: For Sale]]>
    </line>
    <line>
      <![CDATA[Selected part types: Lighting & Indicators]]>
    </line>
    <line>
      <![CDATA[Selected brand: BMW, model: null]]>
    </line>
    <line>
      <![CDATA[Current URL: https://ikman.lk/en/ads/sri-lanka/auto-parts-accessories/bmw?money.price.minimum=15000&enum.item_type=lighting_indicators&tree.brand=bmw]]>
    </line>
    <line>
      <![CDATA[Verified minimum price in URL: money.price.minimum=15000]]>
    </line>
    <line>
      <![CDATA[Verified part type in URL: lighting_indicators]]>
    </line>
    <line>
      <![CDATA[Verified brand in URL: tree.brand=bmw]]>
    </line>
    <line>
      <![CDATA[Set price range filter: min = 10000.0, max = 50000.0]]>
    </line>
    <line>
      <![CDATA[Applied Condition filter: reconditioned]]>
    </line>
    <line>
      <![CDATA[Applied Bike Types filter: [Motorbikes]]]>
    </line>
    <line>
      <![CDATA[Navigated to Ikman.lk Home Page]]>
    </line>
    <line>
      <![CDATA[Set year of manufacture range: min = 2019.0, max = 2022.0]]>
    </line>
    <line>
      <![CDATA[Set mileage range: min = 40000.0, max = 60000.0]]>
    </line>
    <line>
      <![CDATA[Selected category: Home & Garden]]>
    </line>
    <line>
      <![CDATA[Navigated to Furniture page]]>
    </line>
    <line>
      <![CDATA[URL after applying filters: https://ikman.lk/en/ads/sri-lanka/motorbikes-scooters/bajaj/ct100?money.price.minimum=10000&money.price.maximum=50000&enum.condition=reconditioned&enum.item_type=motorbikes&numeric.model_year.minimum=2019&numeric.model_year.maximum=2022&numeric.mileage.minimum=40000&numeric.mileage.maximum=60000&tree.brand=bajaj_bajaj-ct100]]>
    </line>
    <line>
      <![CDATA[Verified minimum price in URL: money.price.minimum=10000]]>
    </line>
    <line>
      <![CDATA[Verified maximum price in URL: money.price.maximum=50000]]>
    </line>
    <line>
      <![CDATA[Verified minimum year of manufacture in URL: numeric.model_year.minimum=2019]]>
    </line>
    <line>
      <![CDATA[Verified maximum year of manufacture in URL: numeric.model_year.maximum=2022]]>
    </line>
    <line>
      <![CDATA[Verified minimum mileage in URL: numeric.mileage.minimum=40000]]>
    </line>
    <line>
      <![CDATA[Verified maximum mileage in URL: numeric.mileage.maximum=60000]]>
    </line>
    <line>
      <![CDATA[Verified condition in URL: enum.condition=reconditioned]]>
    </line>
    <line>
      <![CDATA[Verified bike type in URL: motorbikes]]>
    </line>
    <line>
      <![CDATA[Verified brand and model in URL: tree.brand=bajaj_bajaj-ct100]]>
    </line>
    <line>
      <![CDATA[Selected ad type: For Sale]]>
    </line>
    <line>
      <![CDATA[Navigated to Ikman.lk Home Page]]>
    </line>
    <line>
      <![CDATA[Set price range from 10000.0 to 50000.0]]>
    </line>
    <line>
      <![CDATA[Selected condition: New]]>
    </line>
    <line>
      <![CDATA[Selected category: Vehicles]]>
    </line>
    <line>
      <![CDATA[Selected furniture types: [Bedroom Furniture, Shelves & Pantry Cupboards]]]>
    </line>
    <line>
      <![CDATA[Navigated to Motorbikes page]]>
    </line>
    <line>
      <![CDATA[Applied Ad Type filter: For Sale]]>
    </line>
    <line>
      <![CDATA[Selected brands: [Arpico]]]>
    </line>
    <line>
      <![CDATA[URL after applying filters: https://ikman.lk/en/ads/sri-lanka/furniture/arpico?money.price.minimum=10000&money.price.maximum=50000&enum.condition=new&enum.item_type=bedroom,storage&enum.brand=arpico]]>
    </line>
    <line>
      <![CDATA[Verified min price in URL: money.price.minimum=10000]]>
    </line>
    <line>
      <![CDATA[Verified max price in URL: money.price.maximum=50000]]>
    </line>
    <line>
      <![CDATA[Verified condition in URL: enum.condition=new]]>
    </line>
    <line>
      <![CDATA[Verified furniture type in URL: bedroom]]>
    </line>
    <line>
      <![CDATA[Verified furniture type in URL: storage]]>
    </line>
    <line>
      <![CDATA[Verified brand in URL: arpico]]>
    </line>
    <line>
      <![CDATA[Navigated to Ikman.lk Home Page]]>
    </line>
    <line>
      <![CDATA[Set price range filter: min = 20000.0, max = 100000.0]]>
    </line>
    <line>
      <![CDATA[Applied Condition filter: used]]>
    </line>
    <line>
      <![CDATA[Applied Bike Types filter: [Scooters]]]>
    </line>
    <line>
      <![CDATA[Set year of manufacture range: min = null, max = 2019.0]]>
    </line>
    <line>
      <![CDATA[Set mileage range: min = 30000.0, max = 50000.0]]>
    </line>
    <line>
      <![CDATA[Selected category: Home & Garden]]>
    </line>
    <line>
      <![CDATA[Navigated to Furniture page]]>
    </line>
    <line>
      <![CDATA[Selected ad type: For Sale]]>
    </line>
    <line>
      <![CDATA[URL after applying filters: https://ikman.lk/en/ads/sri-lanka/motorbikes-scooters/honda/cb-shine?money.price.minimum=20000&money.price.maximum=100000&enum.condition=used&enum.item_type=scooters&numeric.model_year.maximum=2019&numeric.mileage.minimum=30000&numeric.mileage.maximum=50000&tree.brand=honda_honda-cb-shine]]>
    </line>
    <line>
      <![CDATA[Verified minimum price in URL: money.price.minimum=20000]]>
    </line>
    <line>
      <![CDATA[Verified maximum price in URL: money.price.maximum=100000]]>
    </line>
    <line>
      <![CDATA[Verified maximum year of manufacture in URL: numeric.model_year.maximum=2019]]>
    </line>
    <line>
      <![CDATA[Verified minimum mileage in URL: numeric.mileage.minimum=30000]]>
    </line>
    <line>
      <![CDATA[Verified maximum mileage in URL: numeric.mileage.maximum=50000]]>
    </line>
    <line>
      <![CDATA[Verified condition in URL: enum.condition=used]]>
    </line>
    <line>
      <![CDATA[Verified bike type in URL: scooters]]>
    </line>
    <line>
      <![CDATA[Verified brand and model in URL: tree.brand=honda_honda-cb-shine]]>
    </line>
    <line>
      <![CDATA[Navigated to Ikman.lk Home Page]]>
    </line>
    <line>
      <![CDATA[Set price range from 20000.0 to 100000.0]]>
    </line>
    <line>
      <![CDATA[Selected condition: Used]]>
    </line>
    <line>
      <![CDATA[Selected furniture types: [Tables & Chairs, Lighting, Textiles / decoration]]]>
    </line>
    <line>
      <![CDATA[Selected category: Vehicles]]>
    </line>
    <line>
      <![CDATA[Navigated to Motorbikes page]]>
    </line>
    <line>
      <![CDATA[Applied Ad Type filter: For Sale]]>
    </line>
    <line>
      <![CDATA[Selected brands: [E H Cooray, Softlogic]]]>
    </line>
    <line>
      <![CDATA[URL after applying filters: https://ikman.lk/en/ads/sri-lanka/furniture/softlogic?money.price.minimum=20000&money.price.maximum=100000&enum.condition=used&enum.item_type=table_chair,decoration,lightning&enum.brand=softlogic,e_h_cooray]]>
    </line>
    <line>
      <![CDATA[Verified min price in URL: money.price.minimum=20000]]>
    </line>
    <line>
      <![CDATA[Verified max price in URL: money.price.maximum=100000]]>
    </line>
    <line>
      <![CDATA[Verified condition in URL: enum.condition=used]]>
    </line>
    <line>
      <![CDATA[Verified furniture type in URL: table_chair]]>
    </line>
    <line>
      <![CDATA[Verified furniture type in URL: lightning]]>
    </line>
    <line>
      <![CDATA[Verified furniture type in URL: decoration]]>
    </line>
    <line>
      <![CDATA[Verified brand in URL: e_h_cooray]]>
    </line>
    <line>
      <![CDATA[Verified brand in URL: softlogic]]>
    </line>
    <line>
      <![CDATA[Set price range filter: min = 30000.0, max = 150000.0]]>
    </line>
    <line>
      <![CDATA[Applied Condition filter: new]]>
    </line>
    <line>
      <![CDATA[Applied Bike Types filter: [E-bikes]]]>
    </line>
    <line>
      <![CDATA[Navigated to Ikman.lk Home Page]]>
    </line>
    <line>
      <![CDATA[Set year of manufacture range: min = 2023.0, max = 2024.0]]>
    </line>
    <line>
      <![CDATA[Set mileage range: min = 20000.0, max = 35000.0]]>
    </line>
    <line>
      <![CDATA[URL after applying filters: https://ikman.lk/en/ads/sri-lanka/motorbikes-scooters/hero?money.price.minimum=30000&money.price.maximum=150000&enum.condition=new&enum.item_type=e_bikes&numeric.model_year.minimum=2023&numeric.model_year.maximum=2024&numeric.mileage.minimum=20000&numeric.mileage.maximum=35000&tree.brand=hero]]>
    </line>
    <line>
      <![CDATA[Verified minimum price in URL: money.price.minimum=30000]]>
    </line>
    <line>
      <![CDATA[Verified maximum price in URL: money.price.maximum=150000]]>
    </line>
    <line>
      <![CDATA[Verified minimum year of manufacture in URL: numeric.model_year.minimum=2023]]>
    </line>
    <line>
      <![CDATA[Verified maximum year of manufacture in URL: numeric.model_year.maximum=2024]]>
    </line>
    <line>
      <![CDATA[Verified minimum mileage in URL: numeric.mileage.minimum=20000]]>
    </line>
    <line>
      <![CDATA[Verified maximum mileage in URL: numeric.mileage.maximum=35000]]>
    </line>
    <line>
      <![CDATA[Verified condition in URL: enum.condition=new]]>
    </line>
    <line>
      <![CDATA[Verified bike type in URL: e_bikes]]>
    </line>
    <line>
      <![CDATA[Verified brand in URL: tree.brand=hero]]>
    </line>
    <line>
      <![CDATA[Selected category: Home & Garden]]>
    </line>
    <line>
      <![CDATA[Navigated to Ikman.lk Home Page]]>
    </line>
    <line>
      <![CDATA[Navigated to Furniture page]]>
    </line>
    <line>
      <![CDATA[Selected ad type: For Sale]]>
    </line>
    <line>
      <![CDATA[Selected category: Vehicles]]>
    </line>
    <line>
      <![CDATA[Set price range from 30000.0 to 150000.0]]>
    </line>
    <line>
      <![CDATA[Navigated to Motorbikes page]]>
    </line>
    <line>
      <![CDATA[Selected condition: New]]>
    </line>
    <line>
      <![CDATA[Applied Ad Type filter: For Sale]]>
    </line>
    <line>
      <![CDATA[Selected furniture types: [Living Room Furniture]]]>
    </line>
    <line>
      <![CDATA[Set price range filter: min = 15000.0, max = 200000.0]]>
    </line>
    <line>
      <![CDATA[Applied Condition filter: reconditioned]]>
    </line>
    <line>
      <![CDATA[Applied Bike Types filter: [Quadricycles]]]>
    </line>
    <line>
      <![CDATA[Set year of manufacture range: min = 2010.0, max = null]]>
    </line>
    <line>
      <![CDATA[Set mileage range: min = null, max = 19000.0]]>
    </line>
    <line>
      <![CDATA[URL after applying filters: https://ikman.lk/en/ads/sri-lanka/motorbikes-scooters/yamaha/r15?money.price.minimum=15000&money.price.maximum=200000&enum.condition=reconditioned&enum.item_type=quadricycles&numeric.model_year.minimum=2010&numeric.mileage.maximum=19000&tree.brand=yamaha_yamaha-r15]]>
    </line>
    <line>
      <![CDATA[Verified minimum price in URL: money.price.minimum=15000]]>
    </line>
    <line>
      <![CDATA[Verified maximum price in URL: money.price.maximum=200000]]>
    </line>
    <line>
      <![CDATA[Verified minimum year of manufacture in URL: numeric.model_year.minimum=2010]]>
    </line>
    <line>
      <![CDATA[Verified maximum mileage in URL: numeric.mileage.maximum=19000]]>
    </line>
    <line>
      <![CDATA[Verified condition in URL: enum.condition=reconditioned]]>
    </line>
    <line>
      <![CDATA[Verified bike type in URL: quadricycles]]>
    </line>
    <line>
      <![CDATA[Verified brand and model in URL: tree.brand=yamaha_yamaha-r15]]>
    </line>
    <line>
      <![CDATA[Selected brands: [Nilkamal, Don Corolis, Nisako]]]>
    </line>
    <line>
      <![CDATA[URL after applying filters: https://ikman.lk/en/ads/sri-lanka/furniture/nilkamal?money.price.minimum=30000&money.price.maximum=150000&enum.condition=new&enum.item_type=living_room&enum.brand=nilkamal,don_corolis,nisako]]>
    </line>
    <line>
      <![CDATA[Verified min price in URL: money.price.minimum=30000]]>
    </line>
    <line>
      <![CDATA[Verified max price in URL: money.price.maximum=150000]]>
    </line>
    <line>
      <![CDATA[Verified condition in URL: enum.condition=new]]>
    </line>
    <line>
      <![CDATA[Verified furniture type in URL: living_room]]>
    </line>
    <line>
      <![CDATA[Verified brand in URL: nilkamal]]>
    </line>
    <line>
      <![CDATA[Verified brand in URL: don_corolis]]>
    </line>
    <line>
      <![CDATA[Verified brand in URL: nisako]]>
    </line>
    <line>
      <![CDATA[Navigated to Ikman.lk Home Page]]>
    </line>
    <line>
      <![CDATA[Navigated to Ikman.lk Home Page]]>
    </line>
    <line>
      <![CDATA[Selected category: Vehicles]]>
    </line>
    <line>
      <![CDATA[Selected category: Home & Garden]]>
    </line>
    <line>
      <![CDATA[Navigated to Motorbikes page]]>
    </line>
    <line>
      <![CDATA[Navigated to Furniture page]]>
    </line>
    <line>
      <![CDATA[Selected ad type: For Sale]]>
    </line>
    <line>
      <![CDATA[Applied Ad Type filter: Wanted]]>
    </line>
    <line>
      <![CDATA[URL after applying filters: https://ikman.lk/en/ads/sri-lanka/motorbikes-scooters?sort=date&order=desc&buy_now=0&urgent=0&type=to_buy&page=1]]>
    </line>
    <line>
      <![CDATA[Navigated to Ikman.lk Home Page]]>
    </line>
    <line>
      <![CDATA[Set price range from 15000.0 to 200000.0]]>
    </line>
    <line>
      <![CDATA[Selected condition: Used]]>
    </line>
    <line>
      <![CDATA[Selected furniture types: [Shelves & Pantry Cupboards]]]>
    </line>
    <line>
      <![CDATA[URL after applying filters: https://ikman.lk/en/ads/sri-lanka/furniture?money.price.minimum=15000&money.price.maximum=200000&enum.condition=used&enum.item_type=storage]]>
    </line>
    <line>
      <![CDATA[Verified min price in URL: money.price.minimum=15000]]>
    </line>
    <line>
      <![CDATA[Verified max price in URL: money.price.maximum=200000]]>
    </line>
    <line>
      <![CDATA[Verified condition in URL: enum.condition=used]]>
    </line>
    <line>
      <![CDATA[Verified furniture type in URL: storage]]>
    </line>
    <line>
      <![CDATA[Selected category: Vehicles]]>
    </line>
    <line>
      <![CDATA[Navigated to Ikman.lk Home Page]]>
    </line>
    <line>
      <![CDATA[Navigated to Motorbikes page]]>
    </line>
    <line>
      <![CDATA[Applied Ad Type filter: For Sale]]>
    </line>
    <line>
      <![CDATA[Set price range filter: min = 15000.0, max = null]]>
    </line>
    <line>
      <![CDATA[Set year of manufacture range: min = 2015.0, max = 2015.0]]>
    </line>
    <line>
      <![CDATA[Selected category: Home & Garden]]>
    </line>
    <line>
      <![CDATA[Navigated to Furniture page]]>
    </line>
    <line>
      <![CDATA[Selected ad type: Wanted]]>
    </line>
    <line>
      <![CDATA[URL after applying filters: https://ikman.lk/en/ads/sri-lanka/furniture?sort=date&order=desc&buy_now=0&urgent=0&type=to_buy&page=1]]>
    </line>
    <line>
      <![CDATA[Set mileage range: min = 5000.0, max = 25000.0]]>
    </line>
    <line>
      <![CDATA[Navigated to Ikman.lk Home Page]]>
    </line>
    <line>
      <![CDATA[URL after applying filters: https://ikman.lk/en/ads/sri-lanka/motorbikes-scooters/tvs/zest?money.price.minimum=15000&numeric.model_year.minimum=2015&numeric.model_year.maximum=2015&numeric.mileage.minimum=5000&numeric.mileage.maximum=25000&tree.brand=tvs_tvs-zest]]>
    </line>
    <line>
      <![CDATA[Verified minimum price in URL: money.price.minimum=15000]]>
    </line>
    <line>
      <![CDATA[Verified minimum year of manufacture in URL: numeric.model_year.minimum=2015]]>
    </line>
    <line>
      <![CDATA[Verified maximum year of manufacture in URL: numeric.model_year.maximum=2015]]>
    </line>
    <line>
      <![CDATA[Verified minimum mileage in URL: numeric.mileage.minimum=5000]]>
    </line>
    <line>
      <![CDATA[Verified maximum mileage in URL: numeric.mileage.maximum=25000]]>
    </line>
    <line>
      <![CDATA[Verified brand and model in URL: tree.brand=tvs_tvs-zest]]>
    </line>
    <line>
      <![CDATA[Navigated to Ikman.lk Home Page]]>
    </line>
    <line>
      <![CDATA[Selected category: Home & Garden]]>
    </line>
    <line>
      <![CDATA[Navigated to Furniture page]]>
    </line>
    <line>
      <![CDATA[Selected ad type: For Sale]]>
    </line>
    <line>
      <![CDATA[Selected 'Home & Garden' category]]>
    </line>
    <line>
      <![CDATA[Navigated to 'Other Home Items' page]]>
    </line>
    <line>
      <![CDATA[Set price range from 15000.0 to null]]>
    </line>
    <line>
      <![CDATA[Selected ad type: For Sale]]>
    </line>
    <line>
      <![CDATA[Selected condition: Used]]>
    </line>
    <line>
      <![CDATA[Selected brands: [Nippon]]]>
    </line>
    <line>
      <![CDATA[URL after applying filters: https://ikman.lk/en/ads/sri-lanka/furniture/nippon?money.price.minimum=15000&enum.condition=used&enum.brand=nippon]]>
    </line>
    <line>
      <![CDATA[Verified min price in URL: money.price.minimum=15000]]>
    </line>
    <line>
      <![CDATA[Verified condition in URL: enum.condition=used]]>
    </line>
    <line>
      <![CDATA[Verified brand in URL: nippon]]>
    </line>
    <line>
      <![CDATA[Set price range from 10000.0 to 50000.0]]>
    </line>
    <line>
      <![CDATA[Selected condition: New]]>
    </line>
    <line>
      <![CDATA[URL after applying filters: https://ikman.lk/en/ads/sri-lanka/other-home-items?money.price.minimum=10000&money.price.maximum=50000&enum.condition=new]]>
    </line>
    <line>
      <![CDATA[Verified min price in URL: money.price.minimum=10000]]>
    </line>
    <line>
      <![CDATA[Verified max price in URL: money.price.maximum=50000]]>
    </line>
    <line>
      <![CDATA[Verified condition in URL: enum.condition=new]]>
    </line>
    <line>
      <![CDATA[Navigated to Ikman.lk Home Page]]>
    </line>
    <line>
      <![CDATA[Selected 'Home & Garden' category]]>
    </line>
    <line>
      <![CDATA[Navigated to 'Other Home Items' page]]>
    </line>
    <line>
      <![CDATA[Selected ad type: For Sale]]>
    </line>
    <line>
      <![CDATA[Set price range from 20000.0 to 100000.0]]>
    </line>
    <line>
      <![CDATA[Selected condition: Used]]>
    </line>
    <line>
      <![CDATA[URL after applying filters: https://ikman.lk/en/ads/sri-lanka/other-home-items?money.price.minimum=20000&money.price.maximum=100000&enum.condition=used]]>
    </line>
    <line>
      <![CDATA[Verified min price in URL: money.price.minimum=20000]]>
    </line>
    <line>
      <![CDATA[Verified max price in URL: money.price.maximum=100000]]>
    </line>
    <line>
      <![CDATA[Verified condition in URL: enum.condition=used]]>
    </line>
    <line>
      <![CDATA[Navigated to Ikman.lk Home Page]]>
    </line>
    <line>
      <![CDATA[Selected 'Home & Garden' category]]>
    </line>
    <line>
      <![CDATA[Navigated to 'Other Home Items' page]]>
    </line>
    <line>
      <![CDATA[Selected ad type: For Sale]]>
    </line>
    <line>
      <![CDATA[Set price range from 30000.0 to 150000.0]]>
    </line>
    <line>
      <![CDATA[Selected condition: New]]>
    </line>
    <line>
      <![CDATA[URL after applying filters: https://ikman.lk/en/ads/sri-lanka/other-home-items?money.price.minimum=30000&money.price.maximum=150000&enum.condition=new]]>
    </line>
    <line>
      <![CDATA[Verified min price in URL: money.price.minimum=30000]]>
    </line>
    <line>
      <![CDATA[Verified max price in URL: money.price.maximum=150000]]>
    </line>
    <line>
      <![CDATA[Verified condition in URL: enum.condition=new]]>
    </line>
    <line>
      <![CDATA[Navigated to Ikman.lk Home Page]]>
    </line>
    <line>
      <![CDATA[Selected 'Home & Garden' category]]>
    </line>
    <line>
      <![CDATA[Navigated to 'Other Home Items' page]]>
    </line>
    <line>
      <![CDATA[Selected ad type: For Sale]]>
    </line>
    <line>
      <![CDATA[Set price range from 15000.0 to 200000.0]]>
    </line>
    <line>
      <![CDATA[Selected condition: Used]]>
    </line>
    <line>
      <![CDATA[URL after applying filters: https://ikman.lk/en/ads/sri-lanka/other-home-items?money.price.minimum=15000&money.price.maximum=200000&enum.condition=used]]>
    </line>
    <line>
      <![CDATA[Verified min price in URL: money.price.minimum=15000]]>
    </line>
    <line>
      <![CDATA[Verified max price in URL: money.price.maximum=200000]]>
    </line>
    <line>
      <![CDATA[Verified condition in URL: enum.condition=used]]>
    </line>
    <line>
      <![CDATA[Navigated to Ikman.lk Home Page]]>
    </line>
    <line>
      <![CDATA[Selected 'Home & Garden' category]]>
    </line>
    <line>
      <![CDATA[Navigated to 'Other Home Items' page]]>
    </line>
    <line>
      <![CDATA[Selected ad type: Wanted]]>
    </line>
    <line>
      <![CDATA[URL after applying filters: https://ikman.lk/en/ads/sri-lanka/other-home-items?sort=date&order=desc&buy_now=0&urgent=0&type=to_buy&page=1]]>
    </line>
    <line>
      <![CDATA[Navigated to Ikman.lk Home Page]]>
    </line>
    <line>
      <![CDATA[Selected 'Home & Garden' category]]>
    </line>
    <line>
      <![CDATA[Navigated to 'Other Home Items' page]]>
    </line>
    <line>
      <![CDATA[Selected ad type: For Sale]]>
    </line>
    <line>
      <![CDATA[Set price range from 15000.0 to null]]>
    </line>
    <line>
      <![CDATA[Selected condition: Used]]>
    </line>
    <line>
      <![CDATA[URL after applying filters: https://ikman.lk/en/ads/sri-lanka/other-home-items?money.price.minimum=15000&enum.condition=used]]>
    </line>
    <line>
      <![CDATA[Verified min price in URL: money.price.minimum=15000]]>
    </line>
    <line>
      <![CDATA[Verified condition in URL: enum.condition=used]]>
    </line>
  </reporter-output>
  <suite started-at="2024-11-05T07:47:13 UTC" name="All Test Suite" finished-at="2024-11-05T08:05:17 UTC" duration-ms="1083795">
    <groups>
    </groups>
    <test started-at="2024-11-05T07:47:13 UTC" name="C:/src/SQA Projects/pageobjectmodel-ikmanlk" finished-at="2024-11-05T08:05:17 UTC" duration-ms="1083795">
      <class name="test.IkmanlkTests">
        <test-method is-config="true" signature="initializeBrowser()[pri:0, instance:test.IkmanlkTests@48e4374]" started-at="2024-11-05T07:47:13 UTC" name="initializeBrowser" finished-at="2024-11-05T07:47:16 UTC" duration-ms="2731" status="PASS">
          <reporter-output>
          </reporter-output>
        </test-method> <!-- initializeBrowser -->
        <test-method signature="testSearchFunctionality(java.lang.String)[pri:0, instance:test.IkmanlkTests@48e4374]" started-at="2024-11-05T07:47:16 UTC" name="testSearchFunctionality" data-provider="dataForSearchFunctionality" finished-at="2024-11-05T07:47:36 UTC" duration-ms="19828" status="PASS">
          <params>
            <param index="0">
              <value>
                <![CDATA[laptop]]>
              </value>
            </param>
          </params>
          <reporter-output>
            <line>
              <![CDATA[Navigated to Ikman.lk home page.]]>
            </line>
            <line>
              <![CDATA[Entered search query: laptop]]>
            </line>
            <line>
              <![CDATA[Search result heading contains the search query.]]>
            </line>
            <line>
              <![CDATA[Search results displayed for query: laptop in sri lanka]]>
            </line>
          </reporter-output>
        </test-method> <!-- testSearchFunctionality -->
        <test-method signature="testCategoryInHomePage(java.lang.String,java.lang.String,java.lang.String)[pri:0, instance:test.IkmanlkTests@48e4374]" started-at="2024-11-05T07:47:16 UTC" name="testCategoryInHomePage" data-provider="dataForTestCategory" finished-at="2024-11-05T07:47:57 UTC" duration-ms="40306" status="PASS">
          <params>
            <param index="0">
              <value>
                <![CDATA[Colombo]]>
              </value>
            </param>
            <param index="1">
              <value>
                <![CDATA[Maharagama]]>
              </value>
            </param>
            <param index="2">
              <value>
                <![CDATA[Electronics]]>
              </value>
            </param>
          </params>
          <reporter-output>
            <line>
              <![CDATA[Navigated to Ikman.lk home page.]]>
            </line>
            <line>
              <![CDATA[Selected district: Colombo]]>
            </line>
            <line>
              <![CDATA[Selected area: Maharagama]]>
            </line>
            <line>
              <![CDATA[Selected category: Electronics]]>
            </line>
            <line>
              <![CDATA[Verifying that the title is displayed for the selected category page.]]>
            </line>
          </reporter-output>
        </test-method> <!-- testCategoryInHomePage -->
        <test-method signature="testSearchFunctionality(java.lang.String)[pri:0, instance:test.IkmanlkTests@48e4374]" started-at="2024-11-05T07:47:36 UTC" name="testSearchFunctionality" data-provider="dataForSearchFunctionality" finished-at="2024-11-05T07:47:42 UTC" duration-ms="6141" status="PASS">
          <params>
            <param index="0">
              <value>
                <![CDATA[designer leather bag]]>
              </value>
            </param>
          </params>
          <reporter-output>
            <line>
              <![CDATA[Navigated to Ikman.lk home page.]]>
            </line>
            <line>
              <![CDATA[Entered search query: designer leather bag]]>
            </line>
            <line>
              <![CDATA[Search result heading contains the search query.]]>
            </line>
            <line>
              <![CDATA['No results found!' message displayed for query: designer leather bag in sri lanka]]>
            </line>
          </reporter-output>
        </test-method> <!-- testSearchFunctionality -->
        <test-method signature="testSearchFunctionality(java.lang.String)[pri:0, instance:test.IkmanlkTests@48e4374]" started-at="2024-11-05T07:47:42 UTC" name="testSearchFunctionality" data-provider="dataForSearchFunctionality" finished-at="2024-11-05T07:47:59 UTC" duration-ms="16820" status="PASS">
          <params>
            <param index="0">
              <value>
                <![CDATA[used car]]>
              </value>
            </param>
          </params>
          <reporter-output>
            <line>
              <![CDATA[Navigated to Ikman.lk home page.]]>
            </line>
            <line>
              <![CDATA[Entered search query: used car]]>
            </line>
            <line>
              <![CDATA[Search result heading contains the search query.]]>
            </line>
            <line>
              <![CDATA[Search results displayed for query: used car in sri lanka]]>
            </line>
          </reporter-output>
        </test-method> <!-- testSearchFunctionality -->
        <test-method signature="testCategoryInHomePage(java.lang.String,java.lang.String,java.lang.String)[pri:0, instance:test.IkmanlkTests@48e4374]" started-at="2024-11-05T07:47:57 UTC" name="testCategoryInHomePage" data-provider="dataForTestCategory" finished-at="2024-11-05T07:48:22 UTC" duration-ms="25245" status="PASS">
          <params>
            <param index="0">
              <value>
                <![CDATA[Ampara]]>
              </value>
            </param>
            <param index="1">
              <value>
                <![CDATA[Ampara City]]>
              </value>
            </param>
            <param index="2">
              <value>
                <![CDATA[Vehicles]]>
              </value>
            </param>
          </params>
          <reporter-output>
            <line>
              <![CDATA[Navigated to Ikman.lk home page.]]>
            </line>
            <line>
              <![CDATA[Selected district: Ampara]]>
            </line>
            <line>
              <![CDATA[Selected area: Ampara City]]>
            </line>
            <line>
              <![CDATA[Selected category: Vehicles]]>
[...]
              <value>
                <![CDATA[15000.0]]>
              </value>
            </param>
            <param index="4">
              <value is-null="true"/>
            </param>
            <param index="5">
              <value>
                <![CDATA[TVS]]>
              </value>
            </param>
            <param index="6">
              <value>
                <![CDATA[Zest]]>
              </value>
            </param>
            <param index="7">
              <value>
                <![CDATA[2015.0]]>
              </value>
            </param>
            <param index="8">
              <value>
                <![CDATA[2015.0]]>
              </value>
            </param>
            <param index="9">
              <value>
                <![CDATA[5000.0]]>
              </value>
            </param>
            <param index="10">
              <value>
                <![CDATA[25000.0]]>
              </value>
            </param>
          </params>
          <reporter-output>
            <line>
              <![CDATA[Navigated to Ikman.lk Home Page]]>
            </line>
            <line>
              <![CDATA[Selected category: Vehicles]]>
            </line>
            <line>
              <![CDATA[Navigated to Motorbikes page]]>
            </line>
            <line>
              <![CDATA[Applied Ad Type filter: For Sale]]>
            </line>
            <line>
              <![CDATA[Set price range filter: min = 15000.0, max = null]]>
            </line>
            <line>
              <![CDATA[Set year of manufacture range: min = 2015.0, max = 2015.0]]>
            </line>
            <line>
              <![CDATA[Set mileage range: min = 5000.0, max = 25000.0]]>
            </line>
            <line>
              <![CDATA[URL after applying filters: https://ikman.lk/en/ads/sri-lanka/motorbikes-scooters/tvs/zest?money.price.minimum=15000&numeric.model_year.minimum=2015&numeric.model_year.maximum=2015&numeric.mileage.minimum=5000&numeric.mileage.maximum=25000&tree.brand=tvs_tvs-zest]]>
            </line>
            <line>
              <![CDATA[Verified minimum price in URL: money.price.minimum=15000]]>
            </line>
            <line>
              <![CDATA[Verified minimum year of manufacture in URL: numeric.model_year.minimum=2015]]>
            </line>
            <line>
              <![CDATA[Verified maximum year of manufacture in URL: numeric.model_year.maximum=2015]]>
            </line>
            <line>
              <![CDATA[Verified minimum mileage in URL: numeric.mileage.minimum=5000]]>
            </line>
            <line>
              <![CDATA[Verified maximum mileage in URL: numeric.mileage.maximum=25000]]>
            </line>
            <line>
              <![CDATA[Verified brand and model in URL: tree.brand=tvs_tvs-zest]]>
            </line>
          </reporter-output>
        </test-method> <!-- testFiltersInMotorBikesPage -->
        <test-method signature="testFiltersInFurniturePage(java.lang.String,java.lang.String,java.lang.Double,java.lang.Double,java.lang.String,java.lang.String)[pri:0, instance:test.IkmanlkTests@48e4374]" started-at="2024-11-05T08:03:32 UTC" name="testFiltersInFurniturePage" data-provider="dataForFurniturePageFilters" finished-at="2024-11-05T08:03:48 UTC" duration-ms="16033" status="PASS">
          <params>
            <param index="0">
              <value>
                <![CDATA[Wanted]]>
              </value>
            </param>
            <param index="1">
              <value is-null="true"/>
            </param>
            <param index="2">
              <value is-null="true"/>
            </param>
            <param index="3">
              <value is-null="true"/>
            </param>
            <param index="4">
              <value is-null="true"/>
            </param>
            <param index="5">
              <value is-null="true"/>
            </param>
          </params>
          <reporter-output>
            <line>
              <![CDATA[Navigated to Ikman.lk Home Page]]>
            </line>
            <line>
              <![CDATA[Selected category: Home & Garden]]>
            </line>
            <line>
              <![CDATA[Navigated to Furniture page]]>
            </line>
            <line>
              <![CDATA[Selected ad type: Wanted]]>
            </line>
            <line>
              <![CDATA[URL after applying filters: https://ikman.lk/en/ads/sri-lanka/furniture?sort=date&order=desc&buy_now=0&urgent=0&type=to_buy&page=1]]>
            </line>
          </reporter-output>
        </test-method> <!-- testFiltersInFurniturePage -->
        <test-method signature="testFiltersInFurniturePage(java.lang.String,java.lang.String,java.lang.Double,java.lang.Double,java.lang.String,java.lang.String)[pri:0, instance:test.IkmanlkTests@48e4374]" started-at="2024-11-05T08:03:48 UTC" name="testFiltersInFurniturePage" data-provider="dataForFurniturePageFilters" finished-at="2024-11-05T08:04:09 UTC" duration-ms="20830" status="PASS">
          <params>
            <param index="0">
              <value>
                <![CDATA[For Sale]]>
              </value>
            </param>
            <param index="1">
              <value>
                <![CDATA[Used]]>
              </value>
            </param>
            <param index="2">
              <value>
                <![CDATA[15000.0]]>
              </value>
            </param>
            <param index="3">
              <value is-null="true"/>
            </param>
            <param index="4">
              <value is-null="true"/>
            </param>
            <param index="5">
              <value>
                <![CDATA[Nippon]]>
              </value>
            </param>
          </params>
          <reporter-output>
            <line>
              <![CDATA[Navigated to Ikman.lk Home Page]]>
            </line>
            <line>
              <![CDATA[Selected category: Home & Garden]]>
            </line>
            <line>
              <![CDATA[Navigated to Furniture page]]>
            </line>
            <line>
              <![CDATA[Selected ad type: For Sale]]>
            </line>
            <line>
              <![CDATA[Set price range from 15000.0 to null]]>
            </line>
            <line>
              <![CDATA[Selected condition: Used]]>
            </line>
            <line>
              <![CDATA[Selected brands: [Nippon]]]>
            </line>
            <line>
              <![CDATA[URL after applying filters: https://ikman.lk/en/ads/sri-lanka/furniture/nippon?money.price.minimum=15000&enum.condition=used&enum.brand=nippon]]>
            </line>
            <line>
              <![CDATA[Verified min price in URL: money.price.minimum=15000]]>
            </line>
            <line>
              <![CDATA[Verified condition in URL: enum.condition=used]]>
            </line>
            <line>
              <![CDATA[Verified brand in URL: nippon]]>
            </line>
          </reporter-output>
        </test-method> <!-- testFiltersInFurniturePage -->
        <test-method signature="testFiltersInOtherHomeItemsPage(java.lang.String,java.lang.String,java.lang.Double,java.lang.Double)[pri:0, instance:test.IkmanlkTests@48e4374]" started-at="2024-11-05T08:03:53 UTC" name="testFiltersInOtherHomeItemsPage" data-provider="dataForOtherHomeItemsPageFilters" finished-at="2024-11-05T08:04:10 UTC" duration-ms="16949" status="PASS">
          <params>
            <param index="0">
              <value>
                <![CDATA[For Sale]]>
              </value>
            </param>
            <param index="1">
              <value>
                <![CDATA[New]]>
              </value>
            </param>
            <param index="2">
              <value>
                <![CDATA[10000.0]]>
              </value>
            </param>
            <param index="3">
              <value>
                <![CDATA[50000.0]]>
              </value>
            </param>
          </params>
          <reporter-output>
            <line>
              <![CDATA[Navigated to Ikman.lk Home Page]]>
            </line>
            <line>
              <![CDATA[Selected 'Home & Garden' category]]>
            </line>
            <line>
              <![CDATA[Navigated to 'Other Home Items' page]]>
            </line>
            <line>
              <![CDATA[Selected ad type: For Sale]]>
            </line>
            <line>
              <![CDATA[Set price range from 10000.0 to 50000.0]]>
            </line>
            <line>
              <![CDATA[Selected condition: New]]>
            </line>
            <line>
              <![CDATA[URL after applying filters: https://ikman.lk/en/ads/sri-lanka/other-home-items?money.price.minimum=10000&money.price.maximum=50000&enum.condition=new]]>
            </line>
            <line>
              <![CDATA[Verified min price in URL: money.price.minimum=10000]]>
            </line>
            <line>
              <![CDATA[Verified max price in URL: money.price.maximum=50000]]>
            </line>
            <line>
              <![CDATA[Verified condition in URL: enum.condition=new]]>
            </line>
          </reporter-output>
        </test-method> <!-- testFiltersInOtherHomeItemsPage -->
        <test-method signature="testFiltersInOtherHomeItemsPage(java.lang.String,java.lang.String,java.lang.Double,java.lang.Double)[pri:0, instance:test.IkmanlkTests@48e4374]" started-at="2024-11-05T08:04:10 UTC" name="testFiltersInOtherHomeItemsPage" data-provider="dataForOtherHomeItemsPageFilters" finished-at="2024-11-05T08:04:23 UTC" duration-ms="13383" status="PASS">
          <params>
            <param index="0">
              <value>
                <![CDATA[For Sale]]>
              </value>
            </param>
            <param index="1">
              <value>
                <![CDATA[Used]]>
              </value>
            </param>
            <param index="2">
              <value>
                <![CDATA[20000.0]]>
              </value>
            </param>
            <param index="3">
              <value>
                <![CDATA[100000.0]]>
              </value>
            </param>
          </params>
          <reporter-output>
            <line>
              <![CDATA[Navigated to Ikman.lk Home Page]]>
            </line>
            <line>
              <![CDATA[Selected 'Home & Garden' category]]>
            </line>
            <line>
              <![CDATA[Navigated to 'Other Home Items' page]]>
            </line>
            <line>
              <![CDATA[Selected ad type: For Sale]]>
            </line>
            <line>
              <![CDATA[Set price range from 20000.0 to 100000.0]]>
            </line>
            <line>
              <![CDATA[Selected condition: Used]]>
            </line>
            <line>
              <![CDATA[URL after applying filters: https://ikman.lk/en/ads/sri-lanka/other-home-items?money.price.minimum=20000&money.price.maximum=100000&enum.condition=used]]>
            </line>
            <line>
              <![CDATA[Verified min price in URL: money.price.minimum=20000]]>
            </line>
            <line>
              <![CDATA[Verified max price in URL: money.price.maximum=100000]]>
            </line>
            <line>
              <![CDATA[Verified condition in URL: enum.condition=used]]>
            </line>
          </reporter-output>
        </test-method> <!-- testFiltersInOtherHomeItemsPage -->
        <test-method signature="testFiltersInOtherHomeItemsPage(java.lang.String,java.lang.String,java.lang.Double,java.lang.Double)[pri:0, instance:test.IkmanlkTests@48e4374]" started-at="2024-11-05T08:04:23 UTC" name="testFiltersInOtherHomeItemsPage" data-provider="dataForOtherHomeItemsPageFilters" finished-at="2024-11-05T08:04:39 UTC" duration-ms="15317" status="PASS">
          <params>
            <param index="0">
              <value>
                <![CDATA[For Sale]]>
              </value>
            </param>
            <param index="1">
              <value>
                <![CDATA[New]]>
              </value>
            </param>
            <param index="2">
              <value>
                <![CDATA[30000.0]]>
              </value>
            </param>
            <param index="3">
              <value>
                <![CDATA[150000.0]]>
              </value>
            </param>
          </params>
          <reporter-output>
            <line>
              <![CDATA[Navigated to Ikman.lk Home Page]]>
            </line>
            <line>
              <![CDATA[Selected 'Home & Garden' category]]>
            </line>
            <line>
              <![CDATA[Navigated to 'Other Home Items' page]]>
            </line>
            <line>
              <![CDATA[Selected ad type: For Sale]]>
            </line>
            <line>
              <![CDATA[Set price range from 30000.0 to 150000.0]]>
            </line>
            <line>
              <![CDATA[Selected condition: New]]>
            </line>
            <line>
              <![CDATA[URL after applying filters: https://ikman.lk/en/ads/sri-lanka/other-home-items?money.price.minimum=30000&money.price.maximum=150000&enum.condition=new]]>
            </line>
            <line>
              <![CDATA[Verified min price in URL: money.price.minimum=30000]]>
            </line>
            <line>
              <![CDATA[Verified max price in URL: money.price.maximum=150000]]>
            </line>
            <line>
              <![CDATA[Verified condition in URL: enum.condition=new]]>
            </line>
          </reporter-output>
        </test-method> <!-- testFiltersInOtherHomeItemsPage -->
        <test-method signature="testFiltersInOtherHomeItemsPage(java.lang.String,java.lang.String,java.lang.Double,java.lang.Double)[pri:0, instance:test.IkmanlkTests@48e4374]" started-at="2024-11-05T08:04:39 UTC" name="testFiltersInOtherHomeItemsPage" data-provider="dataForOtherHomeItemsPageFilters" finished-at="2024-11-05T08:04:55 UTC" duration-ms="16692" status="PASS">
          <params>
            <param index="0">
              <value>
                <![CDATA[For Sale]]>
              </value>
            </param>
            <param index="1">
              <value>
                <![CDATA[Used]]>
              </value>
            </param>
            <param index="2">
              <value>
                <![CDATA[15000.0]]>
              </value>
            </param>
            <param index="3">
              <value>
                <![CDATA[200000.0]]>
              </value>
            </param>
          </params>
          <reporter-output>
            <line>
              <![CDATA[Navigated to Ikman.lk Home Page]]>
            </line>
            <line>
              <![CDATA[Selected 'Home & Garden' category]]>
            </line>
            <line>
              <![CDATA[Navigated to 'Other Home Items' page]]>
            </line>
            <line>
              <![CDATA[Selected ad type: For Sale]]>
            </line>
            <line>
              <![CDATA[Set price range from 15000.0 to 200000.0]]>
            </line>
            <line>
              <![CDATA[Selected condition: Used]]>
            </line>
            <line>
              <![CDATA[URL after applying filters: https://ikman.lk/en/ads/sri-lanka/other-home-items?money.price.minimum=15000&money.price.maximum=200000&enum.condition=used]]>
            </line>
            <line>
              <![CDATA[Verified min price in URL: money.price.minimum=15000]]>
            </line>
            <line>
              <![CDATA[Verified max price in URL: money.price.maximum=200000]]>
            </line>
            <line>
              <![CDATA[Verified condition in URL: enum.condition=used]]>
            </line>
          </reporter-output>
        </test-method> <!-- testFiltersInOtherHomeItemsPage -->
        <test-method signature="testFiltersInOtherHomeItemsPage(java.lang.String,java.lang.String,java.lang.Double,java.lang.Double)[pri:0, instance:test.IkmanlkTests@48e4374]" started-at="2024-11-05T08:04:55 UTC" name="testFiltersInOtherHomeItemsPage" data-provider="dataForOtherHomeItemsPageFilters" finished-at="2024-11-05T08:05:05 UTC" duration-ms="9427" status="PASS">
          <params>
            <param index="0">
              <value>
                <![CDATA[Wanted]]>
              </value>
            </param>
            <param index="1">
              <value is-null="true"/>
            </param>
            <param index="2">
              <value is-null="true"/>
            </param>
            <param index="3">
              <value is-null="true"/>
            </param>
          </params>
          <reporter-output>
            <line>
              <![CDATA[Navigated to Ikman.lk Home Page]]>
            </line>
            <line>
              <![CDATA[Selected 'Home & Garden' category]]>
            </line>
            <line>
              <![CDATA[Navigated to 'Other Home Items' page]]>
            </line>
            <line>
              <![CDATA[Selected ad type: Wanted]]>
            </line>
            <line>
              <![CDATA[URL after applying filters: https://ikman.lk/en/ads/sri-lanka/other-home-items?sort=date&order=desc&buy_now=0&urgent=0&type=to_buy&page=1]]>
            </line>
          </reporter-output>
        </test-method> <!-- testFiltersInOtherHomeItemsPage -->
        <test-method signature="testFiltersInOtherHomeItemsPage(java.lang.String,java.lang.String,java.lang.Double,java.lang.Double)[pri:0, instance:test.IkmanlkTests@48e4374]" started-at="2024-11-05T08:05:05 UTC" name="testFiltersInOtherHomeItemsPage" data-provider="dataForOtherHomeItemsPageFilters" finished-at="2024-11-05T08:05:16 UTC" duration-ms="11766" status="PASS">
          <params>
            <param index="0">
              <value>
                <![CDATA[For Sale]]>
              </value>
            </param>
            <param index="1">
              <value>
                <![CDATA[Used]]>
              </value>
            </param>
            <param index="2">
              <value>
                <![CDATA[15000.0]]>
              </value>
            </param>
            <param index="3">
              <value is-null="true"/>
            </param>
          </params>
          <reporter-output>
            <line>
              <![CDATA[Navigated to Ikman.lk Home Page]]>
            </line>
            <line>
              <![CDATA[Selected 'Home & Garden' category]]>
            </line>
            <line>
              <![CDATA[Navigated to 'Other Home Items' page]]>
            </line>
            <line>
              <![CDATA[Selected ad type: For Sale]]>
            </line>
            <line>
              <![CDATA[Set price range from 15000.0 to null]]>
            </line>
            <line>
              <![CDATA[Selected condition: Used]]>
            </line>
            <line>
              <![CDATA[URL after applying filters: https://ikman.lk/en/ads/sri-lanka/other-home-items?money.price.minimum=15000&enum.condition=used]]>
            </line>
            <line>
              <![CDATA[Verified min price in URL: money.price.minimum=15000]]>
            </line>
            <line>
              <![CDATA[Verified condition in URL: enum.condition=used]]>
            </line>
          </reporter-output>
        </test-method> <!-- testFiltersInOtherHomeItemsPage -->
        <test-method is-config="true" signature="closeBrowser()[pri:0, instance:test.IkmanlkTests@48e4374]" started-at="2024-11-05T08:05:16 UTC" name="closeBrowser" finished-at="2024-11-05T08:05:17 UTC" duration-ms="137" status="PASS">
          <reporter-output>
          </reporter-output>
        </test-method> <!-- closeBrowser -->
      </class> <!-- test.IkmanlkTests -->
    </test> <!-- C:/src/SQA Projects/pageobjectmodel-ikmanlk -->
  </suite> <!-- All Test Suite -->
</testng-results>
